Log file open, 01/13/20 12:36:50
LogWindows: Failed to load 'aqProf.dll' (GetLastError=126)
LogWindows: File 'aqProf.dll' does not exist
LogWindows: Failed to load 'VtuneApi.dll' (GetLastError=126)
LogWindows: File 'VtuneApi.dll' does not exist
LogWindows: Failed to load 'VtuneApi32e.dll' (GetLastError=126)
LogWindows: File 'VtuneApi32e.dll' does not exist
LogInit: Display: Running engine for game: Game
LogPlatformFile: Not using cached read wrapper
LogInit: Display: RandInit(-1583017659) SRandInit(-1583017659).
LogTaskGraph: Started task graph with 5 named threads and 20 total threads with 3 sets of task threads.
LogStats: Stats thread started at 0.223362
LogD3D11RHI: Aftermath initialized
LogPluginManager: Mounting plugin Paper2D
LogPluginManager: Mounting plugin LightPropagationVolume
LogPluginManager: Mounting plugin CodeLiteSourceCodeAccess
LogPluginManager: Mounting plugin GitSourceControl
LogPluginManager: Mounting plugin KDevelopSourceCodeAccess
LogPluginManager: Mounting plugin NullSourceCodeAccess
LogPluginManager: Mounting plugin PerforceSourceControl
LogPluginManager: Mounting plugin SubversionSourceControl
LogPluginManager: Mounting plugin UObjectPlugin
LogPluginManager: Mounting plugin VisualStudioSourceCodeAccess
LogPluginManager: Mounting plugin XCodeSourceCodeAccess
LogPluginManager: Mounting plugin AssetManagerEditor
LogPluginManager: Mounting plugin AudioCapture
LogPluginManager: Mounting plugin FacialAnimation
LogPluginManager: Mounting plugin GameplayTagsEditor
LogPluginManager: Mounting plugin MobileLauncherProfileWizard
LogPluginManager: Mounting plugin PluginBrowser
LogPluginManager: Mounting plugin SpeedTreeImporter
LogPluginManager: Mounting plugin AlembicImporter
LogPluginManager: Mounting plugin CharacterAI
LogPluginManager: Mounting plugin HTML5Networking
LogPluginManager: Mounting plugin AndroidMedia
LogPluginManager: Mounting plugin AvfMedia
LogPluginManager: Mounting plugin MediaPlayerEditor
LogPluginManager: Mounting plugin WmfMedia
LogPluginManager: Mounting plugin TcpMessaging
LogPluginManager: Mounting plugin UdpMessaging
LogPluginManager: Mounting plugin LevelSequenceEditor
LogPluginManager: Mounting plugin MatineeToLevelSequence
LogPluginManager: Mounting plugin OnlineSubsystemGooglePlay
LogPluginManager: Mounting plugin OnlineSubsystemIOS
LogPluginManager: Mounting plugin OnlineSubsystem
LogPluginManager: Mounting plugin OnlineSubsystemNull
LogPluginManager: Mounting plugin OnlineSubsystemUtils
LogPluginManager: Mounting plugin AndroidDeviceProfileSelector
LogPluginManager: Mounting plugin AndroidMoviePlayer
LogPluginManager: Mounting plugin AndroidPermission
LogPluginManager: Mounting plugin AppleMoviePlayer
LogPluginManager: Mounting plugin ArchVisCharacter
LogPluginManager: Mounting plugin CableComponent
LogPluginManager: Mounting plugin CustomMeshComponent
LogPluginManager: Mounting plugin ExampleDeviceProfileSelector
LogPluginManager: Mounting plugin GoogleCloudMessaging
LogPluginManager: Mounting plugin ImmediatePhysics
LogPluginManager: Mounting plugin IOSDeviceProfileSelector
LogPluginManager: Mounting plugin LinuxDeviceProfileSelector
LogPluginManager: Mounting plugin LocationServicesBPLibrary
LogPluginManager: Mounting plugin MobilePatchingUtils
LogPluginManager: Mounting plugin OculusVR
LogPluginManager: Mounting plugin PhysXVehicles
LogPluginManager: Mounting plugin ProceduralMeshComponent
LogPluginManager: Mounting plugin RuntimePhysXCooking
LogPluginManager: Mounting plugin SteamVR
LogPluginManager: Mounting plugin WindowsMoviePlayer
LogInit: Using libcurl 7.47.1
LogInit:  - built for x86_64-pc-win32
LogInit:  - supports SSL with OpenSSL/1.0.2g
LogInit:  - supports HTTP deflate (compression) using libz 1.2.8
LogInit:  - other features:
LogInit:      CURL_VERSION_SSL
LogInit:      CURL_VERSION_LIBZ
LogInit:      CURL_VERSION_IPV6
LogInit:      CURL_VERSION_ASYNCHDNS
LogInit:      CURL_VERSION_LARGEFILE
LogInit:      CURL_VERSION_IDN
LogInit:  CurlRequestOptions (configurable via config and command line):
LogInit:  - bVerifyPeer = false  - Libcurl will NOT verify peer certificate
LogInit:  - bUseHttpProxy = false  - Libcurl will NOT use HTTP proxy
LogInit:  - bDontReuseConnections = false  - Libcurl will reuse connections
LogInit:  - CertBundlePath = nullptr  - Libcurl will use whatever was configured at build time.
LogInit: Build: ++UE4+Release-4.17-CL-3658906
LogInit: Engine Version: 4.17.2-3658906+++UE4+Release-4.17
LogInit: Compatible Engine Version: 4.17.0-3573198+++UE4+Release-4.17
LogInit: Net CL: 3573198
LogDevObjectVersion: Number of dev versions registered: 16
LogDevObjectVersion:   Dev-Blueprints (B0D832E4-1F89-4F0D-ACCF-7EB736FD4AA2): 10
LogDevObjectVersion:   Dev-Build (E1C64328-A22C-4D53-A36C-8E866417BD8C): 0
LogDevObjectVersion:   Dev-Core (375EC13C-06E4-48FB-B500-84F0262A717E): 2
LogDevObjectVersion:   Dev-Editor (E4B068ED-F494-42E9-A231-DA0B2E46BB41): 20
LogDevObjectVersion:   Dev-Framework (CFFC743F-43B0-4480-9391-14DF171D2073): 28
LogDevObjectVersion:   Dev-Mobile (B02B49B5-BB20-44E9-A304-32B752E40360): 0
LogDevObjectVersion:   Dev-Networking (A4E4105C-59A1-49B5-A7C5-40C4547EDFEE): 0
LogDevObjectVersion:   Dev-Online (39C831C9-5AE6-47DC-9A44-9C173E1C8E7C): 0
LogDevObjectVersion:   Dev-Physics (78F01B33-EBEA-4F98-B9B4-84EACCB95AA2): 0
LogDevObjectVersion:   Dev-Platform (6631380F-2D4D-43E0-8009-CF276956A95A): 0
LogDevObjectVersion:   Dev-Rendering (12F88B9F-8875-4AFC-A67C-D90C383ABD29): 19
LogDevObjectVersion:   Dev-Sequencer (7B5AE74C-D270-4C10-A958-57980B212A5A): 4
LogDevObjectVersion:   Dev-VR (D7296918-1DD6-4BDD-9DE2-64A83CC13884): 0
LogDevObjectVersion:   Dev-LoadTimes (C2A15278-BFE7-4AFE-6C17-90FF531DF755): 1
LogDevObjectVersion:   Private-Geometry (6EACA3D4-40EC-4CC1-B786-8BED09428FC5): 1
LogDevObjectVersion:   Dev-AnimPhys (29E575DD-E0A3-4627-9D10-D276232CDCEA): 7
LogInit: Compiled (64-bit): Sep 22 2017 13:47:16
LogInit: Compiled with Visual C++: 19.00.24215.01
LogInit: Build Configuration: Development
LogInit: Branch Name: ++UE4+Release-4.17
LogInit: Command line: -EpicPortal  -epicusername="Visin2014" -epicuserid=af8eca7cf2f64770afa50fcfdba1e890 -epiclocale=en-US
LogInit: Base directory: E:/Program Files/Epic Games/UE_4.17/Engine/Binaries/Win64/
LogInit: Installed Engine Build: 1
LogInit: Presizing for max 8388607 objects, including 0 objects not considered by GC, pre-allocating 0 bytes for permanent pool.
LogInit: Object subsystem initialized
[2020.01.13-04.36.51:194][  0]LogInit: Selected Device Profile: [Windows]
[2020.01.13-04.36.51:194][  0]LogInit: Applying CVar settings loaded from the selected device profile: [Windows]
[2020.01.13-04.36.51:201][  0]LogInit: Computer: DESKTOP-UFHALV2
[2020.01.13-04.36.51:201][  0]LogInit: User: Administrator
[2020.01.13-04.36.51:201][  0]LogInit: CPU Page size=4096, Cores=6
[2020.01.13-04.36.51:201][  0]LogInit: High frequency timer resolution =10.000000 MHz
[2020.01.13-04.36.51:201][  0]LogMemory: Memory total: Physical=63.9GB (64GB approx)
[2020.01.13-04.36.51:201][  0]LogMemory: Platform Memory Stats for Windows
[2020.01.13-04.36.51:201][  0]LogMemory: Process Physical Memory: 279.35 MB used, 279.35 MB peak
[2020.01.13-04.36.51:201][  0]LogMemory: Process Virtual Memory: 282.90 MB used, 282.90 MB peak
[2020.01.13-04.36.51:201][  0]LogMemory: Physical Memory: 11574.68 MB used,  53903.55 MB free, 65478.22 MB total
[2020.01.13-04.36.51:201][  0]LogMemory: Virtual Memory: 4801.93 MB used,  53903.55 MB free, 134217728.00 MB total
[2020.01.13-04.36.51:312][  0]LogInit: Using OS detected language (en-US).
[2020.01.13-04.36.51:312][  0]LogInit: Using OS detected locale (en-US).
[2020.01.13-04.36.51:315][  0]LogTextLocalizationManager: No specific localization for 'en-US' exists, so the 'en' localization will be used.
[2020.01.13-04.36.51:872][  0]LogD3D11RHI: D3D11 adapters:
[2020.01.13-04.36.51:938][  0]LogD3D11RHI:    0. 'NVIDIA GeForce RTX 2080 Ti' (Feature Level 11_0)
[2020.01.13-04.36.51:938][  0]LogD3D11RHI:       11048/0/32739 MB DedicatedVideo/DedicatedSystem/SharedSystem, Outputs:2, VendorId:0x10de
[2020.01.13-04.36.51:940][  0]LogD3D11RHI:    1. 'Microsoft Basic Render Driver' (Feature Level 11_0)
[2020.01.13-04.36.51:940][  0]LogD3D11RHI:       0/0/32739 MB DedicatedVideo/DedicatedSystem/SharedSystem, Outputs:0, VendorId:0x1414
[2020.01.13-04.36.51:940][  0]LogD3D11RHI: Chosen D3D11 Adapter: 0
[2020.01.13-04.36.51:946][  0]LogD3D11RHI: Creating new Direct3DDevice
[2020.01.13-04.36.51:946][  0]LogD3D11RHI:     GPU DeviceId: 0x1e04 (for the marketing name, search the web for "GPU Device Id")
[2020.01.13-04.36.51:946][  0]LogWindows: EnumDisplayDevices:
[2020.01.13-04.36.51:947][  0]LogWindows:    0. 'NVIDIA GeForce RTX 2080 Ti' (P:1 D:1)
[2020.01.13-04.36.51:947][  0]LogWindows:    1. 'NVIDIA GeForce RTX 2080 Ti' (P:0 D:1)
[2020.01.13-04.36.51:947][  0]LogWindows:    2. 'NVIDIA GeForce RTX 2080 Ti' (P:0 D:0)
[2020.01.13-04.36.51:947][  0]LogWindows:    3. 'NVIDIA GeForce RTX 2080 Ti' (P:0 D:0)
[2020.01.13-04.36.51:947][  0]LogWindows: DebugString: GetVideoDriverDetailsInvalid PrimaryIsNotTheChoosenAdapter GetVideoDriverDetailsInvalid PrimaryIsNotTheChoosenAdapter GetVideoDriverDetailsInvalid PrimaryIsNotTheChoosenAdapter GetVideoDriverDetailsInvalid PrimaryIsNotTheChoosenAdapter FoundDriverCount:0 
[2020.01.13-04.36.51:948][  0]LogD3D11RHI:     Adapter Name: NVIDIA GeForce RTX 2080 Ti
[2020.01.13-04.36.51:948][  0]LogD3D11RHI:   Driver Version: Unknown (internal:Unknown, unified:Unknown)
[2020.01.13-04.36.51:948][  0]LogD3D11RHI:      Driver Date: Unknown
[2020.01.13-04.36.51:948][  0]LogRHI: Texture pool is 1361 MB (70% of 1945 MB)
[2020.01.13-04.36.51:987][  0]LogD3D11RHI: Async texture creation enabled
[2020.01.13-04.36.51:997][  0]LogD3D11RHI: GPU Timing Frequency: 1000.000000 (Debug: 2 1)
[2020.01.13-04.36.52:086][  0]LogShaderCompilers: Guid format shader working directory is 24 characters bigger than the processId version (F:/GitProject/UE_TankGame/Game/Intermediate/Shaders/WorkingDirectory/8164/).
[2020.01.13-04.36.52:087][  0]LogShaderCompilers: Cleaned the shader compiler working directory 'C:/Users/Administrator/AppData/Local/Temp/UnrealShaderWorkingDir/2E3F720B4957FA47C9B156BDCD4E8AC4/'.
[2020.01.13-04.36.52:087][  0]LogShaderCompilers: Display: Using Local Shader Compiler.
[2020.01.13-04.36.52:793][  0]LogTemp: Display: Loaded TP AllDesktopTargetPlatform
[2020.01.13-04.36.52:831][  0]LogTemp: Display: Loaded TP MacClientTargetPlatform
[2020.01.13-04.36.52:869][  0]LogTemp: Display: Loaded TP MacNoEditorTargetPlatform
[2020.01.13-04.36.52:905][  0]LogTemp: Display: Loaded TP MacServerTargetPlatform
[2020.01.13-04.36.52:948][  0]LogTemp: Display: Loaded TP MacTargetPlatform
[2020.01.13-04.36.52:985][  0]LogTemp: Display: Loaded TP WindowsClientTargetPlatform
[2020.01.13-04.36.53:020][  0]LogTemp: Display: Loaded TP WindowsNoEditorTargetPlatform
[2020.01.13-04.36.53:056][  0]LogTemp: Display: Loaded TP WindowsServerTargetPlatform
[2020.01.13-04.36.53:086][  0]LogTemp: Display: Loaded TP WindowsTargetPlatform
[2020.01.13-04.36.53:121][  0]LogTemp: Display: Loaded TP AndroidTargetPlatform
[2020.01.13-04.36.53:155][  0]LogTemp: Display: Loaded TP Android_ASTCTargetPlatform
[2020.01.13-04.36.53:196][  0]LogTemp: Display: Loaded TP Android_ATCTargetPlatform
[2020.01.13-04.36.53:232][  0]LogTemp: Display: Loaded TP Android_DXTTargetPlatform
[2020.01.13-04.36.53:266][  0]LogTemp: Display: Loaded TP Android_ETC1TargetPlatform
[2020.01.13-04.36.53:303][  0]LogTemp: Display: Loaded TP Android_ETC2TargetPlatform
[2020.01.13-04.36.53:373][  0]LogTemp: Display: Loaded TP Android_MultiTargetPlatform
[2020.01.13-04.36.53:373][  0]LogTemp: Display: Loaded TP Android_PVRTCTargetPlatform
[2020.01.13-04.36.53:402][  0]LogTemp: Display: Loaded TP HTML5TargetPlatform
[2020.01.13-04.36.53:483][  0]LogTemp: Display: Loaded TP IOSTargetPlatform
[2020.01.13-04.36.53:503][  0]LogTemp: Display: Loaded TP TVOSTargetPlatform
[2020.01.13-04.36.53:538][  0]LogTemp: Display: Loaded TP LinuxClientTargetPlatform
[2020.01.13-04.36.53:575][  0]LogTemp: Display: Loaded TP LinuxNoEditorTargetPlatform
[2020.01.13-04.36.53:608][  0]LogTemp: Display: Loaded TP LinuxServerTargetPlatform
[2020.01.13-04.36.53:642][  0]LogTemp: Display: Loaded TP LinuxTargetPlatform
[2020.01.13-04.36.53:642][  0]LogTargetPlatformManager: Display: Building Assets For Windows
[2020.01.13-04.36.53:961][  0]LogDerivedDataCache: Display: Max Cache Size: 512 MB
[2020.01.13-04.36.54:017][  0]LogDerivedDataCache: Loaded boot cache 0.06s 93MB C:/Users/Administrator/AppData/Local/UnrealEngine/4.17/DerivedDataCache/Boot.ddc.
[2020.01.13-04.36.54:018][  0]LogDerivedDataCache: Display: Loaded Boot cache: C:/Users/Administrator/AppData/Local/UnrealEngine/4.17/DerivedDataCache/Boot.ddc
[2020.01.13-04.36.54:018][  0]LogDerivedDataCache: FDerivedDataBackendGraph:  Pak pak cache file F:/GitProject/UE_TankGame/Game/DerivedDataCache/DDC.ddp not found, will not use a pak cache.
[2020.01.13-04.36.54:018][  0]LogDerivedDataCache: Unable to find inner node Pak for hierarchical cache Hierarchy.
[2020.01.13-04.36.54:018][  0]LogDerivedDataCache: FDerivedDataBackendGraph:  CompressedPak pak cache file F:/GitProject/UE_TankGame/Game/DerivedDataCache/Compressed.ddp not found, will not use a pak cache.
[2020.01.13-04.36.54:018][  0]LogDerivedDataCache: Unable to find inner node CompressedPak for hierarchical cache Hierarchy.
[2020.01.13-04.36.54:030][  0]LogDerivedDataCache: Display: Pak cache opened for reading ../../../Engine/DerivedDataCache/Compressed.ddp.
[2020.01.13-04.36.54:043][  0]LogDerivedDataCache: Using Local data cache path C:/Users/Administrator/AppData/Local/UnrealEngine/Common/DerivedDataCache: Writable
[2020.01.13-04.36.54:050][  0]LogMaterial: Verifying Global Shaders for PCD3D_SM5
[2020.01.13-04.36.54:050][  0]LogSlate: Using Freetype 2.6.0
[2020.01.13-04.36.54:051][  0]LogSlate: SlateFontCache - WITH_FREETYPE: 1, WITH_HARFBUZZ: 1
[2020.01.13-04.36.54:051][  0]LogSlate: SlateFontCache - WITH_FREETYPE: 1, WITH_HARFBUZZ: 1
[2020.01.13-04.36.54:256][  0]LogAssetRegistry: FAssetRegistry took 0.0243 seconds to start up
[2020.01.13-04.36.54:338][  0]LogInit: Selected Device Profile: [Windows]
[2020.01.13-04.36.54:589][  0]LogSimplygon: Simplygon DLL not present - disabling.
[2020.01.13-04.36.54:614][  0]LogMeshReduction: Using SimplygonSwarm for distributed automatic mesh merging
[2020.01.13-04.36.54:615][  0]LogMeshReduction: Using QuadricMeshReduction for automatic static mesh reduction
[2020.01.13-04.36.54:615][  0]LogMeshReduction: No automatic skeletal mesh reduction module available
[2020.01.13-04.36.54:615][  0]LogMeshReduction: No automatic mesh merging module available
[2020.01.13-04.36.54:615][  0]LogMeshMerging: No automatic mesh merging module available
[2020.01.13-04.36.54:616][  0]LogContentStreaming: Texture pool size is 0.00 MB
[2020.01.13-04.36.54:936][  0]LogNetVersion: Game , NetCL: 3573198, EngineNetVer: 2, GameNetVer: 0 (Checksum: 2957514414)
[2020.01.13-04.36.55:120][  0]LogPackageLocalizationCache: Processed 5 localized package path(s) for 2 prioritized culture(s) in 0.052564 seconds
[2020.01.13-04.36.55:124][  0]LogUObjectArray: 35825 objects as part of root set at end of initial load.
[2020.01.13-04.36.55:124][  0]LogUObjectAllocator: 7529112 out of 0 bytes used by permanent object pool.
[2020.01.13-04.36.55:124][  0]LogUObjectArray: CloseDisregardForGC: 0/0 objects in disregard for GC pool
[2020.01.13-04.36.55:168][  0]LogInit: WinSock: version 1.1 (2.2), MaxSocks=32767, MaxUdp=65467
[2020.01.13-04.36.57:121][  0]LogTcpMessaging: Initializing TcpMessaging bridge
[2020.01.13-04.36.57:153][  0]LogUdpMessaging: Initializing bridge on interface 0.0.0.0:0 to multicast group 230.0.0.1:6666.
[2020.01.13-04.36.57:688][  0]LogMaterial: Uniform references updated for custom material expression Custom.
[2020.01.13-04.36.57:974][  0]SourceControl: Source control is disabled
[2020.01.13-04.36.57:974][  0]SourceControl: Source control is disabled
[2020.01.13-04.36.58:006][  0]SourceControl: Source control is disabled
[2020.01.13-04.36.58:040][  0]SourceControl: Source control is disabled
[2020.01.13-04.36.58:457][  0]LogAndroidPermission: UAndroidPermissionCallbackProxy::GetInstance
[2020.01.13-04.36.58:621][  0]LogOcInput: OculusInput pre-init called
[2020.01.13-04.36.58:795][  0]LogEngine: Initializing Engine...
[2020.01.13-04.36.58:798][  0]LogHMD: Failed to initialize OpenVR with code 110
[2020.01.13-04.36.58:956][  0]LogStats: UGameplayTagsManager::ConstructGameplayTagTree: Construct from data asset -  0.000 s
[2020.01.13-04.36.58:956][  0]LogStats: UGameplayTagsManager::ConstructGameplayTagTree: GameplayTagTreeChangedEvent.Broadcast -  0.000 s
[2020.01.13-04.36.59:040][  0]LogAIModule: Creating AISystem for world Untitled
[2020.01.13-04.36.59:076][  0]LogInit: XAudio2 using 'Realtek HD Audio 2nd output (Realtek(R) Audio)' : 2 channels at 48 kHz using 32 bits per sample (channel mask 0x3)
[2020.01.13-04.36.59:112][  0]LogInit: FAudioDevice initialized.
[2020.01.13-04.36.59:189][  0]LogDerivedDataCache: Saved boot cache 0.08s 93MB C:/Users/Administrator/AppData/Local/UnrealEngine/4.17/DerivedDataCache/Boot.ddc.
[2020.01.13-04.36.59:196][  0]LogInit: Texture streaming: Enabled
[2020.01.13-04.36.59:268][  0]LogEngineSessionManager: EngineSessionManager initialized
[2020.01.13-04.36.59:409][  0]LogInit: Transaction tracking system initialized
[2020.01.13-04.36.59:619][  0]BlueprintLog: New page: Editor Load
[2020.01.13-04.37.00:232][  0]LocalizationService: Localization service is disabled
[2020.01.13-04.37.00:885][  0]LogConsoleResponse: Display: 
[2020.01.13-04.37.01:036][  0]LogCook: Display: Max memory allowance for cook 16384mb min free memory 0mb
[2020.01.13-04.37.01:036][  0]LogCook: Display: Mobile HDR setting 1
[2020.01.13-04.37.01:036][  0]LogGameplayTags: Display: UGameplayTagsManager::DoneAddingNativeTags. DelegateIsBound: 0
[2020.01.13-04.37.01:748][  0]LogFileCache: Scanning file cache for directory 'F:/GitProject/UE_TankGame/Game/Content/' took 0.01s
[2020.01.13-04.37.01:748][  0]SourceControl: Source control is disabled
[2020.01.13-04.37.01:748][  0]Cmd: MAP LOAD FILE="../../../Engine/Content/Maps/Templates/Template_Default.umap" TEMPLATE=1 SHOWPROGRESS=1 FEATURELEVEL=3
[2020.01.13-04.37.01:749][  0]LightingResults: New page: Lighting Build
[2020.01.13-04.37.01:775][  0]MapCheck: New page: Map Check
[2020.01.13-04.37.01:775][  0]LightingResults: New page: Lighting Build
[2020.01.13-04.37.01:939][  0]LogAIModule: Creating AISystem for world Untitled_1
[2020.01.13-04.37.01:943][  0]LogEditorServer: Finished looking for orphan Actors (0.000 secs)
[2020.01.13-04.37.01:954][  0]Cmd: MAP CHECKDEP NOCLEARLOG
[2020.01.13-04.37.02:004][  0]MapCheck: Map check complete: 0 Error(s), 0 Warning(s), took 50.236ms to complete.
[2020.01.13-04.37.02:004][  0]LogFileHelpers: Loading map 'Template_Default' took 0.256
[2020.01.13-04.37.02:145][  0]LogCollectionManager: Loaded 0 collections in 0.001248 seconds
[2020.01.13-04.37.02:227][  0]LogFileCache: Scanning file cache for directory 'F:/GitProject/UE_TankGame/Game/Saved/Collections/' took 0.01s
[2020.01.13-04.37.02:227][  0]LogFileCache: Scanning file cache for directory 'F:/GitProject/UE_TankGame/Game/Content/Developers/Administrator/Collections/' took 0.01s
[2020.01.13-04.37.02:227][  0]LogFileCache: Scanning file cache for directory 'F:/GitProject/UE_TankGame/Game/Content/Collections/' took 0.01s
[2020.01.13-04.37.02:227][  0]LogCollectionManager: Rebuilt the GUID cache for 0 collections in 0.000001 seconds
[2020.01.13-04.37.02:235][  0]LogContentBrowser: Native class hierarchy populated in 0.0078 seconds. Added 2391 classes and 503 folders.
[2020.01.13-04.37.02:284][  0]LogContentBrowser: Native class hierarchy updated for 'WidgetCarousel' in 0.0019 seconds. Added 0 classes and 0 folders.
[2020.01.13-04.37.02:323][  0]LogContentBrowser: Native class hierarchy updated for 'AddContentDialog' in 0.0019 seconds. Added 0 classes and 0 folders.
[2020.01.13-04.37.02:356][  0]LogContentBrowser: Native class hierarchy updated for 'SceneOutliner' in 0.0018 seconds. Added 1 classes and 2 folders.
[2020.01.13-04.37.02:386][  0]LogSlate: Took 0.000216 seconds to synchronously load lazily loaded font '../../../Engine/Content/Slate/Fonts/Roboto-Regular.ttf' (155K)
[2020.01.13-04.37.02:387][  0]LogSlate: Took 0.000155 seconds to synchronously load lazily loaded font '../../../Engine/Content/Slate/Fonts/Roboto-Bold.ttf' (160K)
[2020.01.13-04.37.02:391][  0]LogSlate: Took 0.000153 seconds to synchronously load lazily loaded font '../../../Engine/Content/Editor/Slate/Fonts/FontAwesome.ttf' (139K)
[2020.01.13-04.37.02:473][  0]LogRenderer: Reallocating scene render targets to support 1208x576 Format 10 NumSamples 1 (Frame:1).
[2020.01.13-04.37.02:524][  0]LogSlate: Took 0.000195 seconds to synchronously load lazily loaded font '../../../Engine/Content/Slate/Fonts/Roboto-Light.ttf' (159K)
[2020.01.13-04.37.02:634][  0]LogContentBrowser: Native class hierarchy updated for 'HierarchicalLODOutliner' in 0.0018 seconds. Added 1 classes and 2 folders.
[2020.01.13-04.37.02:634][  0]LogLoad: (Engine Initialization) Total time: 13.42 seconds
[2020.01.13-04.37.02:634][  0]LogLoad: (Engine Initialization) Total Blueprint compile time: 0.00 seconds
[2020.01.13-04.37.02:634][  0]LogExternalProfiler: Found external profiler: VSPerf
[2020.01.13-04.37.02:634][  0]LogExternalProfiler: Using external profiler: VSPerf
[2020.01.13-04.37.02:989][  0]LogAssetRegistry: Asset discovery search completed in 8.7543 seconds
[2020.01.13-04.37.02:990][  0]LogCollectionManager: Rebuilt the object cache for 0 collections in 0.000000 seconds (found 0 objects)
[2020.01.13-04.37.02:990][  0]LogCollectionManager: Fixed up redirectors for 0 collections in 0.000038 seconds (updated 0 objects)
[2020.01.13-04.37.02:993][  0]LogContentStreaming: Texture pool size now 1000 MB
[2020.01.13-04.37.03:981][  3]LogSlate: Took 0.001181 seconds to synchronously load lazily loaded font '../../../Engine/Content/Slate/Fonts/Roboto-Light.ttf' (159K)
[2020.01.13-04.38.07:658][194]Candidate modules for hot reload:
[2020.01.13-04.38.07:658][194]  Game
[2020.01.13-04.38.07:658][194]Launching UnrealBuildTool... [E:/Program Files/Epic Games/UE_4.17/Engine/Binaries/DotNET/UnrealBuildTool.exe Game -ModuleWithSuffix Game 7053 Win64 Development -editorrecompile -canskiplink "F:/GitProject/UE_TankGame/Game/Game.uproject" ]
[2020.01.13-04.38.07:671][194]Warning: Starting HotReload took  0.0s.
[2020.01.13-04.38.13:328][869]CompilerResultsLog: New page: Compilation - Jan 13, 2020, 8:38:13 PM
[2020.01.13-04.38.13:329][869]CompilerResultsLog: Compiling game modules for hot reload
[2020.01.13-04.38.13:329][869]CompilerResultsLog: Performing 3 actions (9 in parallel)
[2020.01.13-04.38.13:329][869]CompilerResultsLog: VStatic.cpp
[2020.01.13-04.38.13:329][869]CompilerResultsLog: Error: E:\Program Files\Epic Games\UE_4.17\Engine\Source\Runtime\Core\Public\Logging/LogMacros.h(34) : error C2665: 'CheckVA': none of the 11 overloads could convert all the argument types
[2020.01.13-04.38.13:329][869]CompilerResultsLog: Error: E:\Program Files\Epic Games\UE_4.17\Engine\Source\Runtime\Core\Public\Misc/VarArgs.h(87) : note: could be 'bool CheckVA(bool)'
[2020.01.13-04.38.13:329][869]CompilerResultsLog: Error: E:\Program Files\Epic Games\UE_4.17\Engine\Source\Runtime\Core\Public\Misc/VarArgs.h(86) : note: or       'void *CheckVA(ANSICHAR *)'
[2020.01.13-04.38.13:329][869]CompilerResultsLog: Error: E:\Program Files\Epic Games\UE_4.17\Engine\Source\Runtime\Core\Public\Misc/VarArgs.h(85) : note: or       'TCHAR CheckVA(TCHAR)'
[2020.01.13-04.38.13:329][869]CompilerResultsLog: Error: E:\Program Files\Epic Games\UE_4.17\Engine\Source\Runtime\Core\Public\Misc/VarArgs.h(84) : note: or       'long CheckVA(unsigned long)'
[2020.01.13-04.38.13:329][869]CompilerResultsLog: Error: E:\Program Files\Epic Games\UE_4.17\Engine\Source\Runtime\Core\Public\Misc/VarArgs.h(83) : note: or       'long CheckVA(long)'
[2020.01.13-04.38.13:329][869]CompilerResultsLog: Error: E:\Program Files\Epic Games\UE_4.17\Engine\Source\Runtime\Core\Public\Misc/VarArgs.h(82) : note: or       'double CheckVA(double)'
[2020.01.13-04.38.13:329][869]CompilerResultsLog: Error: E:\Program Files\Epic Games\UE_4.17\Engine\Source\Runtime\Core\Public\Misc/VarArgs.h(81) : note: or       'int64 CheckVA(int64)'
[2020.01.13-04.38.13:329][869]CompilerResultsLog: Error: E:\Program Files\Epic Games\UE_4.17\Engine\Source\Runtime\Core\Public\Misc/VarArgs.h(80) : note: or       'uint64 CheckVA(uint64)'
[2020.01.13-04.38.13:329][869]CompilerResultsLog: Error: E:\Program Files\Epic Games\UE_4.17\Engine\Source\Runtime\Core\Public\Misc/VarArgs.h(79) : note: or       'int32 CheckVA(int32)'
[2020.01.13-04.38.13:329][869]CompilerResultsLog: Error: E:\Program Files\Epic Games\UE_4.17\Engine\Source\Runtime\Core\Public\Misc/VarArgs.h(78) : note: or       'uint8 CheckVA(uint8)'
[2020.01.13-04.38.13:329][869]CompilerResultsLog: Error: E:\Program Files\Epic Games\UE_4.17\Engine\Source\Runtime\Core\Public\Misc/VarArgs.h(77) : note: or       'uint32 CheckVA(uint32)'
[2020.01.13-04.38.13:329][869]CompilerResultsLog: Error: E:\Program Files\Epic Games\UE_4.17\Engine\Source\Runtime\Core\Public\Logging/LogMacros.h(34) : note: while trying to match the argument list '(FString)'
[2020.01.13-04.38.13:329][869]CompilerResultsLog: Error: F:\GitProject\UE_TankGame\Game\Source\Game\Private\VStatic.cpp(17) : note: see reference to function template instantiation 'void FMsg::Logf_Internal<const TCHAR*,FString>(const ANSICHAR *,int32,const FName &,ELogVerbosity::Type,const TCHAR *,T1,T2)' being compiled
[2020.01.13-04.38.13:329][869]CompilerResultsLog:         with
[2020.01.13-04.38.13:329][869]CompilerResultsLog:         [
[2020.01.13-04.38.13:329][869]CompilerResultsLog:             T1=const TCHAR *,
[2020.01.13-04.38.13:329][869]CompilerResultsLog:             T2=FString
[2020.01.13-04.38.13:329][869]CompilerResultsLog:         ]
[2020.01.13-04.38.13:329][869]CompilerResultsLog: ERROR: UBT ERROR: Failed to produce item: F:\GitProject\UE_TankGame\Game\Binaries\Win64\UE4Editor-Game-7053.dll
[2020.01.13-04.38.13:329][869]CompilerResultsLog: Total build time: 5.47 seconds (Local executor: 0.00 seconds)
[2020.01.13-04.38.13:329][869]LogMainFrame: MainFrame: Module compiling took 5.677 seconds
[2020.01.13-04.38.13:329][869]Warning: HotReload failed, recompile failed
[2020.01.13-04.40.04:148][412]Candidate modules for hot reload:
[2020.01.13-04.40.04:148][412]  Game
[2020.01.13-04.40.04:148][412]Launching UnrealBuildTool... [E:/Program Files/Epic Games/UE_4.17/Engine/Binaries/DotNET/UnrealBuildTool.exe Game -ModuleWithSuffix Game 5950 Win64 Development -editorrecompile -canskiplink "F:/GitProject/UE_TankGame/Game/Game.uproject" ]
[2020.01.13-04.40.04:160][412]Warning: Starting HotReload took  0.0s.
[2020.01.13-04.40.10:450][162]CompilerResultsLog: New page: Compilation - Jan 13, 2020, 8:40:10 PM
[2020.01.13-04.40.10:450][162]CompilerResultsLog: Compiling game modules for hot reload
[2020.01.13-04.40.10:450][162]CompilerResultsLog: Performing 3 actions (9 in parallel)
[2020.01.13-04.40.10:450][162]CompilerResultsLog: VStatic.cpp
[2020.01.13-04.40.10:450][162]CompilerResultsLog: [2/3] Link UE4Editor-Game-5950.dll
[2020.01.13-04.40.10:450][162]CompilerResultsLog: [3/3] Link UE4Editor-Game-5950.lib
[2020.01.13-04.40.10:451][162]CompilerResultsLog:    Creating library F:\GitProject\UE_TankGame\Game\Intermediate\Build\Win64\UE4Editor\Development\UE4Editor-Game-5950.suppressed.lib and object F:\GitProject\UE_TankGame\Game\Intermediate\Build\Win64\UE4Editor\Development\UE4Editor-Game-5950.suppressed.exp
[2020.01.13-04.40.10:451][162]CompilerResultsLog:    Creating library F:\GitProject\UE_TankGame\Game\Intermediate\Build\Win64\UE4Editor\Development\UE4Editor-Game-5950.lib and object F:\GitProject\UE_TankGame\Game\Intermediate\Build\Win64\UE4Editor\Development\UE4Editor-Game-5950.exp
[2020.01.13-04.40.10:451][162]CompilerResultsLog: Total build time: 6.10 seconds (Local executor: 2.55 seconds)
[2020.01.13-04.40.10:451][162]LogMainFrame: MainFrame: Module compiling took 6.309 seconds
[2020.01.13-04.40.10:499][162]LogContentBrowser: Native class hierarchy updated for 'Game' in 0.0019 seconds. Added 5 classes and 3 folders.
[2020.01.13-04.40.10:500][162]Display: HotReload successful (0 functions remapped  0 scriptstructs remapped)
[2020.01.13-04.40.10:580][162]LogContentBrowser: Native class hierarchy populated in 0.0077 seconds. Added 2393 classes and 507 folders.
[2020.01.13-04.40.10:580][162]Display: HotReload took  6.4s.
[2020.01.13-04.40.19:236][197]LogSlate: Took 0.000212 seconds to synchronously load lazily loaded font '../../../Engine/Content/Slate/Fonts/Roboto-Light.ttf' (159K)
[2020.01.13-04.40.19:333][197]LogAIModule: Creating AISystem for world Demo
[2020.01.13-04.40.19:354][197]Cmd: MAP LOAD FILE="F:/GitProject/UE_TankGame/Game/Content/Maps/Demo.umap" TEMPLATE=0 SHOWPROGRESS=1 FEATURELEVEL=3
[2020.01.13-04.40.19:354][197]LightingResults: New page: Lighting Build
[2020.01.13-04.40.19:355][197]LoadErrors: New page: Loading map: Demo.umap
[2020.01.13-04.40.19:355][197]MapCheck: New page: Map Check
[2020.01.13-04.40.19:355][197]LightingResults: New page: Lighting Build
[2020.01.13-04.40.19:407][197]LogEditorServer: Finished looking for orphan Actors (0.000 secs)
[2020.01.13-04.40.19:450][197]Cmd: MAP CHECKDEP NOCLEARLOG
[2020.01.13-04.40.19:505][197]MapCheck: Map check complete: 0 Error(s), 0 Warning(s), took 55.061ms to complete.
[2020.01.13-04.40.19:505][197]LogFileHelpers: Loading map 'Demo' took 0.151
[2020.01.13-04.40.21:631][449]LogTemp: Repeating last play command: Selected Viewport
[2020.01.13-04.40.21:661][449]LogBlueprintUserMessages: Early PlayInEditor Detection: Level '/Game/Maps/Demo.Demo:PersistentLevel' has LevelScriptBlueprint '/Game/Maps/Demo.Demo:PersistentLevel.Demo' with GeneratedClass '/Game/Maps/Demo.Demo_C' with ClassGeneratedBy '/Game/Maps/Demo.Demo:PersistentLevel.Demo'
[2020.01.13-04.40.21:661][449]LogPlayLevel: PlayLevel: No blueprints needed recompiling
[2020.01.13-04.40.21:661][449]PIE: New page: PIE session: Demo (Jan 13, 2020, 8:40:21 PM)
[2020.01.13-04.40.21:661][449]LogPlayLevel: Creating play world package: /Game/Maps/UEDPIE_0_Demo
[2020.01.13-04.40.21:670][449]LogPlayLevel: PIE: StaticDuplicateObject took: (0.008134s)
[2020.01.13-04.40.21:670][449]LogAIModule: Creating AISystem for world Demo
[2020.01.13-04.40.21:670][449]LogPlayLevel: PIE: World Init took: (0.000537s)
[2020.01.13-04.40.21:670][449]LogPlayLevel: PIE: Created PIE world by copying editor world from /Game/Maps/Demo.Demo to /Game/Maps/UEDPIE_0_Demo.Demo (0.008857s)
[2020.01.13-04.40.21:710][449]LogInit: XAudio2 using 'Realtek HD Audio 2nd output (Realtek(R) Audio)' : 2 channels at 48 kHz using 32 bits per sample (channel mask 0x3)
[2020.01.13-04.40.21:734][449]LogInit: FAudioDevice initialized.
[2020.01.13-04.40.21:781][449]LogLoad: Game class is 'BP_TankGameMode_C'
[2020.01.13-04.40.21:784][449]LogWorld: Bringing World /Game/Maps/UEDPIE_0_Demo.Demo up for play (max tick rate 0) at 2020.01.13-12.40.21
[2020.01.13-04.40.21:785][449]LogWorld: Bringing up level for play took: 0.002316
[2020.01.13-04.40.21:821][449]LogContentBrowser: Native class hierarchy updated for 'MovieSceneCapture' in 0.0019 seconds. Added 11 classes and 0 folders.
[2020.01.13-04.40.21:821][449]LogGameMode: Display: Match State Changed from EnteringMap to WaitingToStart
[2020.01.13-04.40.21:821][449]LogGameState: Match State Changed from EnteringMap to WaitingToStart
[2020.01.13-04.40.21:821][449]LogGameMode: Display: Match State Changed from WaitingToStart to InProgress
[2020.01.13-04.40.21:822][449]LogTemp: Warning: ==============Tank=================  BP_Tank_AI_212
[2020.01.13-04.40.21:822][449]LogTemp: Warning: ==============Tank=================  BP_Tank_AI_212
[2020.01.13-04.40.21:822][449]LogTemp: Warning: UVStatic(17): BeginPlay......
[2020.01.13-04.40.21:822][449]LogTemp: Warning: ==============Tank=================  BP_Tank_Player_C_0
[2020.01.13-04.40.21:822][449]LogGameState: Match State Changed from WaitingToStart to InProgress
[2020.01.13-04.40.21:823][449]PIE: Play in editor start time for /Game/Maps/UEDPIE_0_Demo -0.762
[2020.01.13-04.40.21:823][449]LogBlueprintUserMessages: Late PlayInEditor Detection: Level '/Game/Maps/Demo.Demo:PersistentLevel' has LevelScriptBlueprint '/Game/Maps/Demo.Demo:PersistentLevel.Demo' with GeneratedClass '/Game/Maps/Demo.Demo_C' with ClassGeneratedBy '/Game/Maps/Demo.Demo:PersistentLevel.Demo'
[2020.01.13-04.40.32:677][741]LogSlate: Took 0.000186 seconds to synchronously load lazily loaded font '../../../Engine/Content/Editor/Slate/Fonts/DroidSansMono.ttf' (77K)
[2020.01.13-04.40.57:277][691]LogBlueprintUserMessages: Early EndPlayMap Detection: Level '/Game/Maps/Demo.Demo:PersistentLevel' has LevelScriptBlueprint '/Game/Maps/Demo.Demo:PersistentLevel.Demo' with GeneratedClass '/Game/Maps/Demo.Demo_C' with ClassGeneratedBy '/Game/Maps/Demo.Demo:PersistentLevel.Demo'
[2020.01.13-04.40.57:307][691]LogBlueprintUserMessages: Late EndPlayMap Detection: Level '/Game/Maps/Demo.Demo:PersistentLevel' has LevelScriptBlueprint '/Game/Maps/Demo.Demo:PersistentLevel.Demo' with GeneratedClass '/Game/Maps/Demo.Demo_C' with ClassGeneratedBy '/Game/Maps/Demo.Demo:PersistentLevel.Demo'
[2020.01.13-04.41.19:989][219]Candidate modules for hot reload:
[2020.01.13-04.41.19:989][219]  Game
[2020.01.13-04.41.19:989][219]Launching UnrealBuildTool... [E:/Program Files/Epic Games/UE_4.17/Engine/Binaries/DotNET/UnrealBuildTool.exe Game -ModuleWithSuffix Game 757 Win64 Development -editorrecompile -canskiplink "F:/GitProject/UE_TankGame/Game/Game.uproject" ]
[2020.01.13-04.41.20:001][219]Warning: Starting HotReload took  0.0s.
[2020.01.13-04.41.31:845][639]LogTemp: Repeating last play command: Selected Viewport
[2020.01.13-04.41.31:854][639]LogBlueprintUserMessages: Early PlayInEditor Detection: Level '/Game/Maps/Demo.Demo:PersistentLevel' has LevelScriptBlueprint '/Game/Maps/Demo.Demo:PersistentLevel.Demo' with GeneratedClass '/Game/Maps/Demo.Demo_C' with ClassGeneratedBy '/Game/Maps/Demo.Demo:PersistentLevel.Demo'
[2020.01.13-04.41.31:854][639]LogPlayLevel: PlayLevel: No blueprints needed recompiling
[2020.01.13-04.41.31:854][639]PIE: New page: PIE session: Demo (Jan 13, 2020, 8:41:31 PM)
[2020.01.13-04.41.31:854][639]LogPlayLevel: Creating play world package: /Game/Maps/UEDPIE_0_Demo
[2020.01.13-04.41.31:863][639]LogPlayLevel: PIE: StaticDuplicateObject took: (0.008148s)
[2020.01.13-04.41.31:863][639]LogAIModule: Creating AISystem for world Demo
[2020.01.13-04.41.31:864][639]LogPlayLevel: PIE: World Init took: (0.000590s)
[2020.01.13-04.41.31:864][639]LogPlayLevel: PIE: Created PIE world by copying editor world from /Game/Maps/Demo.Demo to /Game/Maps/UEDPIE_0_Demo.Demo (0.009131s)
[2020.01.13-04.41.31:904][639]LogInit: XAudio2 using 'Realtek HD Audio 2nd output (Realtek(R) Audio)' : 2 channels at 48 kHz using 32 bits per sample (channel mask 0x3)
[2020.01.13-04.41.31:928][639]LogInit: FAudioDevice initialized.
[2020.01.13-04.41.31:961][639]LogLoad: Game class is 'BP_TankGameMode_C'
[2020.01.13-04.41.31:964][639]LogWorld: Bringing World /Game/Maps/UEDPIE_0_Demo.Demo up for play (max tick rate 0) at 2020.01.13-12.41.31
[2020.01.13-04.41.31:964][639]LogWorld: Bringing up level for play took: 0.002326
[2020.01.13-04.41.31:965][639]LogGameMode: Display: Match State Changed from EnteringMap to WaitingToStart
[2020.01.13-04.41.31:965][639]LogGameState: Match State Changed from EnteringMap to WaitingToStart
[2020.01.13-04.41.31:965][639]LogGameMode: Display: Match State Changed from WaitingToStart to InProgress
[2020.01.13-04.41.31:966][639]LogTemp: Warning: ==============Tank=================  BP_Tank_AI_212
[2020.01.13-04.41.31:966][639]LogTemp: Warning: ==============Tank=================  BP_Tank_AI_212
[2020.01.13-04.41.31:966][639]LogTemp: Warning: UVStatic(17): BeginPlay......
[2020.01.13-04.41.31:966][639]LogTemp: Warning: ==============Tank=================  BP_Tank_Player_C_0
[2020.01.13-04.41.31:966][639]LogGameState: Match State Changed from WaitingToStart to InProgress
[2020.01.13-04.41.31:966][639]PIE: Play in editor start time for /Game/Maps/UEDPIE_0_Demo -0.619
[2020.01.13-04.41.31:966][639]LogBlueprintUserMessages: Late PlayInEditor Detection: Level '/Game/Maps/Demo.Demo:PersistentLevel' has LevelScriptBlueprint '/Game/Maps/Demo.Demo:PersistentLevel.Demo' with GeneratedClass '/Game/Maps/Demo.Demo_C' with ClassGeneratedBy '/Game/Maps/Demo.Demo:PersistentLevel.Demo'
[2020.01.13-04.41.33:231][788]CompilerResultsLog: New page: Compilation - Jan 13, 2020, 8:41:33 PM
[2020.01.13-04.41.33:231][788]CompilerResultsLog: Compiling game modules for hot reload
[2020.01.13-04.41.33:232][788]CompilerResultsLog: Parsing headers for GameEditor
[2020.01.13-04.41.33:232][788]CompilerResultsLog:   Running UnrealHeaderTool "F:\GitProject\UE_TankGame\Game\Game.uproject" "F:\GitProject\UE_TankGame\Game\Intermediate\Build\Win64\GameEditor\Development\GameEditor.uhtmanifest" -LogCmds="loginit warning, logexit warning, logdatabase error" -Unattended -WarningsAsErrors -installed
[2020.01.13-04.41.33:232][788]CompilerResultsLog: Reflection code generated for GameEditor in 7.2574922 seconds
[2020.01.13-04.41.33:232][788]CompilerResultsLog: Performing 5 actions (9 in parallel)
[2020.01.13-04.41.33:232][788]CompilerResultsLog: VStatic.cpp
[2020.01.13-04.41.33:232][788]CompilerResultsLog: TankPlayerController.cpp
[2020.01.13-04.41.33:232][788]CompilerResultsLog: VStatic.gen.cpp
[2020.01.13-04.41.33:232][788]CompilerResultsLog: [4/5] Link UE4Editor-Game-757.dll
[2020.01.13-04.41.33:232][788]CompilerResultsLog: [5/5] Link UE4Editor-Game-757.lib
[2020.01.13-04.41.33:232][788]CompilerResultsLog:    Creating library F:\GitProject\UE_TankGame\Game\Intermediate\Build\Win64\UE4Editor\Development\UE4Editor-Game-757.suppressed.lib and object F:\GitProject\UE_TankGame\Game\Intermediate\Build\Win64\UE4Editor\Development\UE4Editor-Game-757.suppressed.exp
[2020.01.13-04.41.33:233][788]CompilerResultsLog:    Creating library F:\GitProject\UE_TankGame\Game\Intermediate\Build\Win64\UE4Editor\Development\UE4Editor-Game-757.lib and object F:\GitProject\UE_TankGame\Game\Intermediate\Build\Win64\UE4Editor\Development\UE4Editor-Game-757.exp
[2020.01.13-04.41.33:233][788]CompilerResultsLog: Total build time: 13.06 seconds (Local executor: 2.16 seconds)
[2020.01.13-04.41.33:233][788]LogMainFrame: MainFrame: Module compiling took 13.252 seconds
[2020.01.13-04.41.33:280][788]LogContentBrowser: Native class hierarchy updated for 'Game' in 0.0019 seconds. Added 5 classes and 3 folders.
[2020.01.13-04.41.33:281][788]Display: HotReload successful (0 functions remapped  0 scriptstructs remapped)
[2020.01.13-04.41.33:301][788]LogContentBrowser: Native class hierarchy populated in 0.0078 seconds. Added 2393 classes and 507 folders.
[2020.01.13-04.41.33:310][788]Display: HotReload took 13.3s.
[2020.01.13-04.41.38:649][421]LogWindowsTextInputMethodSystem: Display: IME system now deactivated.
[2020.01.13-04.41.38:693][421]LogBlueprintUserMessages: Early EndPlayMap Detection: Level '/Game/Maps/Demo.Demo:PersistentLevel' has LevelScriptBlueprint '/Game/Maps/Demo.Demo:PersistentLevel.Demo' with GeneratedClass '/Game/Maps/Demo.Demo_C' with ClassGeneratedBy '/Game/Maps/Demo.Demo:PersistentLevel.Demo'
[2020.01.13-04.41.38:726][421]LogBlueprintUserMessages: Late EndPlayMap Detection: Level '/Game/Maps/Demo.Demo:PersistentLevel' has LevelScriptBlueprint '/Game/Maps/Demo.Demo:PersistentLevel.Demo' with GeneratedClass '/Game/Maps/Demo.Demo_C' with ClassGeneratedBy '/Game/Maps/Demo.Demo:PersistentLevel.Demo'
[2020.01.13-04.41.38:855][422]Cmd: QUIT_EDITOR
[2020.01.13-04.41.39:662][422]LogExit: Preparing to exit.
[2020.01.13-04.41.40:436][422]LogExit: Editor shut down
[2020.01.13-04.41.40:437][422]LogExit: Transaction tracking system shut down
[2020.01.13-04.41.40:661][422]LogDirectoryWatcher: A directory notification for '../../../Engine/Content/' was aborted.
[2020.01.13-04.41.40:661][422]LogDirectoryWatcher: A directory notification for 'F:/GitProject/UE_TankGame/Game/Content/' was aborted.
[2020.01.13-04.41.40:661][422]LogDirectoryWatcher: A directory notification for '../../../Engine/Plugins/2D/Paper2D/Content/' was aborted.
[2020.01.13-04.41.40:661][422]LogDirectoryWatcher: A directory notification for '../../../Engine/Plugins/Runtime/Oculus/OculusVR/Content/' was aborted.
[2020.01.13-04.41.40:661][422]LogDirectoryWatcher: A directory notification for '../../../Engine/Plugins/Runtime/Steam/SteamVR/Content/' was aborted.
[2020.01.13-04.41.40:690][422]LogExit: Object subsystem successfully closed.
[2020.01.13-04.41.40:713][422]LogD3D11RHI: Shutdown
[2020.01.13-04.41.40:713][422]LogD3D11RHI: CleanupD3DDevice
[2020.01.13-04.41.40:787][422]LogD3D11RHI: ~FD3D11DynamicRHI
[2020.01.13-04.41.40:798][422]LogModuleManager: Shutting down and abandoning module Game (536)
[2020.01.13-04.41.40:798][422]LogModuleManager: Shutting down and abandoning module MovieSceneCapture (535)
[2020.01.13-04.41.40:798][422]LogModuleManager: Shutting down and abandoning module HierarchicalLODOutliner (532)
[2020.01.13-04.41.40:798][422]LogModuleManager: Shutting down and abandoning module SceneOutliner (530)
[2020.01.13-04.41.40:798][422]LogModuleManager: Shutting down and abandoning module AddContentDialog (528)
[2020.01.13-04.41.40:798][422]LogDirectoryWatcher: A directory notification for 'E:/Program Files/Epic Games/UE_4.17/FeaturePacks/' was aborted.
[2020.01.13-04.41.40:798][422]LogModuleManager: Shutting down and abandoning module WidgetCarousel (527)
[2020.01.13-04.41.40:798][422]LogModuleManager: Shutting down and abandoning module EditorWidgets (524)
[2020.01.13-04.41.40:798][422]LogModuleManager: Shutting down and abandoning module CollectionManager (522)
[2020.01.13-04.41.40:798][422]LogDirectoryWatcher: A directory notification for 'F:/GitProject/UE_TankGame/Game/Content/Collections/' was aborted.
[2020.01.13-04.41.40:799][422]LogDirectoryWatcher: A directory notification for 'F:/GitProject/UE_TankGame/Game/Content/Developers/Administrator/Collections/' was aborted.
[2020.01.13-04.41.40:799][422]LogDirectoryWatcher: A directory notification for 'F:/GitProject/UE_TankGame/Game/Saved/Collections/' was aborted.
[2020.01.13-04.41.40:799][422]LogModuleManager: Shutting down and abandoning module StatsViewer (520)
[2020.01.13-04.41.40:799][422]LogModuleManager: Shutting down and abandoning module FoliageEdit (518)
[2020.01.13-04.41.40:799][422]LogModuleManager: Shutting down and abandoning module LandscapeEditor (516)
[2020.01.13-04.41.40:799][422]LogModuleManager: Shutting down and abandoning module MeshPaintMode (514)
[2020.01.13-04.41.40:799][422]LogModuleManager: Shutting down and abandoning module SceneDepthPickerMode (512)
[2020.01.13-04.41.40:799][422]LogModuleManager: Shutting down and abandoning module ActorPickerMode (510)
[2020.01.13-04.41.40:799][422]LogModuleManager: Shutting down and abandoning module GeometryMode (508)
[2020.01.13-04.41.40:799][422]LogModuleManager: Shutting down and abandoning module TextureAlignMode (506)
[2020.01.13-04.41.40:799][422]LogModuleManager: Shutting down and abandoning module BspMode (504)
[2020.01.13-04.41.40:799][422]LogModuleManager: Shutting down and abandoning module PIEPreviewDeviceProfileSelector (502)
[2020.01.13-04.41.40:799][422]LogModuleManager: Shutting down and abandoning module HardwareSurvey (500)
[2020.01.13-04.41.40:799][422]LogModuleManager: Shutting down and abandoning module SequenceRecorderSections (498)
[2020.01.13-04.41.40:799][422]LogModuleManager: Shutting down and abandoning module AutomationWorker (496)
[2020.01.13-04.41.40:799][422]LogModuleManager: Shutting down and abandoning module MatineeToLevelSequence (494)
[2020.01.13-04.41.40:799][422]LogModuleManager: Shutting down and abandoning module LevelSequenceEditor (492)
[2020.01.13-04.41.40:799][422]LogModuleManager: Shutting down and abandoning module PlacementMode (491)
[2020.01.13-04.41.40:799][422]LogModuleManager: Shutting down and abandoning module WmfMediaFactory (488)
[2020.01.13-04.41.40:800][422]LogModuleManager: Shutting down and abandoning module WmfMediaEditor (486)
[2020.01.13-04.41.40:800][422]LogModuleManager: Shutting down and abandoning module AvfMediaFactory (484)
[2020.01.13-04.41.40:800][422]LogModuleManager: Shutting down and abandoning module AvfMediaEditor (482)
[2020.01.13-04.41.40:800][422]LogModuleManager: Shutting down and abandoning module AndroidMediaFactory (480)
[2020.01.13-04.41.40:800][422]LogModuleManager: Shutting down and abandoning module Media (479)
[2020.01.13-04.41.40:800][422]LogModuleManager: Shutting down and abandoning module AndroidMediaEditor (476)
[2020.01.13-04.41.40:800][422]LogModuleManager: Shutting down and abandoning module CharacterAI (474)
[2020.01.13-04.41.40:800][422]LogModuleManager: Shutting down and abandoning module AudioCapture (472)
[2020.01.13-04.41.40:800][422]LogModuleManager: Shutting down and abandoning module SequenceRecorder (471)
[2020.01.13-04.41.40:800][422]LogModuleManager: Shutting down and abandoning module SmartSnapping (468)
[2020.01.13-04.41.40:800][422]LogModuleManager: Shutting down and abandoning module SessionServices (466)
[2020.01.13-04.41.40:800][422]LogModuleManager: Shutting down and abandoning module ViewportSnapping (464)
[2020.01.13-04.41.40:800][422]LogModuleManager: Shutting down and abandoning module ViewportInteraction (462)
[2020.01.13-04.41.40:800][422]LogModuleManager: Shutting down and abandoning module ClothPainter (460)
[2020.01.13-04.41.40:800][422]LogModuleManager: Shutting down and abandoning module LogVisualizer (458)
[2020.01.13-04.41.40:800][422]LogModuleManager: Shutting down and abandoning module IntroTutorials (456)
[2020.01.13-04.41.40:800][422]LogModuleManager: Shutting down and abandoning module GameProjectGeneration (455)
[2020.01.13-04.41.40:800][422]LogModuleManager: Shutting down and abandoning module IOSPlatformEditor (452)
[2020.01.13-04.41.40:800][422]LogModuleManager: Shutting down and abandoning module HTML5PlatformEditor (450)
[2020.01.13-04.41.40:800][422]LogModuleManager: Shutting down and abandoning module AndroidPlatformEditor (448)
[2020.01.13-04.41.40:800][422]LogModuleManager: Shutting down and abandoning module AndroidDeviceDetection (447)
[2020.01.13-04.41.41:787][422]LogModuleManager: Shutting down and abandoning module WindowsPlatformEditor (444)
[2020.01.13-04.41.41:787][422]LogModuleManager: Shutting down and abandoning module IOSRuntimeSettings (442)
[2020.01.13-04.41.41:787][422]LogModuleManager: Shutting down and abandoning module AndroidRuntimeSettings (440)
[2020.01.13-04.41.41:787][422]LogModuleManager: Shutting down and abandoning module InputBindingEditor (438)
[2020.01.13-04.41.41:787][422]LogModuleManager: Shutting down and abandoning module MergeActors (436)
[2020.01.13-04.41.41:787][422]LogModuleManager: Shutting down and abandoning module SizeMap (434)
[2020.01.13-04.41.41:787][422]LogModuleManager: Shutting down and abandoning module TreeMap (432)
[2020.01.13-04.41.41:787][422]LogModuleManager: Shutting down and abandoning module ReferenceViewer (430)
[2020.01.13-04.41.41:787][422]LogModuleManager: Shutting down and abandoning module LocalizationDashboard (428)
[2020.01.13-04.41.41:787][422]LogModuleManager: Shutting down and abandoning module LocalizationService (427)
[2020.01.13-04.41.41:787][422]LogModuleManager: Shutting down and abandoning module HardwareTargeting (424)
[2020.01.13-04.41.41:787][422]LogModuleManager: Shutting down and abandoning module DeviceProfileEditor (422)
[2020.01.13-04.41.41:787][422]LogModuleManager: Shutting down and abandoning module UndoHistory (420)
[2020.01.13-04.41.41:787][422]LogModuleManager: Shutting down and abandoning module XmlParser (418)
[2020.01.13-04.41.41:787][422]LogModuleManager: Shutting down and abandoning module Blutility (416)
[2020.01.13-04.41.41:787][422]LogModuleManager: Shutting down and abandoning module ProjectSettingsViewer (414)
[2020.01.13-04.41.41:787][422]LogModuleManager: Shutting down and abandoning module ProjectTargetPlatformEditor (413)
[2020.01.13-04.41.41:788][422]LogModuleManager: Shutting down and abandoning module EditorSettingsViewer (410)
[2020.01.13-04.41.41:788][422]LogModuleManager: Shutting down and abandoning module SettingsEditor (408)
[2020.01.13-04.41.41:788][422]LogModuleManager: Shutting down and abandoning module ProjectLauncher (406)
[2020.01.13-04.41.41:788][422]LogModuleManager: Shutting down and abandoning module SessionFrontend (404)
[2020.01.13-04.41.41:788][422]LogModuleManager: Shutting down and abandoning module ProfilerClient (402)
[2020.01.13-04.41.41:788][422]LogModuleManager: Shutting down and abandoning module DeviceManager (400)
[2020.01.13-04.41.41:788][422]LogModuleManager: Shutting down and abandoning module TargetDeviceServices (399)
[2020.01.13-04.41.41:843][422]LogModuleManager: Shutting down and abandoning module AutomationController (396)
[2020.01.13-04.41.41:843][422]LogModuleManager: Shutting down and abandoning module AutomationWindow (394)
[2020.01.13-04.41.41:843][422]LogModuleManager: Shutting down and abandoning module Layers (392)
[2020.01.13-04.41.41:843][422]LogModuleManager: Shutting down and abandoning module ComponentVisualizers (390)
[2020.01.13-04.41.41:843][422]LogModuleManager: Shutting down and abandoning module DetailCustomizations (388)
[2020.01.13-04.41.41:843][422]LogModuleManager: Shutting down and abandoning module PackagesDialog (386)
[2020.01.13-04.41.41:843][422]LogModuleManager: Shutting down and abandoning module Persona (384)
[2020.01.13-04.41.41:843][422]LogModuleManager: Shutting down and abandoning module AdvancedPreviewScene (383)
[2020.01.13-04.41.41:843][422]LogModuleManager: Shutting down and abandoning module AnimGraph (381)
[2020.01.13-04.41.41:843][422]LogModuleManager: Shutting down and abandoning module Kismet (378)
[2020.01.13-04.41.41:843][422]LogModuleManager: Shutting down and abandoning module ClassViewer (376)
[2020.01.13-04.41.41:843][422]LogModuleManager: Shutting down and abandoning module Toolbox (374)
[2020.01.13-04.41.41:843][422]LogModuleManager: Shutting down and abandoning module ModuleUI (372)
[2020.01.13-04.41.41:843][422]LogModuleManager: Shutting down and abandoning module MovieSceneTools (370)
[2020.01.13-04.41.41:843][422]LogModuleManager: Shutting down and abandoning module OutputLog (368)
[2020.01.13-04.41.41:843][422]LogModuleManager: Shutting down and abandoning module GammaUI (366)
[2020.01.13-04.41.41:843][422]LogModuleManager: Shutting down and abandoning module Documentation (364)
[2020.01.13-04.41.41:843][422]LogModuleManager: Shutting down and abandoning module MovieSceneTracks (362)
[2020.01.13-04.41.41:843][422]LogModuleManager: Shutting down and abandoning module MovieScene (360)
[2020.01.13-04.41.41:843][422]LogModuleManager: Shutting down and abandoning module Niagara (358)
[2020.01.13-04.41.41:843][422]LogModuleManager: Shutting down and abandoning module NiagaraEditor (357)
[2020.01.13-04.41.41:843][422]LogModuleManager: Shutting down and abandoning module StreamingPauseRendering (354)
[2020.01.13-04.41.41:843][422]LogModuleManager: Shutting down and abandoning module LauncherPlatform (352)
[2020.01.13-04.41.41:843][422]LogModuleManager: Shutting down and abandoning module AnalyticsET (350)
[2020.01.13-04.41.41:843][422]LogModuleManager: Shutting down and abandoning module PortalServices (348)
[2020.01.13-04.41.41:843][422]LogModuleManager: Shutting down and abandoning module PortalRpc (346)
[2020.01.13-04.41.41:843][422]LogModuleManager: Shutting down and abandoning module MessagingRpc (344)
[2020.01.13-04.41.41:843][422]LogModuleManager: Shutting down and abandoning module AIModule (342)
[2020.01.13-04.41.41:843][422]LogModuleManager: Shutting down and abandoning module GameplayDebugger (341)
[2020.01.13-04.41.41:843][422]LogModuleManager: Shutting down and abandoning module AITestSuite (339)
[2020.01.13-04.41.41:843][422]LogModuleManager: Shutting down and abandoning module ProfilerService (336)
[2020.01.13-04.41.42:086][422]LogModuleManager: Shutting down and abandoning module TaskGraph (334)
[2020.01.13-04.41.42:086][422]LogModuleManager: Shutting down and abandoning module SteamVRController (332)
[2020.01.13-04.41.42:086][422]LogModuleManager: Shutting down and abandoning module ProceduralMeshComponentEditor (330)
[2020.01.13-04.41.42:086][422]LogModuleManager: Shutting down and abandoning module ProceduralMeshComponent (328)
[2020.01.13-04.41.42:086][422]LogModuleManager: Shutting down and abandoning module OculusInput (326)
[2020.01.13-04.41.42:086][422]LogModuleManager: Shutting down and abandoning module MobilePatchingUtils (324)
[2020.01.13-04.41.42:086][422]LogModuleManager: Shutting down and abandoning module CustomMeshComponent (322)
[2020.01.13-04.41.42:086][422]LogModuleManager: Shutting down and abandoning module CableComponent (320)
[2020.01.13-04.41.42:086][422]LogModuleManager: Shutting down and abandoning module ArchVisCharacter (318)
[2020.01.13-04.41.42:086][422]LogModuleManager: Shutting down and abandoning module AndroidPermission (316)
[2020.01.13-04.41.42:086][422]LogModuleManager: Shutting down and abandoning module MediaPlayerEditor (312)
[2020.01.13-04.41.42:086][422]LogModuleManager: Shutting down and abandoning module HTML5Networking (310)
[2020.01.13-04.41.42:086][422]LogModuleManager: Shutting down and abandoning module AlembicImporter (308)
[2020.01.13-04.41.42:086][422]LogModuleManager: Shutting down and abandoning module AlembicLibrary (307)
[2020.01.13-04.41.42:086][422]LogModuleManager: Shutting down and abandoning module GeometryCache (306)
[2020.01.13-04.41.42:086][422]LogModuleManager: Shutting down and abandoning module GeometryCacheEd (305)
[2020.01.13-04.41.42:086][422]LogModuleManager: Shutting down and abandoning module SpeedTreeImporter (300)
[2020.01.13-04.41.42:086][422]LogModuleManager: Shutting down and abandoning module PluginBrowser (298)
[2020.01.13-04.41.42:086][422]LogModuleManager: Shutting down and abandoning module MobileLauncherProfileWizard (296)
[2020.01.13-04.41.42:086][422]LogModuleManager: Shutting down and abandoning module VisualStudioSourceCodeAccess (294)
[2020.01.13-04.41.42:086][422]LogModuleManager: Shutting down and abandoning module DesktopPlatform (293)
[2020.01.13-04.41.42:087][422]LogModuleManager: Shutting down and abandoning module UObjectPlugin (290)
[2020.01.13-04.41.42:087][422]LogModuleManager: Shutting down and abandoning module SubversionSourceControl (288)
[2020.01.13-04.41.42:087][422]LogModuleManager: Shutting down and abandoning module PerforceSourceControl (286)
[2020.01.13-04.41.42:087][422]LogModuleManager: Shutting down and abandoning module GitSourceControl (284)
[2020.01.13-04.41.42:087][422]LogModuleManager: Shutting down and abandoning module SourceControl (283)
[2020.01.13-04.41.42:087][422]LogModuleManager: Shutting down and abandoning module LightPropagationVolumeEditor (280)
[2020.01.13-04.41.42:087][422]LogModuleManager: Shutting down and abandoning module PaperTiledImporter (278)
[2020.01.13-04.41.42:087][422]LogModuleManager: Shutting down and abandoning module PaperSpriteSheetImporter (276)
[2020.01.13-04.41.42:087][422]LogModuleManager: Shutting down and abandoning module Paper2DEditor (274)
[2020.01.13-04.41.42:087][422]LogModuleManager: Shutting down and abandoning module MeshPaint (273)
[2020.01.13-04.41.42:087][422]LogModuleManager: Shutting down and abandoning module LevelEditor (271)
[2020.01.13-04.41.42:087][422]LogModuleManager: Shutting down and abandoning module PixelInspectorModule (270)
[2020.01.13-04.41.42:087][422]LogModuleManager: Shutting down and abandoning module MainFrame (268)
[2020.01.13-04.41.42:087][422]LogModuleManager: Shutting down and abandoning module HotReload (267)
[2020.01.13-04.41.42:087][422]LogDirectoryWatcher: A directory notification for 'F:/GitProject/UE_TankGame/Game/Binaries/Win64' was aborted.
[2020.01.13-04.41.42:088][422]LogModuleManager: Shutting down and abandoning module RuntimePhysXCooking (260)
[2020.01.13-04.41.42:088][422]LogModuleManager: Shutting down and abandoning module PhysXVehiclesEditor (258)
[2020.01.13-04.41.42:088][422]LogModuleManager: Shutting down and abandoning module PhysXVehicles (256)
[2020.01.13-04.41.42:088][422]LogModuleManager: Shutting down and abandoning module OculusEditor (254)
[2020.01.13-04.41.42:088][422]LogModuleManager: Shutting down and abandoning module LocationServicesBPLibrary (252)
[2020.01.13-04.41.42:088][422]LogModuleManager: Shutting down and abandoning module ImmediatePhysicsEditor (250)
[2020.01.13-04.41.42:088][422]LogModuleManager: Shutting down and abandoning module ImmediatePhysics (248)
[2020.01.13-04.41.42:088][422]LogModuleManager: Shutting down and abandoning module UdpMessaging (246)
[2020.01.13-04.41.42:188][422]LogModuleManager: Shutting down and abandoning module TcpMessaging (244)
[2020.01.13-04.41.42:289][422]LogModuleManager: Shutting down and abandoning module GameplayTagsEditor (242)
[2020.01.13-04.41.42:289][422]LogModuleManager: Shutting down and abandoning module FacialAnimationEditor (240)
[2020.01.13-04.41.42:289][422]LogModuleManager: Shutting down and abandoning module FacialAnimation (238)
[2020.01.13-04.41.42:289][422]LogModuleManager: Shutting down and abandoning module AssetManagerEditor (236)
[2020.01.13-04.41.42:289][422]LogModuleManager: Shutting down and abandoning module GraphEditor (235)
[2020.01.13-04.41.42:289][422]LogModuleManager: Shutting down and abandoning module ContentBrowser (233)
[2020.01.13-04.41.42:289][422]LogModuleManager: Shutting down and abandoning module LightPropagationVolumeRuntime (230)
[2020.01.13-04.41.42:289][422]LogModuleManager: Shutting down and abandoning module Paper2D (228)
[2020.01.13-04.41.42:289][422]LogModuleManager: Shutting down and abandoning module WindowsMoviePlayer (226)
[2020.01.13-04.41.42:289][422]LogModuleManager: Shutting down and abandoning module WmfMedia (224)
[2020.01.13-04.41.42:291][422]LogModuleManager: Shutting down and abandoning module PacketHandler (222)
[2020.01.13-04.41.42:291][422]LogModuleManager: Shutting down and abandoning module ClothingSystemEditor (220)
[2020.01.13-04.41.42:291][422]LogModuleManager: Shutting down and abandoning module ClothingSystemRuntime (218)
[2020.01.13-04.41.42:291][422]LogModuleManager: Shutting down and abandoning module Overlay (216)
[2020.01.13-04.41.42:291][422]LogModuleManager: Shutting down and abandoning module OverlayEditor (215)
[2020.01.13-04.41.42:291][422]LogModuleManager: Shutting down and abandoning module MediaAssets (212)
[2020.01.13-04.41.42:291][422]LogModuleManager: Shutting down and abandoning module VREditor (210)
[2020.01.13-04.41.42:291][422]LogModuleManager: Shutting down and abandoning module StringTableEditor (208)
[2020.01.13-04.41.42:291][422]LogModuleManager: Shutting down and abandoning module GameplayTasksEditor (206)
[2020.01.13-04.41.42:291][422]LogModuleManager: Shutting down and abandoning module BehaviorTreeEditor (204)
[2020.01.13-04.41.42:291][422]LogModuleManager: Shutting down and abandoning module FunctionalTesting (202)
[2020.01.13-04.41.42:291][422]LogModuleManager: Shutting down and abandoning module CollisionAnalyzer (200)
[2020.01.13-04.41.42:291][422]LogModuleManager: Shutting down and abandoning module WorkspaceMenuStructure (199)
[2020.01.13-04.41.42:291][422]LogModuleManager: Shutting down and abandoning module UMG (196)
[2020.01.13-04.41.42:291][422]LogModuleManager: Shutting down and abandoning module UMGEditor (195)
[2020.01.13-04.41.42:291][422]LogModuleManager: Shutting down and abandoning module Sequencer (194)
[2020.01.13-04.41.42:291][422]LogModuleManager: Shutting down and abandoning module MessageLog (191)
[2020.01.13-04.41.42:291][422]LogModuleManager: Shutting down and abandoning module SlateReflector (186)
[2020.01.13-04.41.42:292][422]LogModuleManager: Shutting down and abandoning module Slate (184)
[2020.01.13-04.41.42:292][422]LogModuleManager: Shutting down and abandoning module EditorStyle (182)
[2020.01.13-04.41.42:293][422]LogModuleManager: Shutting down and abandoning module MRMesh (180)
[2020.01.13-04.41.42:293][422]LogModuleManager: Shutting down and abandoning module SourceCodeAccess (178)
[2020.01.13-04.41.42:293][422]LogModuleManager: Shutting down and abandoning module HeadMountedDisplay (176)
[2020.01.13-04.41.42:293][422]LogModuleManager: Shutting down and abandoning module XAudio2 (174)
[2020.01.13-04.41.42:293][422]LogModuleManager: Shutting down and abandoning module Networking (172)
[2020.01.13-04.41.42:293][422]LogModuleManager: Shutting down and abandoning module Core (168)
[2020.01.13-04.41.42:293][422]LogModuleManager: Shutting down and abandoning module KismetCompiler (164)
[2020.01.13-04.41.42:293][422]LogModuleManager: Shutting down and abandoning module LevelSequence (162)
[2020.01.13-04.41.42:293][422]LogModuleManager: Shutting down and abandoning module MeshUtilities (160)
[2020.01.13-04.41.42:293][422]LogModuleManager: Shutting down and abandoning module MeshMergeUtilities (159)
[2020.01.13-04.41.42:293][422]LogModuleManager: Shutting down and abandoning module MeshReductionInterface (158)
[2020.01.13-04.41.42:293][422]LogModuleManager: Shutting down and abandoning module SimplygonSwarm (157)
[2020.01.13-04.41.42:293][422]LogModuleManager: Shutting down and abandoning module SimplygonMeshReduction (155)
[2020.01.13-04.41.42:293][422]LogModuleManager: Shutting down and abandoning module QuadricMeshReduction (153)
[2020.01.13-04.41.42:293][422]LogModuleManager: Shutting down and abandoning module MaterialBaking (149)
[2020.01.13-04.41.42:293][422]LogModuleManager: Shutting down and abandoning module DirectoryWatcher (146)
[2020.01.13-04.41.42:293][422]LogModuleManager: Shutting down and abandoning module DerivedDataCache (144)
[2020.01.13-04.41.42:307][422]LogDerivedDataCache: Shutdown
[2020.01.13-04.41.42:307][422]LogModuleManager: Shutting down and abandoning module TargetPlatform (142)
[2020.01.13-04.41.42:307][422]LogModuleManager: Shutting down and abandoning module VulkanShaderFormat (141)
[2020.01.13-04.41.42:307][422]LogModuleManager: Shutting down and abandoning module ShaderFormatVectorVM (139)
[2020.01.13-04.41.42:307][422]LogModuleManager: Shutting down and abandoning module ShaderFormatOpenGL (137)
[2020.01.13-04.41.42:307][422]LogModuleManager: Shutting down and abandoning module ShaderFormatD3D (135)
[2020.01.13-04.41.42:307][422]LogModuleManager: Shutting down and abandoning module MetalShaderFormat (133)
[2020.01.13-04.41.42:307][422]LogModuleManager: Shutting down and abandoning module TextureFormatUncompressed (131)
[2020.01.13-04.41.42:307][422]LogModuleManager: Shutting down and abandoning module TextureFormatPVR (129)
[2020.01.13-04.41.42:307][422]LogModuleManager: Shutting down and abandoning module TextureFormatDXT (127)
[2020.01.13-04.41.42:307][422]LogModuleManager: Shutting down and abandoning module TextureFormatIntelISPCTexComp (125)
[2020.01.13-04.41.42:307][422]LogModuleManager: Shutting down and abandoning module TextureFormatASTC (123)
[2020.01.13-04.41.42:307][422]LogModuleManager: Shutting down and abandoning module ImageWrapper (122)
[2020.01.13-04.41.42:307][422]LogModuleManager: Shutting down and abandoning module TextureFormatAndroid (119)
[2020.01.13-04.41.42:307][422]LogModuleManager: Shutting down and abandoning module AudioFormatOpus (117)
[2020.01.13-04.41.42:307][422]LogModuleManager: Shutting down and abandoning module AudioFormatOgg (115)
[2020.01.13-04.41.42:307][422]LogModuleManager: Shutting down and abandoning module AudioFormatADPCM (113)
[2020.01.13-04.41.42:307][422]LogModuleManager: Shutting down and abandoning module LinuxTargetPlatform (111)
[2020.01.13-04.41.42:307][422]LogModuleManager: Shutting down and abandoning module LinuxServerTargetPlatform (109)
[2020.01.13-04.41.42:307][422]LogModuleManager: Shutting down and abandoning module LinuxNoEditorTargetPlatform (107)
[2020.01.13-04.41.42:307][422]LogModuleManager: Shutting down and abandoning module LinuxClientTargetPlatform (105)
[2020.01.13-04.41.42:307][422]LogModuleManager: Shutting down and abandoning module TVOSTargetPlatform (103)
[2020.01.13-04.41.42:307][422]LogModuleManager: Shutting down and abandoning module Messaging (101)
[2020.01.13-04.41.42:307][422]LogModuleManager: Shutting down and abandoning module IOSTargetPlatform (99)
[2020.01.13-04.41.42:308][422]LogModuleManager: Shutting down and abandoning module HTML5TargetPlatform (97)
[2020.01.13-04.41.42:308][422]LogModuleManager: Shutting down and abandoning module Android_PVRTCTargetPlatform (95)
[2020.01.13-04.41.42:308][422]LogModuleManager: Shutting down and abandoning module Android_MultiTargetPlatform (93)
[2020.01.13-04.41.42:308][422]LogModuleManager: Shutting down and abandoning module Android_ETC2TargetPlatform (91)
[2020.01.13-04.41.42:308][422]LogModuleManager: Shutting down and abandoning module Android_ETC1TargetPlatform (89)
[2020.01.13-04.41.42:308][422]LogModuleManager: Shutting down and abandoning module Android_DXTTargetPlatform (87)
[2020.01.13-04.41.42:308][422]LogModuleManager: Shutting down and abandoning module Android_ATCTargetPlatform (85)
[2020.01.13-04.41.42:308][422]LogModuleManager: Shutting down and abandoning module Android_ASTCTargetPlatform (83)
[2020.01.13-04.41.42:308][422]LogModuleManager: Shutting down and abandoning module AndroidTargetPlatform (81)
[2020.01.13-04.41.42:308][422]LogModuleManager: Shutting down and abandoning module WindowsTargetPlatform (79)
[2020.01.13-04.41.42:308][422]LogModuleManager: Shutting down and abandoning module WindowsServerTargetPlatform (77)
[2020.01.13-04.41.42:308][422]LogModuleManager: Shutting down and abandoning module WindowsNoEditorTargetPlatform (75)
[2020.01.13-04.41.42:308][422]LogModuleManager: Shutting down and abandoning module WindowsClientTargetPlatform (73)
[2020.01.13-04.41.42:308][422]LogModuleManager: Shutting down and abandoning module MacTargetPlatform (71)
[2020.01.13-04.41.42:308][422]LogModuleManager: Shutting down and abandoning module MacServerTargetPlatform (69)
[2020.01.13-04.41.42:308][422]LogModuleManager: Shutting down and abandoning module MacNoEditorTargetPlatform (67)
[2020.01.13-04.41.42:308][422]LogModuleManager: Shutting down and abandoning module MacClientTargetPlatform (65)
[2020.01.13-04.41.42:308][422]LogModuleManager: Shutting down and abandoning module AllDesktopTargetPlatform (63)
[2020.01.13-04.41.42:308][422]LogModuleManager: Shutting down and abandoning module InputCore (60)
[2020.01.13-04.41.42:308][422]LogModuleManager: Shutting down and abandoning module Settings (58)
[2020.01.13-04.41.42:308][422]LogModuleManager: Shutting down and abandoning module PhysXCooking (56)
[2020.01.13-04.41.42:308][422]LogModuleManager: Shutting down and abandoning module SteamVR (54)
[2020.01.13-04.41.42:308][422]LogModuleManager: Shutting down and abandoning module OculusHMD (52)
[2020.01.13-04.41.42:308][422]LogModuleManager: Shutting down and abandoning module ExampleDeviceProfileSelector (50)
[2020.01.13-04.41.42:308][422]LogModuleManager: Shutting down and abandoning module OnlineBlueprintSupport (48)
[2020.01.13-04.41.42:308][422]LogModuleManager: Shutting down and abandoning module OnlineSubsystem (44)
[2020.01.13-04.41.42:308][422]LogOnline: Display: Unloading online subsystem: NULL
[2020.01.13-04.41.42:308][422]LogModuleManager: Shutting down and abandoning module XMPP (43)
[2020.01.13-04.41.42:308][422]LogModuleManager: Shutting down and abandoning module HTTP (41)
[2020.01.13-04.41.42:308][422]LogHttp: Display: Http module shutting down, but needs to wait on 1 outstanding Http requests:
[2020.01.13-04.41.42:308][422]LogHttp: Display: 	verb=[POST] url=[https://datarouter.ol.epicgames.com/datarouter/api/v1/public/data?SessionID=%7BF2092240-4B68-E1A2-1DB5-44B6346B7B95%7D&AppID=UEEditor.Rocket.Release&AppVersion=4.17.2-3658906%2B%2B%2BUE4%2BRelease-4.17&UserID=959056bd4d7104448639eab781160dab%7Caf8eca7cf2f64770afa50fcfdba1e890%7Ce82e27da-75af-49c1-ba7d-b30a5fba0457&AppEnvironment=datacollector-binary&UploadType=eteventstream] status=Processing
[2020.01.13-04.41.42:327][422]LogModuleManager: Shutting down and abandoning module SSL (40)
[2020.01.13-04.41.42:328][422]LogModuleManager: Shutting down and abandoning module AnimationModifiers (36)
[2020.01.13-04.41.42:328][422]LogModuleManager: Shutting down and abandoning module PropertyEditor (35)
[2020.01.13-04.41.42:328][422]LogModuleManager: Shutting down and abandoning module AudioEditor (32)
[2020.01.13-04.41.42:328][422]LogModuleManager: Shutting down and abandoning module TextureCompressor (30)
[2020.01.13-04.41.42:328][422]LogModuleManager: Shutting down and abandoning module ShaderCore (28)
[2020.01.13-04.41.42:328][422]LogModuleManager: Shutting down and abandoning module Landscape (26)
[2020.01.13-04.41.42:328][422]LogModuleManager: Shutting down and abandoning module SlateRHIRenderer (24)
[2020.01.13-04.41.42:329][422]LogModuleManager: Shutting down and abandoning module OpenGLDrv (22)
[2020.01.13-04.41.42:329][422]LogModuleManager: Shutting down and abandoning module D3D11RHI (20)
[2020.01.13-04.41.42:329][422]LogModuleManager: Shutting down and abandoning module AnimGraphRuntime (18)
[2020.01.13-04.41.42:329][422]LogModuleManager: Shutting down and abandoning module Renderer (16)
[2020.01.13-04.41.42:329][422]LogModuleManager: Shutting down and abandoning module Engine (14)
[2020.01.13-04.41.42:329][422]LogModuleManager: Shutting down and abandoning module CoreUObject (12)
[2020.01.13-04.41.42:329][422]LogModuleManager: Shutting down and abandoning module NetworkFile (10)
[2020.01.13-04.41.42:329][422]LogModuleManager: Shutting down and abandoning module CookedIterativeFile (8)
[2020.01.13-04.41.42:329][422]LogModuleManager: Shutting down and abandoning module StreamingFile (6)
[2020.01.13-04.41.42:329][422]LogModuleManager: Shutting down and abandoning module SandboxFile (4)
[2020.01.13-04.41.42:329][422]LogModuleManager: Shutting down and abandoning module PakFile (2)
[2020.01.13-04.41.42:333][422]LogExit: Exiting.
[2020.01.13-04.41.42:339][422]Log file closed, 01/13/20 12:41:42
