Log file open, 01/10/20 00:58:44
LogWindows: Failed to load 'aqProf.dll' (GetLastError=126)
LogWindows: File 'aqProf.dll' does not exist
LogWindows: Failed to load 'VtuneApi.dll' (GetLastError=126)
LogWindows: File 'VtuneApi.dll' does not exist
LogWindows: Failed to load 'VtuneApi32e.dll' (GetLastError=126)
LogWindows: File 'VtuneApi32e.dll' does not exist
LogInit: Display: Running engine for game: Game
LogPlatformFile: Not using cached read wrapper
LogInit: Display: RandInit(1096249237) SRandInit(1096249237).
LogTaskGraph: Started task graph with 5 named threads and 14 total threads with 3 sets of task threads.
LogStats: Stats thread started at 0.201780
LogD3D11RHI: Aftermath initialized
LogPluginManager: Mounting plugin Paper2D
LogPluginManager: Mounting plugin LightPropagationVolume
LogPluginManager: Mounting plugin CodeLiteSourceCodeAccess
LogPluginManager: Mounting plugin GitSourceControl
LogPluginManager: Mounting plugin KDevelopSourceCodeAccess
LogPluginManager: Mounting plugin NullSourceCodeAccess
LogPluginManager: Mounting plugin PerforceSourceControl
LogPluginManager: Mounting plugin SubversionSourceControl
LogPluginManager: Mounting plugin UObjectPlugin
LogPluginManager: Mounting plugin VisualStudioSourceCodeAccess
LogPluginManager: Mounting plugin XCodeSourceCodeAccess
LogPluginManager: Mounting plugin AssetManagerEditor
LogPluginManager: Mounting plugin AudioCapture
LogPluginManager: Mounting plugin FacialAnimation
LogPluginManager: Mounting plugin GameplayTagsEditor
LogPluginManager: Mounting plugin MobileLauncherProfileWizard
LogPluginManager: Mounting plugin PluginBrowser
LogPluginManager: Mounting plugin SpeedTreeImporter
LogPluginManager: Mounting plugin AlembicImporter
LogPluginManager: Mounting plugin CharacterAI
LogPluginManager: Mounting plugin HTML5Networking
LogPluginManager: Mounting plugin AndroidMedia
LogPluginManager: Mounting plugin AvfMedia
LogPluginManager: Mounting plugin MediaPlayerEditor
LogPluginManager: Mounting plugin WmfMedia
LogPluginManager: Mounting plugin TcpMessaging
LogPluginManager: Mounting plugin UdpMessaging
LogPluginManager: Mounting plugin LevelSequenceEditor
LogPluginManager: Mounting plugin MatineeToLevelSequence
LogPluginManager: Mounting plugin OnlineSubsystemGooglePlay
LogPluginManager: Mounting plugin OnlineSubsystemIOS
LogPluginManager: Mounting plugin OnlineSubsystem
LogPluginManager: Mounting plugin OnlineSubsystemNull
LogPluginManager: Mounting plugin OnlineSubsystemUtils
LogPluginManager: Mounting plugin AndroidDeviceProfileSelector
LogPluginManager: Mounting plugin AndroidMoviePlayer
LogPluginManager: Mounting plugin AndroidPermission
LogPluginManager: Mounting plugin AppleMoviePlayer
LogPluginManager: Mounting plugin ArchVisCharacter
LogPluginManager: Mounting plugin CableComponent
LogPluginManager: Mounting plugin CustomMeshComponent
LogPluginManager: Mounting plugin ExampleDeviceProfileSelector
LogPluginManager: Mounting plugin GoogleCloudMessaging
LogPluginManager: Mounting plugin ImmediatePhysics
LogPluginManager: Mounting plugin IOSDeviceProfileSelector
LogPluginManager: Mounting plugin LinuxDeviceProfileSelector
LogPluginManager: Mounting plugin LocationServicesBPLibrary
LogPluginManager: Mounting plugin MobilePatchingUtils
LogPluginManager: Mounting plugin OculusVR
LogPluginManager: Mounting plugin PhysXVehicles
LogPluginManager: Mounting plugin ProceduralMeshComponent
LogPluginManager: Mounting plugin RuntimePhysXCooking
LogPluginManager: Mounting plugin SteamVR
LogPluginManager: Mounting plugin WindowsMoviePlayer
LogInit: Warning: Incompatible or missing module: UE4Editor-Game.dll
Running D:/Program Files/Epic Games/UE_4.17/Engine/Binaries/DotNET/UnrealBuildTool.exe Game Development Win64 -project="D:/Documents/GitProject/UE_TankGame/Game/Game.uproject" -editorrecompile -progress -NoHotReloadFromIDE
Creating makefile for Game (no existing makefile)
Performing full C++ include scan (no include cache file)
@progress push 5%
@progress pop
Performing 9 actions (4 in parallel)
[3/9] Resource PCLaunch.rc
[2/9] Resource ModuleVersionResource.rc.inl
SharedPCH.Engine.cpp
GameGameModeBase.gen.cpp
Game.cpp
Game.init.gen.cpp
GameGameModeBase.cpp
[8/9] Link UE4Editor-Game.dll
[9/9] Link UE4Editor-Game.lib
   Creating library D:\Documents\GitProject\UE_TankGame\Game\Intermediate\Build\Win64\UE4Editor\Development\UE4Editor-Game.lib and object D:\Documents\GitProject\UE_TankGame\Game\Intermediate\Build\Win64\UE4Editor\Development\UE4Editor-Game.exp
   Creating library D:\Documents\GitProject\UE_TankGame\Game\Intermediate\Build\Win64\UE4Editor\Development\UE4Editor-Game.suppressed.lib and object D:\Documents\GitProject\UE_TankGame\Game\Intermediate\Build\Win64\UE4Editor\Development\UE4Editor-Game.suppressed.exp
Total build time: 39.69 seconds (Local executor: 26.01 seconds)
LogInit: Using libcurl 7.47.1
LogInit:  - built for x86_64-pc-win32
LogInit:  - supports SSL with OpenSSL/1.0.2g
LogInit:  - supports HTTP deflate (compression) using libz 1.2.8
LogInit:  - other features:
LogInit:      CURL_VERSION_SSL
LogInit:      CURL_VERSION_LIBZ
LogInit:      CURL_VERSION_IPV6
LogInit:      CURL_VERSION_ASYNCHDNS
LogInit:      CURL_VERSION_LARGEFILE
LogInit:      CURL_VERSION_IDN
LogInit:  CurlRequestOptions (configurable via config and command line):
LogInit:  - bVerifyPeer = false  - Libcurl will NOT verify peer certificate
LogInit:  - bUseHttpProxy = false  - Libcurl will NOT use HTTP proxy
LogInit:  - bDontReuseConnections = false  - Libcurl will reuse connections
LogInit:  - CertBundlePath = nullptr  - Libcurl will use whatever was configured at build time.
LogInit: Build: ++UE4+Release-4.17-CL-3658906
LogInit: Engine Version: 4.17.2-3658906+++UE4+Release-4.17
LogInit: Compatible Engine Version: 4.17.0-3573198+++UE4+Release-4.17
LogInit: Net CL: 3573198
LogDevObjectVersion: Number of dev versions registered: 16
LogDevObjectVersion:   Dev-Blueprints (B0D832E4-1F89-4F0D-ACCF-7EB736FD4AA2): 10
LogDevObjectVersion:   Dev-Build (E1C64328-A22C-4D53-A36C-8E866417BD8C): 0
LogDevObjectVersion:   Dev-Core (375EC13C-06E4-48FB-B500-84F0262A717E): 2
LogDevObjectVersion:   Dev-Editor (E4B068ED-F494-42E9-A231-DA0B2E46BB41): 20
LogDevObjectVersion:   Dev-Framework (CFFC743F-43B0-4480-9391-14DF171D2073): 28
LogDevObjectVersion:   Dev-Mobile (B02B49B5-BB20-44E9-A304-32B752E40360): 0
LogDevObjectVersion:   Dev-Networking (A4E4105C-59A1-49B5-A7C5-40C4547EDFEE): 0
LogDevObjectVersion:   Dev-Online (39C831C9-5AE6-47DC-9A44-9C173E1C8E7C): 0
LogDevObjectVersion:   Dev-Physics (78F01B33-EBEA-4F98-B9B4-84EACCB95AA2): 0
LogDevObjectVersion:   Dev-Platform (6631380F-2D4D-43E0-8009-CF276956A95A): 0
LogDevObjectVersion:   Dev-Rendering (12F88B9F-8875-4AFC-A67C-D90C383ABD29): 19
LogDevObjectVersion:   Dev-Sequencer (7B5AE74C-D270-4C10-A958-57980B212A5A): 4
LogDevObjectVersion:   Dev-VR (D7296918-1DD6-4BDD-9DE2-64A83CC13884): 0
LogDevObjectVersion:   Dev-LoadTimes (C2A15278-BFE7-4AFE-6C17-90FF531DF755): 1
LogDevObjectVersion:   Private-Geometry (6EACA3D4-40EC-4CC1-B786-8BED09428FC5): 1
LogDevObjectVersion:   Dev-AnimPhys (29E575DD-E0A3-4627-9D10-D276232CDCEA): 7
LogInit: Compiled (64-bit): Sep 22 2017 13:47:16
LogInit: Compiled with Visual C++: 19.00.24215.01
LogInit: Build Configuration: Development
LogInit: Branch Name: ++UE4+Release-4.17
LogInit: Command line: -EpicPortal  -epicusername="Visin2014" -epicuserid=af8eca7cf2f64770afa50fcfdba1e890 -epiclocale=en-US
LogInit: Base directory: D:/Program Files/Epic Games/UE_4.17/Engine/Binaries/Win64/
LogInit: Installed Engine Build: 1
LogInit: Presizing for max 8388607 objects, including 0 objects not considered by GC, pre-allocating 0 bytes for permanent pool.
LogInit: Object subsystem initialized
[2020.01.09-16.59.32:206][  0]LogInit: Selected Device Profile: [Windows]
[2020.01.09-16.59.32:207][  0]LogInit: Applying CVar settings loaded from the selected device profile: [Windows]
[2020.01.09-16.59.32:215][  0]LogInit: Computer: SKY-20180922ULI
[2020.01.09-16.59.32:215][  0]LogInit: User: Administrator
[2020.01.09-16.59.32:215][  0]LogInit: CPU Page size=4096, Cores=4
[2020.01.09-16.59.32:215][  0]LogInit: High frequency timer resolution =10.000000 MHz
[2020.01.09-16.59.32:215][  0]LogMemory: Memory total: Physical=15.9GB (16GB approx)
[2020.01.09-16.59.32:215][  0]LogMemory: Platform Memory Stats for Windows
[2020.01.09-16.59.32:215][  0]LogMemory: Process Physical Memory: 283.88 MB used, 283.88 MB peak
[2020.01.09-16.59.32:215][  0]LogMemory: Process Virtual Memory: 275.08 MB used, 275.08 MB peak
[2020.01.09-16.59.32:215][  0]LogMemory: Physical Memory: 6993.96 MB used,  9306.39 MB free, 16300.36 MB total
[2020.01.09-16.59.32:215][  0]LogMemory: Virtual Memory: 4846.64 MB used,  9306.39 MB free, 134217728.00 MB total
[2020.01.09-16.59.32:830][  0]LogInit: Using OS detected language (zh-CN).
[2020.01.09-16.59.32:830][  0]LogInit: Using OS detected locale (zh-CN).
[2020.01.09-16.59.33:370][  0]LogD3D11RHI: D3D11 adapters:
[2020.01.09-16.59.34:127][  0]LogD3D11RHI:    0. 'NVIDIA GeForce GTX 960M' (Feature Level 11_0)
[2020.01.09-16.59.34:127][  0]LogD3D11RHI:       4064/0/8150 MB DedicatedVideo/DedicatedSystem/SharedSystem, Outputs:2, VendorId:0x10de
[2020.01.09-16.59.34:135][  0]LogD3D11RHI:    1. 'Intel(R) HD Graphics 4600' (Feature Level 11_0)
[2020.01.09-16.59.34:135][  0]LogD3D11RHI:       112/0/2048 MB DedicatedVideo/DedicatedSystem/SharedSystem, Outputs:0, VendorId:0x8086
[2020.01.09-16.59.34:138][  0]LogD3D11RHI:    2. 'Microsoft Basic Render Driver' (Feature Level 11_0)
[2020.01.09-16.59.34:138][  0]LogD3D11RHI:       0/0/8150 MB DedicatedVideo/DedicatedSystem/SharedSystem, Outputs:0, VendorId:0x1414
[2020.01.09-16.59.34:138][  0]LogD3D11RHI: Chosen D3D11 Adapter: 0
[2020.01.09-16.59.34:154][  0]LogD3D11RHI: Creating new Direct3DDevice
[2020.01.09-16.59.34:154][  0]LogD3D11RHI:     GPU DeviceId: 0x139b (for the marketing name, search the web for "GPU Device Id")
[2020.01.09-16.59.34:154][  0]LogWindows: EnumDisplayDevices:
[2020.01.09-16.59.34:154][  0]LogWindows:    0. 'Intel(R) HD Graphics 4600' (P:1 D:1)
[2020.01.09-16.59.34:155][  0]LogWindows:    1. 'Intel(R) HD Graphics 4600' (P:0 D:1)
[2020.01.09-16.59.34:155][  0]LogWindows:    2. 'Intel(R) HD Graphics 4600' (P:0 D:0)
[2020.01.09-16.59.34:156][  0]LogWindows: DebugString: GetVideoDriverDetailsInvalid PrimaryIsNotTheChoosenAdapter GetVideoDriverDetailsInvalid PrimaryIsNotTheChoosenAdapter GetVideoDriverDetailsInvalid PrimaryIsNotTheChoosenAdapter FoundDriverCount:0 
[2020.01.09-16.59.34:156][  0]LogD3D11RHI:     Adapter Name: NVIDIA GeForce GTX 960M
[2020.01.09-16.59.34:156][  0]LogD3D11RHI:   Driver Version: Unknown (internal:Unknown, unified:Unknown)
[2020.01.09-16.59.34:156][  0]LogD3D11RHI:      Driver Date: Unknown
[2020.01.09-16.59.34:156][  0]LogRHI: Texture pool is 1361 MB (70% of 1945 MB)
[2020.01.09-16.59.34:179][  0]LogD3D11RHI: Async texture creation enabled
[2020.01.09-16.59.34:190][  0]LogD3D11RHI: GPU Timing Frequency: 1000.000000 (Debug: 2 1)
[2020.01.09-16.59.34:192][  0]LogShaderCompilers: Guid format shader working directory is -2 characters bigger than the processId version (../../../../../../Documents/GitProject/UE_TankGame/Game/Intermediate/Shaders/WorkingDirectory/11816/).
[2020.01.09-16.59.34:193][  0]LogShaderCompilers: Cleaned the shader compiler working directory 'C:/Users/Administrator/AppData/Local/Temp/UnrealShaderWorkingDir/1111C082456CA98950D1A3B68FE7B3C4/'.
[2020.01.09-16.59.34:193][  0]LogShaderCompilers: Display: Using Local Shader Compiler.
[2020.01.09-16.59.35:499][  0]LogTemp: Display: Loaded TP AllDesktopTargetPlatform
[2020.01.09-16.59.35:648][  0]LogTemp: Display: Loaded TP MacClientTargetPlatform
[2020.01.09-16.59.35:798][  0]LogTemp: Display: Loaded TP MacNoEditorTargetPlatform
[2020.01.09-16.59.35:949][  0]LogTemp: Display: Loaded TP MacServerTargetPlatform
[2020.01.09-16.59.36:098][  0]LogTemp: Display: Loaded TP MacTargetPlatform
[2020.01.09-16.59.36:247][  0]LogTemp: Display: Loaded TP WindowsClientTargetPlatform
[2020.01.09-16.59.36:397][  0]LogTemp: Display: Loaded TP WindowsNoEditorTargetPlatform
[2020.01.09-16.59.36:547][  0]LogTemp: Display: Loaded TP WindowsServerTargetPlatform
[2020.01.09-16.59.36:690][  0]LogTemp: Display: Loaded TP WindowsTargetPlatform
[2020.01.09-16.59.36:837][  0]LogTemp: Display: Loaded TP AndroidTargetPlatform
[2020.01.09-16.59.36:985][  0]LogTemp: Display: Loaded TP Android_ASTCTargetPlatform
[2020.01.09-16.59.37:132][  0]LogTemp: Display: Loaded TP Android_ATCTargetPlatform
[2020.01.09-16.59.37:278][  0]LogTemp: Display: Loaded TP Android_DXTTargetPlatform
[2020.01.09-16.59.37:425][  0]LogTemp: Display: Loaded TP Android_ETC1TargetPlatform
[2020.01.09-16.59.37:572][  0]LogTemp: Display: Loaded TP Android_ETC2TargetPlatform
[2020.01.09-16.59.37:865][  0]LogTemp: Display: Loaded TP Android_MultiTargetPlatform
[2020.01.09-16.59.37:866][  0]LogTemp: Display: Loaded TP Android_PVRTCTargetPlatform
[2020.01.09-16.59.38:002][  0]LogTemp: Display: Loaded TP HTML5TargetPlatform
[2020.01.09-16.59.38:256][  0]LogTemp: Display: Loaded TP IOSTargetPlatform
[2020.01.09-16.59.38:351][  0]LogTemp: Display: Loaded TP TVOSTargetPlatform
[2020.01.09-16.59.38:498][  0]LogTemp: Display: Loaded TP LinuxClientTargetPlatform
[2020.01.09-16.59.38:645][  0]LogTemp: Display: Loaded TP LinuxNoEditorTargetPlatform
[2020.01.09-16.59.38:790][  0]LogTemp: Display: Loaded TP LinuxServerTargetPlatform
[2020.01.09-16.59.38:937][  0]LogTemp: Display: Loaded TP LinuxTargetPlatform
[2020.01.09-16.59.38:937][  0]LogTargetPlatformManager: Display: Building Assets For Windows
[2020.01.09-16.59.40:687][  0]LogDerivedDataCache: Display: Max Cache Size: 512 MB
[2020.01.09-16.59.40:789][  0]LogDerivedDataCache: Loaded boot cache 0.10s 93MB C:/Users/Administrator/AppData/Local/UnrealEngine/4.17/DerivedDataCache/Boot.ddc.
[2020.01.09-16.59.40:789][  0]LogDerivedDataCache: Display: Loaded Boot cache: C:/Users/Administrator/AppData/Local/UnrealEngine/4.17/DerivedDataCache/Boot.ddc
[2020.01.09-16.59.40:789][  0]LogDerivedDataCache: FDerivedDataBackendGraph:  Pak pak cache file ../../../../../../Documents/GitProject/UE_TankGame/Game/DerivedDataCache/DDC.ddp not found, will not use a pak cache.
[2020.01.09-16.59.40:789][  0]LogDerivedDataCache: Unable to find inner node Pak for hierarchical cache Hierarchy.
[2020.01.09-16.59.40:789][  0]LogDerivedDataCache: FDerivedDataBackendGraph:  CompressedPak pak cache file ../../../../../../Documents/GitProject/UE_TankGame/Game/DerivedDataCache/Compressed.ddp not found, will not use a pak cache.
[2020.01.09-16.59.40:789][  0]LogDerivedDataCache: Unable to find inner node CompressedPak for hierarchical cache Hierarchy.
[2020.01.09-16.59.40:805][  0]LogDerivedDataCache: Display: Pak cache opened for reading ../../../Engine/DerivedDataCache/Compressed.ddp.
[2020.01.09-16.59.40:819][  0]LogDerivedDataCache: Using Local data cache path C:/Users/Administrator/AppData/Local/UnrealEngine/Common/DerivedDataCache: Writable
[2020.01.09-16.59.40:829][  0]LogMaterial: Verifying Global Shaders for PCD3D_SM5
[2020.01.09-16.59.40:829][  0]LogSlate: Using Freetype 2.6.0
[2020.01.09-16.59.40:830][  0]LogSlate: SlateFontCache - WITH_FREETYPE: 1, WITH_HARFBUZZ: 1
[2020.01.09-16.59.40:830][  0]LogSlate: SlateFontCache - WITH_FREETYPE: 1, WITH_HARFBUZZ: 1
[2020.01.09-16.59.41:113][  0]LogAssetRegistry: FAssetRegistry took 0.0268 seconds to start up
[2020.01.09-16.59.41:337][  0]LogInit: Selected Device Profile: [Windows]
[2020.01.09-16.59.41:529][  0]LogContentStreaming: Texture pool size is 0.00 MB
[2020.01.09-16.59.42:393][  0]LogSimplygon: Simplygon DLL not present - disabling.
[2020.01.09-16.59.42:531][  0]LogMeshReduction: Using SimplygonSwarm for distributed automatic mesh merging
[2020.01.09-16.59.42:531][  0]LogMeshReduction: Using QuadricMeshReduction for automatic static mesh reduction
[2020.01.09-16.59.42:531][  0]LogMeshReduction: No automatic skeletal mesh reduction module available
[2020.01.09-16.59.42:531][  0]LogMeshReduction: No automatic mesh merging module available
[2020.01.09-16.59.42:531][  0]LogMeshMerging: No automatic mesh merging module available
[2020.01.09-16.59.43:057][  0]LogNetVersion: Game , NetCL: 3573198, EngineNetVer: 2, GameNetVer: 0 (Checksum: 2957514414)
[2020.01.09-16.59.43:531][  0]LogPackageLocalizationCache: Processed 5 localized package path(s) for 4 prioritized culture(s) in 0.088502 seconds
[2020.01.09-16.59.43:537][  0]LogUObjectArray: 35825 objects as part of root set at end of initial load.
[2020.01.09-16.59.43:537][  0]LogUObjectAllocator: 7529104 out of 0 bytes used by permanent object pool.
[2020.01.09-16.59.43:537][  0]LogUObjectArray: CloseDisregardForGC: 0/0 objects in disregard for GC pool
[2020.01.09-16.59.43:800][  0]LogInit: WinSock: version 1.1 (2.2), MaxSocks=32767, MaxUdp=65467
[2020.01.09-16.59.49:998][  0]LogTcpMessaging: Initializing TcpMessaging bridge
[2020.01.09-16.59.50:113][  0]LogUdpMessaging: Initializing bridge on interface 0.0.0.0:0 to multicast group 230.0.0.1:6666.
[2020.01.09-16.59.52:028][  0]LogMaterial: Uniform references updated for custom material expression Custom.
[2020.01.09-16.59.53:126][  0]SourceControl: 源码控制已禁用
[2020.01.09-16.59.53:126][  0]SourceControl: 源码控制已禁用
[2020.01.09-16.59.53:275][  0]SourceControl: 源码控制已禁用
[2020.01.09-16.59.53:422][  0]SourceControl: 源码控制已禁用
[2020.01.09-16.59.55:182][  0]LogAndroidPermission: UAndroidPermissionCallbackProxy::GetInstance
[2020.01.09-16.59.55:931][  0]LogOcInput: OculusInput pre-init called
[2020.01.09-16.59.56:659][  0]LogEngine: Initializing Engine...
[2020.01.09-16.59.56:663][  0]LogHMD: Failed to initialize OpenVR with code 110
[2020.01.09-16.59.56:917][  0]LogStats: UGameplayTagsManager::ConstructGameplayTagTree: Construct from data asset -  0.000 s
[2020.01.09-16.59.56:917][  0]LogStats: UGameplayTagsManager::ConstructGameplayTagTree: GameplayTagTreeChangedEvent.Broadcast -  0.000 s
[2020.01.09-16.59.57:337][  0]LogAIModule: Creating AISystem for world Untitled
[2020.01.09-16.59.57:371][  0]LogInit: XAudio2 using '扬声器 (Realtek High Definition Audio)' : 2 channels at 48 kHz using 32 bits per sample (channel mask 0x3)
[2020.01.09-16.59.57:468][  0]LogInit: FAudioDevice initialized.
[2020.01.09-16.59.57:594][  0]LogDerivedDataCache: Saved boot cache 0.13s 93MB C:/Users/Administrator/AppData/Local/UnrealEngine/4.17/DerivedDataCache/Boot.ddc.
[2020.01.09-16.59.57:608][  0]LogInit: Texture streaming: Enabled
[2020.01.09-16.59.58:066][  0]LogEngineSessionManager: EngineSessionManager initialized
[2020.01.09-16.59.58:779][  0]LogInit: Transaction tracking system initialized
[2020.01.09-16.59.59:849][  0]BlueprintLog: New page: 编辑器加载
[2020.01.09-17.00.03:024][  0]LocalizationService: 本地化服务已被禁用
[2020.01.09-17.00.05:288][  0]LogConsoleResponse: Display: 
[2020.01.09-17.00.05:590][  0]LogFileCache: Scanning file cache for directory 'D:/Documents/GitProject/UE_TankGame/Game/Content/' took 0.01s
[2020.01.09-17.00.05:590][  0]LogCook: Display: Max memory allowance for cook 16384mb min free memory 0mb
[2020.01.09-17.00.05:590][  0]LogCook: Display: Mobile HDR setting 1
[2020.01.09-17.00.05:590][  0]LogGameplayTags: Display: UGameplayTagsManager::DoneAddingNativeTags. DelegateIsBound: 0
[2020.01.09-17.00.09:036][  0]SourceControl: 源码控制已禁用
[2020.01.09-17.00.09:037][  0]Cmd: MAP LOAD FILE="../../../Engine/Content/Maps/Templates/Template_Default.umap" TEMPLATE=1 SHOWPROGRESS=1 FEATURELEVEL=3
[2020.01.09-17.00.09:037][  0]LightingResults: New page: 光照构建
[2020.01.09-17.00.09:177][  0]MapCheck: New page: 地图检测
[2020.01.09-17.00.09:177][  0]LightingResults: New page: 光照构建
[2020.01.09-17.00.09:368][  0]LogAIModule: Creating AISystem for world Untitled_1
[2020.01.09-17.00.09:377][  0]LogEditorServer: Finished looking for orphan Actors (0.000 secs)
[2020.01.09-17.00.09:389][  0]Cmd: MAP CHECKDEP NOCLEARLOG
[2020.01.09-17.00.09:464][  0]MapCheck: 地图检测完成：0个错误，0 个警告，用时75.037毫秒完成。
[2020.01.09-17.00.09:464][  0]LogFileHelpers: Loading map 'Template_Default' took 0.428
[2020.01.09-17.00.09:819][  0]LogCollectionManager: Loaded 0 collections in 0.002409 seconds
[2020.01.09-17.00.10:032][  0]LogFileCache: Scanning file cache for directory 'D:/Documents/GitProject/UE_TankGame/Game/Saved/Collections/' took 0.01s
[2020.01.09-17.00.10:032][  0]LogFileCache: Scanning file cache for directory 'D:/Documents/GitProject/UE_TankGame/Game/Content/Developers/Administrator/Collections/' took 0.01s
[2020.01.09-17.00.10:032][  0]LogFileCache: Scanning file cache for directory 'D:/Documents/GitProject/UE_TankGame/Game/Content/Collections/' took 0.01s
[2020.01.09-17.00.10:032][  0]LogCollectionManager: Rebuilt the GUID cache for 0 collections in 0.000000 seconds
[2020.01.09-17.00.10:045][  0]LogContentBrowser: Native class hierarchy populated in 0.0111 seconds. Added 2387 classes and 502 folders.
[2020.01.09-17.00.10:285][  0]LogContentBrowser: Native class hierarchy updated for 'WidgetCarousel' in 0.0016 seconds. Added 0 classes and 0 folders.
[2020.01.09-17.00.10:451][  0]LogContentBrowser: Native class hierarchy updated for 'AddContentDialog' in 0.0016 seconds. Added 0 classes and 0 folders.
[2020.01.09-17.00.10:612][  0]LogContentBrowser: Native class hierarchy updated for 'SceneOutliner' in 0.0016 seconds. Added 1 classes and 2 folders.
[2020.01.09-17.00.10:739][  0]LogSlate: Took 0.000242 seconds to synchronously load lazily loaded font '../../../Engine/Content/Slate/Fonts/Roboto-Regular.ttf' (155K)
[2020.01.09-17.00.10:745][  0]LogSlate: Took 0.004510 seconds to synchronously load lazily loaded font '../../../Engine/Content/Slate/Fonts/DroidSansFallback.ttf' (3848K)
[2020.01.09-17.00.10:746][  0]LogSlate: Took 0.000224 seconds to synchronously load lazily loaded font '../../../Engine/Content/Slate/Fonts/Roboto-Bold.ttf' (160K)
[2020.01.09-17.00.10:757][  0]LogSlate: Took 0.001295 seconds to synchronously load lazily loaded font '../../../Engine/Content/Editor/Slate/Fonts/FontAwesome.ttf' (139K)
[2020.01.09-17.00.10:891][  0]LogRenderer: Reallocating scene render targets to support 964x440 Format 10 NumSamples 1 (Frame:1).
[2020.01.09-17.00.11:284][  0]LogContentBrowser: Native class hierarchy updated for 'HierarchicalLODOutliner' in 0.0016 seconds. Added 1 classes and 2 folders.
[2020.01.09-17.00.11:285][  0]LogLoad: (Engine Initialization) Total time: 87.98 seconds
[2020.01.09-17.00.11:285][  0]LogLoad: (Engine Initialization) Total Blueprint compile time: 0.00 seconds
[2020.01.09-17.00.11:285][  0]LogExternalProfiler: Found external profiler: VSPerf
[2020.01.09-17.00.11:285][  0]LogExternalProfiler: Using external profiler: VSPerf
[2020.01.09-17.00.11:332][  0]LogContentStreaming: Texture pool size now 1000 MB
[2020.01.09-17.00.11:387][  1]LogAssetRegistry: Asset discovery search completed in 30.2955 seconds
[2020.01.09-17.00.11:388][  1]LogCollectionManager: Rebuilt the object cache for 0 collections in 0.000002 seconds (found 0 objects)
[2020.01.09-17.00.11:388][  1]LogCollectionManager: Fixed up redirectors for 0 collections in 0.000093 seconds (updated 0 objects)
[2020.01.09-17.00.29:890][ 58]LogSlate: Took 0.019818 seconds to synchronously load lazily loaded font '../../../Engine/Content/SlateDebug/Fonts/LastResort.ttf' (5269K)
[2020.01.09-17.00.31:566][156]LogPackageLocalizationCache: Processed 5 localized package path(s) for 1 prioritized culture(s) in 0.030250 seconds
[2020.01.09-17.00.32:085][157]LogSlate: Took 0.000268 seconds to synchronously load lazily loaded font '../../../Engine/Content/Slate/Fonts/Roboto-Regular.ttf' (155K)
[2020.01.09-17.00.32:094][157]LogSlate: Took 0.003923 seconds to synchronously load lazily loaded font '../../../Engine/Content/Slate/Fonts/DroidSansFallback.ttf' (3848K)
[2020.01.09-17.00.32:095][157]LogSlate: Took 0.000194 seconds to synchronously load lazily loaded font '../../../Engine/Content/Slate/Fonts/Roboto-Bold.ttf' (160K)
[2020.01.09-17.00.32:101][157]LogSlate: Took 0.000204 seconds to synchronously load lazily loaded font '../../../Engine/Content/Editor/Slate/Fonts/FontAwesome.ttf' (139K)
[2020.01.09-17.00.40:684][652]LogSlate: Took 0.001488 seconds to synchronously load lazily loaded font '../../../Engine/Content/Slate/Fonts/Roboto-Light.ttf' (159K)
[2020.01.09-17.00.53:200][197]LogWindowsTextInputMethodSystem: Display: IME system now activated using TSF (微软拼音).
[2020.01.09-17.00.53:390][198]Cmd: QUIT_EDITOR
[2020.01.09-17.00.53:427][198]LogExit: Preparing to exit.
[2020.01.09-17.00.54:306][198]LogDirectoryWatcher: A directory notification for 'D:/Documents/GitProject/UE_TankGame/Game/Content/' was aborted.
[2020.01.09-17.00.54:341][198]LogExit: Editor shut down
[2020.01.09-17.00.54:343][198]LogExit: Transaction tracking system shut down
[2020.01.09-17.00.54:493][198]LogDirectoryWatcher: A directory notification for '../../../Engine/Content/' was aborted.
[2020.01.09-17.00.54:493][198]LogDirectoryWatcher: A directory notification for '../../../../../../Documents/GitProject/UE_TankGame/Game/Content/' was aborted.
[2020.01.09-17.00.54:493][198]LogDirectoryWatcher: A directory notification for '../../../Engine/Plugins/2D/Paper2D/Content/' was aborted.
[2020.01.09-17.00.54:493][198]LogDirectoryWatcher: A directory notification for '../../../Engine/Plugins/Runtime/Oculus/OculusVR/Content/' was aborted.
[2020.01.09-17.00.54:493][198]LogDirectoryWatcher: A directory notification for '../../../Engine/Plugins/Runtime/Steam/SteamVR/Content/' was aborted.
[2020.01.09-17.00.54:537][198]LogExit: Object subsystem successfully closed.
[2020.01.09-17.00.54:661][198]LogD3D11RHI: Shutdown
[2020.01.09-17.00.54:661][198]LogD3D11RHI: CleanupD3DDevice
[2020.01.09-17.00.54:719][198]LogD3D11RHI: ~FD3D11DynamicRHI
[2020.01.09-17.00.54:757][198]LogModuleManager: Shutting down and abandoning module HierarchicalLODOutliner (532)
[2020.01.09-17.00.54:757][198]LogModuleManager: Shutting down and abandoning module SceneOutliner (530)
[2020.01.09-17.00.54:757][198]LogModuleManager: Shutting down and abandoning module AddContentDialog (528)
[2020.01.09-17.00.54:758][198]LogDirectoryWatcher: A directory notification for 'D:/Program Files/Epic Games/UE_4.17/FeaturePacks/' was aborted.
[2020.01.09-17.00.54:759][198]LogModuleManager: Shutting down and abandoning module WidgetCarousel (527)
[2020.01.09-17.00.54:759][198]LogModuleManager: Shutting down and abandoning module EditorWidgets (524)
[2020.01.09-17.00.54:759][198]LogModuleManager: Shutting down and abandoning module CollectionManager (522)
[2020.01.09-17.00.54:759][198]LogDirectoryWatcher: A directory notification for 'D:/Documents/GitProject/UE_TankGame/Game/Content/Collections/' was aborted.
[2020.01.09-17.00.54:759][198]LogDirectoryWatcher: A directory notification for 'D:/Documents/GitProject/UE_TankGame/Game/Content/Developers/Administrator/Collections/' was aborted.
[2020.01.09-17.00.54:759][198]LogDirectoryWatcher: A directory notification for 'D:/Documents/GitProject/UE_TankGame/Game/Saved/Collections/' was aborted.
[2020.01.09-17.00.54:759][198]LogModuleManager: Shutting down and abandoning module StatsViewer (520)
[2020.01.09-17.00.54:760][198]LogModuleManager: Shutting down and abandoning module FoliageEdit (518)
[2020.01.09-17.00.54:760][198]LogModuleManager: Shutting down and abandoning module LandscapeEditor (516)
[2020.01.09-17.00.54:760][198]LogModuleManager: Shutting down and abandoning module MeshPaintMode (514)
[2020.01.09-17.00.54:760][198]LogModuleManager: Shutting down and abandoning module SceneDepthPickerMode (512)
[2020.01.09-17.00.54:760][198]LogModuleManager: Shutting down and abandoning module ActorPickerMode (510)
[2020.01.09-17.00.54:760][198]LogModuleManager: Shutting down and abandoning module GeometryMode (508)
[2020.01.09-17.00.54:760][198]LogModuleManager: Shutting down and abandoning module TextureAlignMode (506)
[2020.01.09-17.00.54:760][198]LogModuleManager: Shutting down and abandoning module BspMode (504)
[2020.01.09-17.00.54:760][198]LogModuleManager: Shutting down and abandoning module PIEPreviewDeviceProfileSelector (502)
[2020.01.09-17.00.54:760][198]LogModuleManager: Shutting down and abandoning module HardwareSurvey (500)
[2020.01.09-17.00.54:760][198]LogModuleManager: Shutting down and abandoning module SequenceRecorderSections (498)
[2020.01.09-17.00.54:760][198]LogModuleManager: Shutting down and abandoning module AutomationWorker (496)
[2020.01.09-17.00.54:760][198]LogModuleManager: Shutting down and abandoning module MatineeToLevelSequence (494)
[2020.01.09-17.00.54:760][198]LogModuleManager: Shutting down and abandoning module LevelSequenceEditor (492)
[2020.01.09-17.00.54:760][198]LogModuleManager: Shutting down and abandoning module PlacementMode (491)
[2020.01.09-17.00.54:760][198]LogModuleManager: Shutting down and abandoning module WmfMediaFactory (488)
[2020.01.09-17.00.54:760][198]LogModuleManager: Shutting down and abandoning module WmfMediaEditor (486)
[2020.01.09-17.00.54:760][198]LogModuleManager: Shutting down and abandoning module AvfMediaFactory (484)
[2020.01.09-17.00.54:760][198]LogModuleManager: Shutting down and abandoning module AvfMediaEditor (482)
[2020.01.09-17.00.54:760][198]LogModuleManager: Shutting down and abandoning module AndroidMediaFactory (480)
[2020.01.09-17.00.54:760][198]LogModuleManager: Shutting down and abandoning module Media (479)
[2020.01.09-17.00.54:760][198]LogModuleManager: Shutting down and abandoning module AndroidMediaEditor (476)
[2020.01.09-17.00.54:760][198]LogModuleManager: Shutting down and abandoning module CharacterAI (474)
[2020.01.09-17.00.54:760][198]LogModuleManager: Shutting down and abandoning module AudioCapture (472)
[2020.01.09-17.00.54:760][198]LogModuleManager: Shutting down and abandoning module SequenceRecorder (471)
[2020.01.09-17.00.54:760][198]LogModuleManager: Shutting down and abandoning module SmartSnapping (468)
[2020.01.09-17.00.54:760][198]LogModuleManager: Shutting down and abandoning module SessionServices (466)
[2020.01.09-17.00.54:760][198]LogModuleManager: Shutting down and abandoning module ViewportSnapping (464)
[2020.01.09-17.00.54:760][198]LogModuleManager: Shutting down and abandoning module ViewportInteraction (462)
[2020.01.09-17.00.54:760][198]LogModuleManager: Shutting down and abandoning module ClothPainter (460)
[2020.01.09-17.00.54:760][198]LogModuleManager: Shutting down and abandoning module LogVisualizer (458)
[2020.01.09-17.00.54:760][198]LogModuleManager: Shutting down and abandoning module IntroTutorials (456)
[2020.01.09-17.00.54:760][198]LogModuleManager: Shutting down and abandoning module GameProjectGeneration (455)
[2020.01.09-17.00.54:760][198]LogModuleManager: Shutting down and abandoning module IOSPlatformEditor (452)
[2020.01.09-17.00.54:760][198]LogModuleManager: Shutting down and abandoning module HTML5PlatformEditor (450)
[2020.01.09-17.00.54:761][198]LogModuleManager: Shutting down and abandoning module AndroidPlatformEditor (448)
[2020.01.09-17.00.54:761][198]LogModuleManager: Shutting down and abandoning module AndroidDeviceDetection (447)
[2020.01.09-17.00.55:312][198]LogModuleManager: Shutting down and abandoning module WindowsPlatformEditor (444)
[2020.01.09-17.00.55:312][198]LogModuleManager: Shutting down and abandoning module IOSRuntimeSettings (442)
[2020.01.09-17.00.55:312][198]LogModuleManager: Shutting down and abandoning module AndroidRuntimeSettings (440)
[2020.01.09-17.00.55:312][198]LogModuleManager: Shutting down and abandoning module InputBindingEditor (438)
[2020.01.09-17.00.55:312][198]LogModuleManager: Shutting down and abandoning module MergeActors (436)
[2020.01.09-17.00.55:312][198]LogModuleManager: Shutting down and abandoning module SizeMap (434)
[2020.01.09-17.00.55:312][198]LogModuleManager: Shutting down and abandoning module TreeMap (432)
[2020.01.09-17.00.55:312][198]LogModuleManager: Shutting down and abandoning module ReferenceViewer (430)
[2020.01.09-17.00.55:312][198]LogModuleManager: Shutting down and abandoning module LocalizationDashboard (428)
[2020.01.09-17.00.55:313][198]LogModuleManager: Shutting down and abandoning module LocalizationService (427)
[2020.01.09-17.00.55:313][198]LogModuleManager: Shutting down and abandoning module HardwareTargeting (424)
[2020.01.09-17.00.55:313][198]LogModuleManager: Shutting down and abandoning module DeviceProfileEditor (422)
[2020.01.09-17.00.55:313][198]LogModuleManager: Shutting down and abandoning module UndoHistory (420)
[2020.01.09-17.00.55:313][198]LogModuleManager: Shutting down and abandoning module XmlParser (418)
[2020.01.09-17.00.55:313][198]LogModuleManager: Shutting down and abandoning module Blutility (416)
[2020.01.09-17.00.55:313][198]LogModuleManager: Shutting down and abandoning module ProjectSettingsViewer (414)
[2020.01.09-17.00.55:313][198]LogModuleManager: Shutting down and abandoning module ProjectTargetPlatformEditor (413)
[2020.01.09-17.00.55:313][198]LogModuleManager: Shutting down and abandoning module EditorSettingsViewer (410)
[2020.01.09-17.00.55:313][198]LogModuleManager: Shutting down and abandoning module SettingsEditor (408)
[2020.01.09-17.00.55:313][198]LogModuleManager: Shutting down and abandoning module ProjectLauncher (406)
[2020.01.09-17.00.55:313][198]LogModuleManager: Shutting down and abandoning module SessionFrontend (404)
[2020.01.09-17.00.55:313][198]LogModuleManager: Shutting down and abandoning module ProfilerClient (402)
[2020.01.09-17.00.55:313][198]LogModuleManager: Shutting down and abandoning module DeviceManager (400)
[2020.01.09-17.00.55:313][198]LogModuleManager: Shutting down and abandoning module TargetDeviceServices (399)
[2020.01.09-17.00.55:368][198]LogModuleManager: Shutting down and abandoning module AutomationController (396)
[2020.01.09-17.00.55:368][198]LogModuleManager: Shutting down and abandoning module AutomationWindow (394)
[2020.01.09-17.00.55:368][198]LogModuleManager: Shutting down and abandoning module Layers (392)
[2020.01.09-17.00.55:368][198]LogModuleManager: Shutting down and abandoning module ComponentVisualizers (390)
[2020.01.09-17.00.55:368][198]LogModuleManager: Shutting down and abandoning module DetailCustomizations (388)
[2020.01.09-17.00.55:368][198]LogModuleManager: Shutting down and abandoning module PackagesDialog (386)
[2020.01.09-17.00.55:368][198]LogModuleManager: Shutting down and abandoning module Persona (384)
[2020.01.09-17.00.55:368][198]LogModuleManager: Shutting down and abandoning module AdvancedPreviewScene (383)
[2020.01.09-17.00.55:368][198]LogModuleManager: Shutting down and abandoning module AnimGraph (381)
[2020.01.09-17.00.55:368][198]LogModuleManager: Shutting down and abandoning module Kismet (378)
[2020.01.09-17.00.55:369][198]LogModuleManager: Shutting down and abandoning module ClassViewer (376)
[2020.01.09-17.00.55:369][198]LogModuleManager: Shutting down and abandoning module Toolbox (374)
[2020.01.09-17.00.55:369][198]LogModuleManager: Shutting down and abandoning module ModuleUI (372)
[2020.01.09-17.00.55:369][198]LogModuleManager: Shutting down and abandoning module MovieSceneTools (370)
[2020.01.09-17.00.55:369][198]LogModuleManager: Shutting down and abandoning module OutputLog (368)
[2020.01.09-17.00.55:369][198]LogModuleManager: Shutting down and abandoning module GammaUI (366)
[2020.01.09-17.00.55:369][198]LogModuleManager: Shutting down and abandoning module Documentation (364)
[2020.01.09-17.00.55:369][198]LogModuleManager: Shutting down and abandoning module MovieSceneTracks (362)
[2020.01.09-17.00.55:369][198]LogModuleManager: Shutting down and abandoning module MovieScene (360)
[2020.01.09-17.00.55:369][198]LogModuleManager: Shutting down and abandoning module Niagara (358)
[2020.01.09-17.00.55:369][198]LogModuleManager: Shutting down and abandoning module NiagaraEditor (357)
[2020.01.09-17.00.55:369][198]LogModuleManager: Shutting down and abandoning module StreamingPauseRendering (354)
[2020.01.09-17.00.55:369][198]LogModuleManager: Shutting down and abandoning module LauncherPlatform (352)
[2020.01.09-17.00.55:369][198]LogModuleManager: Shutting down and abandoning module AnalyticsET (350)
[2020.01.09-17.00.55:369][198]LogModuleManager: Shutting down and abandoning module PortalServices (348)
[2020.01.09-17.00.55:369][198]LogModuleManager: Shutting down and abandoning module PortalRpc (346)
[2020.01.09-17.00.55:370][198]LogModuleManager: Shutting down and abandoning module MessagingRpc (344)
[2020.01.09-17.00.55:370][198]LogModuleManager: Shutting down and abandoning module AIModule (342)
[2020.01.09-17.00.55:370][198]LogModuleManager: Shutting down and abandoning module GameplayDebugger (341)
[2020.01.09-17.00.55:370][198]LogModuleManager: Shutting down and abandoning module AITestSuite (339)
[2020.01.09-17.00.55:370][198]LogModuleManager: Shutting down and abandoning module ProfilerService (336)
[2020.01.09-17.00.55:491][198]LogModuleManager: Shutting down and abandoning module TaskGraph (334)
[2020.01.09-17.00.55:491][198]LogModuleManager: Shutting down and abandoning module SteamVRController (332)
[2020.01.09-17.00.55:491][198]LogModuleManager: Shutting down and abandoning module ProceduralMeshComponentEditor (330)
[2020.01.09-17.00.55:491][198]LogModuleManager: Shutting down and abandoning module ProceduralMeshComponent (328)
[2020.01.09-17.00.55:491][198]LogModuleManager: Shutting down and abandoning module OculusInput (326)
[2020.01.09-17.00.55:491][198]LogModuleManager: Shutting down and abandoning module MobilePatchingUtils (324)
[2020.01.09-17.00.55:491][198]LogModuleManager: Shutting down and abandoning module CustomMeshComponent (322)
[2020.01.09-17.00.55:491][198]LogModuleManager: Shutting down and abandoning module CableComponent (320)
[2020.01.09-17.00.55:491][198]LogModuleManager: Shutting down and abandoning module ArchVisCharacter (318)
[2020.01.09-17.00.55:492][198]LogModuleManager: Shutting down and abandoning module AndroidPermission (316)
[2020.01.09-17.00.55:492][198]LogModuleManager: Shutting down and abandoning module MediaPlayerEditor (312)
[2020.01.09-17.00.55:492][198]LogModuleManager: Shutting down and abandoning module HTML5Networking (310)
[2020.01.09-17.00.55:492][198]LogModuleManager: Shutting down and abandoning module AlembicImporter (308)
[2020.01.09-17.00.55:492][198]LogModuleManager: Shutting down and abandoning module AlembicLibrary (307)
[2020.01.09-17.00.55:492][198]LogModuleManager: Shutting down and abandoning module GeometryCache (306)
[2020.01.09-17.00.55:492][198]LogModuleManager: Shutting down and abandoning module GeometryCacheEd (305)
[2020.01.09-17.00.55:492][198]LogModuleManager: Shutting down and abandoning module SpeedTreeImporter (300)
[2020.01.09-17.00.55:492][198]LogModuleManager: Shutting down and abandoning module PluginBrowser (298)
[2020.01.09-17.00.55:492][198]LogModuleManager: Shutting down and abandoning module MobileLauncherProfileWizard (296)
[2020.01.09-17.00.55:492][198]LogModuleManager: Shutting down and abandoning module VisualStudioSourceCodeAccess (294)
[2020.01.09-17.00.55:492][198]LogModuleManager: Shutting down and abandoning module UObjectPlugin (292)
[2020.01.09-17.00.55:492][198]LogModuleManager: Shutting down and abandoning module SubversionSourceControl (290)
[2020.01.09-17.00.55:492][198]LogModuleManager: Shutting down and abandoning module PerforceSourceControl (288)
[2020.01.09-17.00.55:492][198]LogModuleManager: Shutting down and abandoning module GitSourceControl (286)
[2020.01.09-17.00.55:492][198]LogModuleManager: Shutting down and abandoning module SourceControl (285)
[2020.01.09-17.00.55:492][198]LogModuleManager: Shutting down and abandoning module LightPropagationVolumeEditor (282)
[2020.01.09-17.00.55:492][198]LogModuleManager: Shutting down and abandoning module PaperTiledImporter (280)
[2020.01.09-17.00.55:492][198]LogModuleManager: Shutting down and abandoning module PaperSpriteSheetImporter (278)
[2020.01.09-17.00.55:492][198]LogModuleManager: Shutting down and abandoning module Paper2DEditor (276)
[2020.01.09-17.00.55:492][198]LogModuleManager: Shutting down and abandoning module MeshPaint (275)
[2020.01.09-17.00.55:492][198]LogModuleManager: Shutting down and abandoning module LevelEditor (273)
[2020.01.09-17.00.55:493][198]LogModuleManager: Shutting down and abandoning module PixelInspectorModule (272)
[2020.01.09-17.00.55:493][198]LogModuleManager: Shutting down and abandoning module MainFrame (270)
[2020.01.09-17.00.55:493][198]LogModuleManager: Shutting down and abandoning module HotReload (269)
[2020.01.09-17.00.55:493][198]LogDirectoryWatcher: A directory notification for 'D:/Documents/GitProject/UE_TankGame/Game/Binaries/Win64' was aborted.
[2020.01.09-17.00.55:494][198]LogModuleManager: Shutting down and abandoning module Game (264)
[2020.01.09-17.00.55:494][198]LogModuleManager: Shutting down and abandoning module RuntimePhysXCooking (262)
[2020.01.09-17.00.55:494][198]LogModuleManager: Shutting down and abandoning module PhysXVehiclesEditor (260)
[2020.01.09-17.00.55:494][198]LogModuleManager: Shutting down and abandoning module PhysXVehicles (258)
[2020.01.09-17.00.55:494][198]LogModuleManager: Shutting down and abandoning module OculusEditor (256)
[2020.01.09-17.00.55:494][198]LogModuleManager: Shutting down and abandoning module LocationServicesBPLibrary (254)
[2020.01.09-17.00.55:494][198]LogModuleManager: Shutting down and abandoning module ImmediatePhysicsEditor (252)
[2020.01.09-17.00.55:494][198]LogModuleManager: Shutting down and abandoning module ImmediatePhysics (250)
[2020.01.09-17.00.55:494][198]LogModuleManager: Shutting down and abandoning module UdpMessaging (248)
[2020.01.09-17.00.55:595][198]LogModuleManager: Shutting down and abandoning module TcpMessaging (246)
[2020.01.09-17.00.55:695][198]LogModuleManager: Shutting down and abandoning module GameplayTagsEditor (244)
[2020.01.09-17.00.55:695][198]LogModuleManager: Shutting down and abandoning module FacialAnimationEditor (242)
[2020.01.09-17.00.55:695][198]LogModuleManager: Shutting down and abandoning module FacialAnimation (240)
[2020.01.09-17.00.55:695][198]LogModuleManager: Shutting down and abandoning module AssetManagerEditor (238)
[2020.01.09-17.00.55:695][198]LogModuleManager: Shutting down and abandoning module GraphEditor (237)
[2020.01.09-17.00.55:695][198]LogModuleManager: Shutting down and abandoning module ContentBrowser (235)
[2020.01.09-17.00.55:696][198]LogModuleManager: Shutting down and abandoning module LightPropagationVolumeRuntime (232)
[2020.01.09-17.00.55:696][198]LogModuleManager: Shutting down and abandoning module Paper2D (230)
[2020.01.09-17.00.55:696][198]LogModuleManager: Shutting down and abandoning module WindowsMoviePlayer (228)
[2020.01.09-17.00.55:696][198]LogModuleManager: Shutting down and abandoning module WmfMedia (226)
[2020.01.09-17.00.55:698][198]LogModuleManager: Shutting down and abandoning module PacketHandler (224)
[2020.01.09-17.00.55:698][198]LogModuleManager: Shutting down and abandoning module ClothingSystemEditor (222)
[2020.01.09-17.00.55:698][198]LogModuleManager: Shutting down and abandoning module ClothingSystemRuntime (220)
[2020.01.09-17.00.55:698][198]LogModuleManager: Shutting down and abandoning module Overlay (218)
[2020.01.09-17.00.55:698][198]LogModuleManager: Shutting down and abandoning module OverlayEditor (217)
[2020.01.09-17.00.55:698][198]LogModuleManager: Shutting down and abandoning module MediaAssets (214)
[2020.01.09-17.00.55:698][198]LogModuleManager: Shutting down and abandoning module VREditor (212)
[2020.01.09-17.00.55:698][198]LogModuleManager: Shutting down and abandoning module StringTableEditor (210)
[2020.01.09-17.00.55:698][198]LogModuleManager: Shutting down and abandoning module GameplayTasksEditor (208)
[2020.01.09-17.00.55:698][198]LogModuleManager: Shutting down and abandoning module BehaviorTreeEditor (206)
[2020.01.09-17.00.55:698][198]LogModuleManager: Shutting down and abandoning module FunctionalTesting (204)
[2020.01.09-17.00.55:698][198]LogModuleManager: Shutting down and abandoning module CollisionAnalyzer (202)
[2020.01.09-17.00.55:698][198]LogModuleManager: Shutting down and abandoning module WorkspaceMenuStructure (201)
[2020.01.09-17.00.55:698][198]LogModuleManager: Shutting down and abandoning module UMG (198)
[2020.01.09-17.00.55:698][198]LogModuleManager: Shutting down and abandoning module UMGEditor (197)
[2020.01.09-17.00.55:698][198]LogModuleManager: Shutting down and abandoning module Sequencer (196)
[2020.01.09-17.00.55:699][198]LogModuleManager: Shutting down and abandoning module MessageLog (193)
[2020.01.09-17.00.55:699][198]LogModuleManager: Shutting down and abandoning module SlateReflector (188)
[2020.01.09-17.00.55:699][198]LogModuleManager: Shutting down and abandoning module Slate (186)
[2020.01.09-17.00.55:699][198]LogModuleManager: Shutting down and abandoning module EditorStyle (184)
[2020.01.09-17.00.55:702][198]LogModuleManager: Shutting down and abandoning module MRMesh (182)
[2020.01.09-17.00.55:702][198]LogModuleManager: Shutting down and abandoning module SourceCodeAccess (180)
[2020.01.09-17.00.55:702][198]LogModuleManager: Shutting down and abandoning module HeadMountedDisplay (178)
[2020.01.09-17.00.55:702][198]LogModuleManager: Shutting down and abandoning module XAudio2 (176)
[2020.01.09-17.00.55:702][198]LogModuleManager: Shutting down and abandoning module Networking (174)
[2020.01.09-17.00.55:702][198]LogModuleManager: Shutting down and abandoning module Core (170)
[2020.01.09-17.00.55:702][198]LogModuleManager: Shutting down and abandoning module KismetCompiler (166)
[2020.01.09-17.00.55:702][198]LogModuleManager: Shutting down and abandoning module LevelSequence (164)
[2020.01.09-17.00.55:702][198]LogModuleManager: Shutting down and abandoning module MeshUtilities (162)
[2020.01.09-17.00.55:702][198]LogModuleManager: Shutting down and abandoning module MeshMergeUtilities (161)
[2020.01.09-17.00.55:702][198]LogModuleManager: Shutting down and abandoning module MeshReductionInterface (160)
[2020.01.09-17.00.55:702][198]LogModuleManager: Shutting down and abandoning module SimplygonSwarm (159)
[2020.01.09-17.00.55:702][198]LogModuleManager: Shutting down and abandoning module SimplygonMeshReduction (157)
[2020.01.09-17.00.55:702][198]LogModuleManager: Shutting down and abandoning module QuadricMeshReduction (155)
[2020.01.09-17.00.55:702][198]LogModuleManager: Shutting down and abandoning module MaterialBaking (151)
[2020.01.09-17.00.55:702][198]LogModuleManager: Shutting down and abandoning module DirectoryWatcher (148)
[2020.01.09-17.00.55:702][198]LogModuleManager: Shutting down and abandoning module DerivedDataCache (146)
[2020.01.09-17.00.55:899][198]LogDerivedDataCache: Shutdown
[2020.01.09-17.00.55:899][198]LogModuleManager: Shutting down and abandoning module TargetPlatform (144)
[2020.01.09-17.00.55:899][198]LogModuleManager: Shutting down and abandoning module VulkanShaderFormat (143)
[2020.01.09-17.00.55:899][198]LogModuleManager: Shutting down and abandoning module ShaderFormatVectorVM (141)
[2020.01.09-17.00.55:899][198]LogModuleManager: Shutting down and abandoning module ShaderFormatOpenGL (139)
[2020.01.09-17.00.55:899][198]LogModuleManager: Shutting down and abandoning module ShaderFormatD3D (137)
[2020.01.09-17.00.55:899][198]LogModuleManager: Shutting down and abandoning module MetalShaderFormat (135)
[2020.01.09-17.00.55:899][198]LogModuleManager: Shutting down and abandoning module TextureFormatUncompressed (133)
[2020.01.09-17.00.55:899][198]LogModuleManager: Shutting down and abandoning module TextureFormatPVR (131)
[2020.01.09-17.00.55:899][198]LogModuleManager: Shutting down and abandoning module TextureFormatDXT (129)
[2020.01.09-17.00.55:899][198]LogModuleManager: Shutting down and abandoning module TextureFormatIntelISPCTexComp (127)
[2020.01.09-17.00.55:899][198]LogModuleManager: Shutting down and abandoning module TextureFormatASTC (125)
[2020.01.09-17.00.55:899][198]LogModuleManager: Shutting down and abandoning module ImageWrapper (124)
[2020.01.09-17.00.55:899][198]LogModuleManager: Shutting down and abandoning module TextureFormatAndroid (121)
[2020.01.09-17.00.55:899][198]LogModuleManager: Shutting down and abandoning module AudioFormatOpus (119)
[2020.01.09-17.00.55:899][198]LogModuleManager: Shutting down and abandoning module AudioFormatOgg (117)
[2020.01.09-17.00.55:899][198]LogModuleManager: Shutting down and abandoning module AudioFormatADPCM (115)
[2020.01.09-17.00.55:899][198]LogModuleManager: Shutting down and abandoning module LinuxTargetPlatform (113)
[2020.01.09-17.00.55:899][198]LogModuleManager: Shutting down and abandoning module LinuxServerTargetPlatform (111)
[2020.01.09-17.00.55:899][198]LogModuleManager: Shutting down and abandoning module LinuxNoEditorTargetPlatform (109)
[2020.01.09-17.00.55:899][198]LogModuleManager: Shutting down and abandoning module LinuxClientTargetPlatform (107)
[2020.01.09-17.00.55:899][198]LogModuleManager: Shutting down and abandoning module TVOSTargetPlatform (105)
[2020.01.09-17.00.55:900][198]LogModuleManager: Shutting down and abandoning module Messaging (103)
[2020.01.09-17.00.55:900][198]LogModuleManager: Shutting down and abandoning module IOSTargetPlatform (101)
[2020.01.09-17.00.55:900][198]LogModuleManager: Shutting down and abandoning module HTML5TargetPlatform (99)
[2020.01.09-17.00.55:900][198]LogModuleManager: Shutting down and abandoning module Android_PVRTCTargetPlatform (97)
[2020.01.09-17.00.55:900][198]LogModuleManager: Shutting down and abandoning module Android_MultiTargetPlatform (95)
[2020.01.09-17.00.55:900][198]LogModuleManager: Shutting down and abandoning module Android_ETC2TargetPlatform (93)
[2020.01.09-17.00.55:900][198]LogModuleManager: Shutting down and abandoning module Android_ETC1TargetPlatform (91)
[2020.01.09-17.00.55:900][198]LogModuleManager: Shutting down and abandoning module Android_DXTTargetPlatform (89)
[2020.01.09-17.00.55:900][198]LogModuleManager: Shutting down and abandoning module Android_ATCTargetPlatform (87)
[2020.01.09-17.00.55:900][198]LogModuleManager: Shutting down and abandoning module Android_ASTCTargetPlatform (85)
[2020.01.09-17.00.55:900][198]LogModuleManager: Shutting down and abandoning module AndroidTargetPlatform (83)
[2020.01.09-17.00.55:900][198]LogModuleManager: Shutting down and abandoning module WindowsTargetPlatform (81)
[2020.01.09-17.00.55:900][198]LogModuleManager: Shutting down and abandoning module WindowsServerTargetPlatform (79)
[2020.01.09-17.00.55:900][198]LogModuleManager: Shutting down and abandoning module WindowsNoEditorTargetPlatform (77)
[2020.01.09-17.00.55:900][198]LogModuleManager: Shutting down and abandoning module WindowsClientTargetPlatform (75)
[2020.01.09-17.00.55:900][198]LogModuleManager: Shutting down and abandoning module MacTargetPlatform (73)
[2020.01.09-17.00.55:900][198]LogModuleManager: Shutting down and abandoning module MacServerTargetPlatform (71)
[2020.01.09-17.00.55:900][198]LogModuleManager: Shutting down and abandoning module MacNoEditorTargetPlatform (69)
[2020.01.09-17.00.55:900][198]LogModuleManager: Shutting down and abandoning module MacClientTargetPlatform (67)
[2020.01.09-17.00.55:900][198]LogModuleManager: Shutting down and abandoning module AllDesktopTargetPlatform (65)
[2020.01.09-17.00.55:900][198]LogModuleManager: Shutting down and abandoning module InputCore (62)
[2020.01.09-17.00.55:900][198]LogModuleManager: Shutting down and abandoning module Settings (60)
[2020.01.09-17.00.55:900][198]LogModuleManager: Shutting down and abandoning module PhysXCooking (58)
[2020.01.09-17.00.55:900][198]LogModuleManager: Shutting down and abandoning module SteamVR (56)
[2020.01.09-17.00.55:900][198]LogModuleManager: Shutting down and abandoning module OculusHMD (54)
[2020.01.09-17.00.55:900][198]LogModuleManager: Shutting down and abandoning module ExampleDeviceProfileSelector (52)
[2020.01.09-17.00.55:900][198]LogModuleManager: Shutting down and abandoning module OnlineBlueprintSupport (50)
[2020.01.09-17.00.55:900][198]LogModuleManager: Shutting down and abandoning module OnlineSubsystem (46)
[2020.01.09-17.00.55:900][198]LogOnline: Display: Unloading online subsystem: NULL
[2020.01.09-17.00.55:900][198]LogModuleManager: Shutting down and abandoning module XMPP (45)
[2020.01.09-17.00.55:900][198]LogModuleManager: Shutting down and abandoning module HTTP (43)
[2020.01.09-17.00.55:900][198]LogHttp: Display: Http module shutting down, but needs to wait on 1 outstanding Http requests:
[2020.01.09-17.00.55:900][198]LogHttp: Display: 	verb=[POST] url=[https://datarouter.ol.epicgames.com/datarouter/api/v1/public/data?SessionID=%7B804E3CE6-4A7F-9CCC-4465-78A955E7EE8D%7D&AppID=UEEditor.Rocket.Release&AppVersion=4.17.2-3658906%2B%2B%2BUE4%2BRelease-4.17&UserID=b1000030441f548d482d87b34fc635a5%7Caf8eca7cf2f64770afa50fcfdba1e890%7C67e2f7b9-286c-4a3a-9d32-a96f002b4bb6&AppEnvironment=datacollector-binary&UploadType=eteventstream] status=Processing
[2020.01.09-17.00.55:900][198]LogHttp: Display: Sleeping 0.5s to wait for 1 outstanding Http requests.
[2020.01.09-17.00.56:425][198]LogModuleManager: Shutting down and abandoning module SSL (42)
[2020.01.09-17.00.56:426][198]LogModuleManager: Shutting down and abandoning module DesktopPlatform (38)
[2020.01.09-17.00.56:426][198]LogModuleManager: Shutting down and abandoning module AnimationModifiers (36)
[2020.01.09-17.00.56:426][198]LogModuleManager: Shutting down and abandoning module PropertyEditor (35)
[2020.01.09-17.00.56:427][198]LogModuleManager: Shutting down and abandoning module AudioEditor (32)
[2020.01.09-17.00.56:427][198]LogModuleManager: Shutting down and abandoning module TextureCompressor (30)
[2020.01.09-17.00.56:427][198]LogModuleManager: Shutting down and abandoning module ShaderCore (28)
[2020.01.09-17.00.56:427][198]LogModuleManager: Shutting down and abandoning module Landscape (26)
[2020.01.09-17.00.56:427][198]LogModuleManager: Shutting down and abandoning module SlateRHIRenderer (24)
[2020.01.09-17.00.56:427][198]LogModuleManager: Shutting down and abandoning module OpenGLDrv (22)
[2020.01.09-17.00.56:427][198]LogModuleManager: Shutting down and abandoning module D3D11RHI (20)
[2020.01.09-17.00.56:427][198]LogModuleManager: Shutting down and abandoning module AnimGraphRuntime (18)
[2020.01.09-17.00.56:427][198]LogModuleManager: Shutting down and abandoning module Renderer (16)
[2020.01.09-17.00.56:427][198]LogModuleManager: Shutting down and abandoning module Engine (14)
[2020.01.09-17.00.56:427][198]LogModuleManager: Shutting down and abandoning module CoreUObject (12)
[2020.01.09-17.00.56:428][198]LogModuleManager: Shutting down and abandoning module NetworkFile (10)
[2020.01.09-17.00.56:428][198]LogModuleManager: Shutting down and abandoning module CookedIterativeFile (8)
[2020.01.09-17.00.56:428][198]LogModuleManager: Shutting down and abandoning module StreamingFile (6)
[2020.01.09-17.00.56:428][198]LogModuleManager: Shutting down and abandoning module SandboxFile (4)
[2020.01.09-17.00.56:428][198]LogModuleManager: Shutting down and abandoning module PakFile (2)
[2020.01.09-17.00.56:431][198]LogExit: Exiting.
[2020.01.09-17.00.56:439][198]Log file closed, 01/10/20 01:00:56
