Log file open, 01/12/20 15:59:35
LogWindows: Failed to load 'aqProf.dll' (GetLastError=126)
LogWindows: File 'aqProf.dll' does not exist
LogWindows: Failed to load 'VtuneApi.dll' (GetLastError=126)
LogWindows: File 'VtuneApi.dll' does not exist
LogWindows: Failed to load 'VtuneApi32e.dll' (GetLastError=126)
LogWindows: File 'VtuneApi32e.dll' does not exist
LogInit: Display: Running engine for game: Game
LogPlatformFile: Not using cached read wrapper
LogInit: Display: RandInit(1945200729) SRandInit(1945200729).
LogTaskGraph: Started task graph with 5 named threads and 14 total threads with 3 sets of task threads.
LogStats: Stats thread started at 0.208966
LogD3D11RHI: Aftermath initialized
LogPluginManager: Mounting plugin Paper2D
LogPluginManager: Mounting plugin LightPropagationVolume
LogPluginManager: Mounting plugin CodeLiteSourceCodeAccess
LogPluginManager: Mounting plugin GitSourceControl
LogPluginManager: Mounting plugin KDevelopSourceCodeAccess
LogPluginManager: Mounting plugin NullSourceCodeAccess
LogPluginManager: Mounting plugin PerforceSourceControl
LogPluginManager: Mounting plugin SubversionSourceControl
LogPluginManager: Mounting plugin UObjectPlugin
LogPluginManager: Mounting plugin VisualStudioSourceCodeAccess
LogPluginManager: Mounting plugin XCodeSourceCodeAccess
LogPluginManager: Mounting plugin AssetManagerEditor
LogPluginManager: Mounting plugin AudioCapture
LogPluginManager: Mounting plugin FacialAnimation
LogPluginManager: Mounting plugin GameplayTagsEditor
LogPluginManager: Mounting plugin MobileLauncherProfileWizard
LogPluginManager: Mounting plugin PluginBrowser
LogPluginManager: Mounting plugin SpeedTreeImporter
LogPluginManager: Mounting plugin AlembicImporter
LogPluginManager: Mounting plugin CharacterAI
LogPluginManager: Mounting plugin HTML5Networking
LogPluginManager: Mounting plugin AndroidMedia
LogPluginManager: Mounting plugin AvfMedia
LogPluginManager: Mounting plugin MediaPlayerEditor
LogPluginManager: Mounting plugin WmfMedia
LogPluginManager: Mounting plugin TcpMessaging
LogPluginManager: Mounting plugin UdpMessaging
LogPluginManager: Mounting plugin LevelSequenceEditor
LogPluginManager: Mounting plugin MatineeToLevelSequence
LogPluginManager: Mounting plugin OnlineSubsystemGooglePlay
LogPluginManager: Mounting plugin OnlineSubsystemIOS
LogPluginManager: Mounting plugin OnlineSubsystem
LogPluginManager: Mounting plugin OnlineSubsystemNull
LogPluginManager: Mounting plugin OnlineSubsystemUtils
LogPluginManager: Mounting plugin AndroidDeviceProfileSelector
LogPluginManager: Mounting plugin AndroidMoviePlayer
LogPluginManager: Mounting plugin AndroidPermission
LogPluginManager: Mounting plugin AppleMoviePlayer
LogPluginManager: Mounting plugin ArchVisCharacter
LogPluginManager: Mounting plugin CableComponent
LogPluginManager: Mounting plugin CustomMeshComponent
LogPluginManager: Mounting plugin ExampleDeviceProfileSelector
LogPluginManager: Mounting plugin GoogleCloudMessaging
LogPluginManager: Mounting plugin ImmediatePhysics
LogPluginManager: Mounting plugin IOSDeviceProfileSelector
LogPluginManager: Mounting plugin LinuxDeviceProfileSelector
LogPluginManager: Mounting plugin LocationServicesBPLibrary
LogPluginManager: Mounting plugin MobilePatchingUtils
LogPluginManager: Mounting plugin OculusVR
LogPluginManager: Mounting plugin PhysXVehicles
LogPluginManager: Mounting plugin ProceduralMeshComponent
LogPluginManager: Mounting plugin RuntimePhysXCooking
LogPluginManager: Mounting plugin SteamVR
LogPluginManager: Mounting plugin WindowsMoviePlayer
LogInit: Using libcurl 7.47.1
LogInit:  - built for x86_64-pc-win32
LogInit:  - supports SSL with OpenSSL/1.0.2g
LogInit:  - supports HTTP deflate (compression) using libz 1.2.8
LogInit:  - other features:
LogInit:      CURL_VERSION_SSL
LogInit:      CURL_VERSION_LIBZ
LogInit:      CURL_VERSION_IPV6
LogInit:      CURL_VERSION_ASYNCHDNS
LogInit:      CURL_VERSION_LARGEFILE
LogInit:      CURL_VERSION_IDN
LogInit:  CurlRequestOptions (configurable via config and command line):
LogInit:  - bVerifyPeer = false  - Libcurl will NOT verify peer certificate
LogInit:  - bUseHttpProxy = false  - Libcurl will NOT use HTTP proxy
LogInit:  - bDontReuseConnections = false  - Libcurl will reuse connections
LogInit:  - CertBundlePath = nullptr  - Libcurl will use whatever was configured at build time.
LogInit: Build: ++UE4+Release-4.17-CL-3658906
LogInit: Engine Version: 4.17.2-3658906+++UE4+Release-4.17
LogInit: Compatible Engine Version: 4.17.0-3573198+++UE4+Release-4.17
LogInit: Net CL: 3573198
LogDevObjectVersion: Number of dev versions registered: 16
LogDevObjectVersion:   Dev-Blueprints (B0D832E4-1F89-4F0D-ACCF-7EB736FD4AA2): 10
LogDevObjectVersion:   Dev-Build (E1C64328-A22C-4D53-A36C-8E866417BD8C): 0
LogDevObjectVersion:   Dev-Core (375EC13C-06E4-48FB-B500-84F0262A717E): 2
LogDevObjectVersion:   Dev-Editor (E4B068ED-F494-42E9-A231-DA0B2E46BB41): 20
LogDevObjectVersion:   Dev-Framework (CFFC743F-43B0-4480-9391-14DF171D2073): 28
LogDevObjectVersion:   Dev-Mobile (B02B49B5-BB20-44E9-A304-32B752E40360): 0
LogDevObjectVersion:   Dev-Networking (A4E4105C-59A1-49B5-A7C5-40C4547EDFEE): 0
LogDevObjectVersion:   Dev-Online (39C831C9-5AE6-47DC-9A44-9C173E1C8E7C): 0
LogDevObjectVersion:   Dev-Physics (78F01B33-EBEA-4F98-B9B4-84EACCB95AA2): 0
LogDevObjectVersion:   Dev-Platform (6631380F-2D4D-43E0-8009-CF276956A95A): 0
LogDevObjectVersion:   Dev-Rendering (12F88B9F-8875-4AFC-A67C-D90C383ABD29): 19
LogDevObjectVersion:   Dev-Sequencer (7B5AE74C-D270-4C10-A958-57980B212A5A): 4
LogDevObjectVersion:   Dev-VR (D7296918-1DD6-4BDD-9DE2-64A83CC13884): 0
LogDevObjectVersion:   Dev-LoadTimes (C2A15278-BFE7-4AFE-6C17-90FF531DF755): 1
LogDevObjectVersion:   Private-Geometry (6EACA3D4-40EC-4CC1-B786-8BED09428FC5): 1
LogDevObjectVersion:   Dev-AnimPhys (29E575DD-E0A3-4627-9D10-D276232CDCEA): 7
LogInit: Compiled (64-bit): Sep 22 2017 13:47:16
LogInit: Compiled with Visual C++: 19.00.24215.01
LogInit: Build Configuration: Development
LogInit: Branch Name: ++UE4+Release-4.17
LogInit: Command line: -EpicPortal  -epicusername="Visin2014" -epicuserid=af8eca7cf2f64770afa50fcfdba1e890 -epiclocale=en-US
LogInit: Base directory: D:/Program Files/Epic Games/UE_4.17/Engine/Binaries/Win64/
LogInit: Installed Engine Build: 1
LogInit: Presizing for max 8388607 objects, including 0 objects not considered by GC, pre-allocating 0 bytes for permanent pool.
LogInit: Object subsystem initialized
[2020.01.12-07.59.38:336][  0]LogInit: Selected Device Profile: [Windows]
[2020.01.12-07.59.38:336][  0]LogInit: Applying CVar settings loaded from the selected device profile: [Windows]
[2020.01.12-07.59.38:354][  0]LogInit: Computer: SKY-20180922ULI
[2020.01.12-07.59.38:354][  0]LogInit: User: Administrator
[2020.01.12-07.59.38:354][  0]LogInit: CPU Page size=4096, Cores=4
[2020.01.12-07.59.38:354][  0]LogInit: High frequency timer resolution =10.000000 MHz
[2020.01.12-07.59.38:354][  0]LogMemory: Memory total: Physical=15.9GB (16GB approx)
[2020.01.12-07.59.38:354][  0]LogMemory: Platform Memory Stats for Windows
[2020.01.12-07.59.38:354][  0]LogMemory: Process Physical Memory: 278.13 MB used, 278.13 MB peak
[2020.01.12-07.59.38:354][  0]LogMemory: Process Virtual Memory: 274.39 MB used, 274.39 MB peak
[2020.01.12-07.59.38:354][  0]LogMemory: Physical Memory: 6029.65 MB used,  10270.70 MB free, 16300.36 MB total
[2020.01.12-07.59.38:354][  0]LogMemory: Virtual Memory: 4787.75 MB used,  10270.70 MB free, 134217728.00 MB total
[2020.01.12-07.59.39:015][  0]LogInit: Overriding language with editor language configuration option (en).
[2020.01.12-07.59.39:015][  0]LogInit: Overriding locale with editor locale configuration option (en).
[2020.01.12-07.59.39:910][  0]LogD3D11RHI: D3D11 adapters:
[2020.01.12-07.59.39:952][  0]LogD3D11RHI:    0. 'NVIDIA GeForce GTX 960M' (Feature Level 11_0)
[2020.01.12-07.59.39:952][  0]LogD3D11RHI:       4064/0/8150 MB DedicatedVideo/DedicatedSystem/SharedSystem, Outputs:2, VendorId:0x10de
[2020.01.12-07.59.39:962][  0]LogD3D11RHI:    1. 'Intel(R) HD Graphics 4600' (Feature Level 11_0)
[2020.01.12-07.59.39:962][  0]LogD3D11RHI:       112/0/2048 MB DedicatedVideo/DedicatedSystem/SharedSystem, Outputs:0, VendorId:0x8086
[2020.01.12-07.59.39:966][  0]LogD3D11RHI:    2. 'Microsoft Basic Render Driver' (Feature Level 11_0)
[2020.01.12-07.59.39:966][  0]LogD3D11RHI:       0/0/8150 MB DedicatedVideo/DedicatedSystem/SharedSystem, Outputs:0, VendorId:0x1414
[2020.01.12-07.59.39:966][  0]LogD3D11RHI: Chosen D3D11 Adapter: 0
[2020.01.12-07.59.39:982][  0]LogD3D11RHI: Creating new Direct3DDevice
[2020.01.12-07.59.39:982][  0]LogD3D11RHI:     GPU DeviceId: 0x139b (for the marketing name, search the web for "GPU Device Id")
[2020.01.12-07.59.39:982][  0]LogWindows: EnumDisplayDevices:
[2020.01.12-07.59.39:982][  0]LogWindows:    0. 'Intel(R) HD Graphics 4600' (P:1 D:1)
[2020.01.12-07.59.39:983][  0]LogWindows:    1. 'Intel(R) HD Graphics 4600' (P:0 D:1)
[2020.01.12-07.59.39:984][  0]LogWindows:    2. 'Intel(R) HD Graphics 4600' (P:0 D:0)
[2020.01.12-07.59.39:984][  0]LogWindows: DebugString: GetVideoDriverDetailsInvalid PrimaryIsNotTheChoosenAdapter GetVideoDriverDetailsInvalid PrimaryIsNotTheChoosenAdapter GetVideoDriverDetailsInvalid PrimaryIsNotTheChoosenAdapter FoundDriverCount:0 
[2020.01.12-07.59.39:984][  0]LogD3D11RHI:     Adapter Name: NVIDIA GeForce GTX 960M
[2020.01.12-07.59.39:984][  0]LogD3D11RHI:   Driver Version: Unknown (internal:Unknown, unified:Unknown)
[2020.01.12-07.59.39:984][  0]LogD3D11RHI:      Driver Date: Unknown
[2020.01.12-07.59.39:984][  0]LogRHI: Texture pool is 1361 MB (70% of 1945 MB)
[2020.01.12-07.59.40:010][  0]LogD3D11RHI: Async texture creation enabled
[2020.01.12-07.59.40:021][  0]LogD3D11RHI: GPU Timing Frequency: 1000.000000 (Debug: 2 1)
[2020.01.12-07.59.40:023][  0]LogShaderCompilers: Guid format shader working directory is 1 characters bigger than the processId version (../../../../../../Documents/GitProject/UE_TankGame/Game/Intermediate/Shaders/WorkingDirectory/84/).
[2020.01.12-07.59.40:024][  0]LogShaderCompilers: Cleaned the shader compiler working directory 'C:/Users/Administrator/AppData/Local/Temp/UnrealShaderWorkingDir/0FB6DEBF48F09FFD21A8CABD936DA756/'.
[2020.01.12-07.59.40:024][  0]LogShaderCompilers: Display: Using Local Shader Compiler.
[2020.01.12-07.59.41:396][  0]LogTemp: Display: Loaded TP AllDesktopTargetPlatform
[2020.01.12-07.59.41:562][  0]LogTemp: Display: Loaded TP MacClientTargetPlatform
[2020.01.12-07.59.41:736][  0]LogTemp: Display: Loaded TP MacNoEditorTargetPlatform
[2020.01.12-07.59.41:900][  0]LogTemp: Display: Loaded TP MacServerTargetPlatform
[2020.01.12-07.59.42:068][  0]LogTemp: Display: Loaded TP MacTargetPlatform
[2020.01.12-07.59.42:235][  0]LogTemp: Display: Loaded TP WindowsClientTargetPlatform
[2020.01.12-07.59.42:407][  0]LogTemp: Display: Loaded TP WindowsNoEditorTargetPlatform
[2020.01.12-07.59.42:583][  0]LogTemp: Display: Loaded TP WindowsServerTargetPlatform
[2020.01.12-07.59.42:781][  0]LogTemp: Display: Loaded TP WindowsTargetPlatform
[2020.01.12-07.59.42:967][  0]LogTemp: Display: Loaded TP AndroidTargetPlatform
[2020.01.12-07.59.43:175][  0]LogTemp: Display: Loaded TP Android_ASTCTargetPlatform
[2020.01.12-07.59.43:361][  0]LogTemp: Display: Loaded TP Android_ATCTargetPlatform
[2020.01.12-07.59.43:536][  0]LogTemp: Display: Loaded TP Android_DXTTargetPlatform
[2020.01.12-07.59.43:716][  0]LogTemp: Display: Loaded TP Android_ETC1TargetPlatform
[2020.01.12-07.59.43:904][  0]LogTemp: Display: Loaded TP Android_ETC2TargetPlatform
[2020.01.12-07.59.44:250][  0]LogTemp: Display: Loaded TP Android_MultiTargetPlatform
[2020.01.12-07.59.44:250][  0]LogTemp: Display: Loaded TP Android_PVRTCTargetPlatform
[2020.01.12-07.59.44:405][  0]LogTemp: Display: Loaded TP HTML5TargetPlatform
[2020.01.12-07.59.44:698][  0]LogTemp: Display: Loaded TP IOSTargetPlatform
[2020.01.12-07.59.44:805][  0]LogTemp: Display: Loaded TP TVOSTargetPlatform
[2020.01.12-07.59.44:976][  0]LogTemp: Display: Loaded TP LinuxClientTargetPlatform
[2020.01.12-07.59.45:154][  0]LogTemp: Display: Loaded TP LinuxNoEditorTargetPlatform
[2020.01.12-07.59.45:350][  0]LogTemp: Display: Loaded TP LinuxServerTargetPlatform
[2020.01.12-07.59.45:528][  0]LogTemp: Display: Loaded TP LinuxTargetPlatform
[2020.01.12-07.59.45:528][  0]LogTargetPlatformManager: Display: Building Assets For Windows
[2020.01.12-07.59.47:685][  0]LogDerivedDataCache: Display: Max Cache Size: 512 MB
[2020.01.12-07.59.47:811][  0]LogDerivedDataCache: Loaded boot cache 0.13s 93MB C:/Users/Administrator/AppData/Local/UnrealEngine/4.17/DerivedDataCache/Boot.ddc.
[2020.01.12-07.59.47:811][  0]LogDerivedDataCache: Display: Loaded Boot cache: C:/Users/Administrator/AppData/Local/UnrealEngine/4.17/DerivedDataCache/Boot.ddc
[2020.01.12-07.59.47:811][  0]LogDerivedDataCache: FDerivedDataBackendGraph:  Pak pak cache file ../../../../../../Documents/GitProject/UE_TankGame/Game/DerivedDataCache/DDC.ddp not found, will not use a pak cache.
[2020.01.12-07.59.47:811][  0]LogDerivedDataCache: Unable to find inner node Pak for hierarchical cache Hierarchy.
[2020.01.12-07.59.47:812][  0]LogDerivedDataCache: FDerivedDataBackendGraph:  CompressedPak pak cache file ../../../../../../Documents/GitProject/UE_TankGame/Game/DerivedDataCache/Compressed.ddp not found, will not use a pak cache.
[2020.01.12-07.59.47:812][  0]LogDerivedDataCache: Unable to find inner node CompressedPak for hierarchical cache Hierarchy.
[2020.01.12-07.59.47:837][  0]LogDerivedDataCache: Display: Pak cache opened for reading ../../../Engine/DerivedDataCache/Compressed.ddp.
[2020.01.12-07.59.47:853][  0]LogDerivedDataCache: Using Local data cache path C:/Users/Administrator/AppData/Local/UnrealEngine/Common/DerivedDataCache: Writable
[2020.01.12-07.59.47:863][  0]LogMaterial: Verifying Global Shaders for PCD3D_SM5
[2020.01.12-07.59.47:863][  0]LogSlate: Using Freetype 2.6.0
[2020.01.12-07.59.47:864][  0]LogSlate: SlateFontCache - WITH_FREETYPE: 1, WITH_HARFBUZZ: 1
[2020.01.12-07.59.47:864][  0]LogSlate: SlateFontCache - WITH_FREETYPE: 1, WITH_HARFBUZZ: 1
[2020.01.12-07.59.48:213][  0]LogAssetRegistry: FAssetRegistry took 0.0273 seconds to start up
[2020.01.12-07.59.48:449][  0]LogInit: Selected Device Profile: [Windows]
[2020.01.12-07.59.48:674][  0]LogContentStreaming: Texture pool size is 0.00 MB
[2020.01.12-07.59.49:746][  0]LogSimplygon: Simplygon DLL not present - disabling.
[2020.01.12-07.59.49:909][  0]LogMeshReduction: Using SimplygonSwarm for distributed automatic mesh merging
[2020.01.12-07.59.49:909][  0]LogMeshReduction: Using QuadricMeshReduction for automatic static mesh reduction
[2020.01.12-07.59.49:909][  0]LogMeshReduction: No automatic skeletal mesh reduction module available
[2020.01.12-07.59.49:909][  0]LogMeshReduction: No automatic mesh merging module available
[2020.01.12-07.59.49:909][  0]LogMeshMerging: No automatic mesh merging module available
[2020.01.12-07.59.50:499][  0]LogNetVersion: Game , NetCL: 3573198, EngineNetVer: 2, GameNetVer: 0 (Checksum: 2957514414)
[2020.01.12-07.59.50:994][  0]LogPackageLocalizationCache: Processed 5 localized package path(s) for 1 prioritized culture(s) in 0.070961 seconds
[2020.01.12-07.59.51:004][  0]LogUObjectArray: 35825 objects as part of root set at end of initial load.
[2020.01.12-07.59.51:004][  0]LogUObjectAllocator: 7529112 out of 0 bytes used by permanent object pool.
[2020.01.12-07.59.51:004][  0]LogUObjectArray: CloseDisregardForGC: 0/0 objects in disregard for GC pool
[2020.01.12-07.59.51:300][  0]LogInit: WinSock: version 1.1 (2.2), MaxSocks=32767, MaxUdp=65467
[2020.01.12-07.59.57:944][  0]LogTcpMessaging: Initializing TcpMessaging bridge
[2020.01.12-07.59.58:056][  0]LogUdpMessaging: Initializing bridge on interface 0.0.0.0:0 to multicast group 230.0.0.1:6666.
[2020.01.12-08.00.00:261][  0]LogMaterial: Uniform references updated for custom material expression Custom.
[2020.01.12-08.00.01:492][  0]SourceControl: Source control is disabled
[2020.01.12-08.00.01:492][  0]SourceControl: Source control is disabled
[2020.01.12-08.00.01:653][  0]SourceControl: Source control is disabled
[2020.01.12-08.00.01:824][  0]SourceControl: Source control is disabled
[2020.01.12-08.00.03:844][  0]LogAndroidPermission: UAndroidPermissionCallbackProxy::GetInstance
[2020.01.12-08.00.04:732][  0]LogOcInput: OculusInput pre-init called
[2020.01.12-08.00.05:569][  0]LogEngine: Initializing Engine...
[2020.01.12-08.00.05:573][  0]LogHMD: Failed to initialize OpenVR with code 110
[2020.01.12-08.00.05:881][  0]LogStats: UGameplayTagsManager::ConstructGameplayTagTree: Construct from data asset -  0.000 s
[2020.01.12-08.00.05:881][  0]LogStats: UGameplayTagsManager::ConstructGameplayTagTree: GameplayTagTreeChangedEvent.Broadcast -  0.000 s
[2020.01.12-08.00.06:345][  0]LogAIModule: Creating AISystem for world Untitled
[2020.01.12-08.00.06:380][  0]LogInit: XAudio2 using '扬声器 (Realtek High Definition Audio)' : 2 channels at 48 kHz using 32 bits per sample (channel mask 0x3)
[2020.01.12-08.00.06:482][  0]LogInit: FAudioDevice initialized.
[2020.01.12-08.00.06:655][  0]LogDerivedDataCache: Saved boot cache 0.17s 93MB C:/Users/Administrator/AppData/Local/UnrealEngine/4.17/DerivedDataCache/Boot.ddc.
[2020.01.12-08.00.06:663][  0]LogInit: Texture streaming: Enabled
[2020.01.12-08.00.07:148][  0]LogEngineSessionManager: EngineSessionManager initialized
[2020.01.12-08.00.07:939][  0]LogInit: Transaction tracking system initialized
[2020.01.12-08.00.09:160][  0]BlueprintLog: New page: Editor Load
[2020.01.12-08.00.12:537][  0]LocalizationService: Localization service is disabled
[2020.01.12-08.00.14:943][  0]LogConsoleResponse: Display: 
[2020.01.12-08.00.15:262][  0]LogCook: Display: Max memory allowance for cook 16384mb min free memory 0mb
[2020.01.12-08.00.15:262][  0]LogCook: Display: Mobile HDR setting 1
[2020.01.12-08.00.15:262][  0]LogGameplayTags: Display: UGameplayTagsManager::DoneAddingNativeTags. DelegateIsBound: 0
[2020.01.12-08.00.15:355][  0]LogFileCache: Scanning file cache for directory 'D:/Documents/GitProject/UE_TankGame/Game/Content/' took 0.01s
[2020.01.12-08.00.18:965][  0]SourceControl: Source control is disabled
[2020.01.12-08.00.18:965][  0]Cmd: MAP LOAD FILE="../../../Engine/Content/Maps/Templates/Template_Default.umap" TEMPLATE=1 SHOWPROGRESS=1 FEATURELEVEL=3
[2020.01.12-08.00.18:966][  0]LightingResults: New page: Lighting Build
[2020.01.12-08.00.19:114][  0]MapCheck: New page: Map Check
[2020.01.12-08.00.19:114][  0]LightingResults: New page: Lighting Build
[2020.01.12-08.00.19:305][  0]LogAIModule: Creating AISystem for world Untitled_1
[2020.01.12-08.00.19:313][  0]LogEditorServer: Finished looking for orphan Actors (0.000 secs)
[2020.01.12-08.00.19:325][  0]Cmd: MAP CHECKDEP NOCLEARLOG
[2020.01.12-08.00.19:403][  0]MapCheck: Map check complete: 0 Error(s), 0 Warning(s), took 78.296ms to complete.
[2020.01.12-08.00.19:403][  0]LogFileHelpers: Loading map 'Template_Default' took 0.439
[2020.01.12-08.00.19:693][  0]LogCollectionManager: Loaded 0 collections in 0.002539 seconds
[2020.01.12-08.00.19:916][  0]LogFileCache: Scanning file cache for directory 'D:/Documents/GitProject/UE_TankGame/Game/Saved/Collections/' took 0.01s
[2020.01.12-08.00.19:916][  0]LogFileCache: Scanning file cache for directory 'D:/Documents/GitProject/UE_TankGame/Game/Content/Developers/Administrator/Collections/' took 0.01s
[2020.01.12-08.00.19:916][  0]LogFileCache: Scanning file cache for directory 'D:/Documents/GitProject/UE_TankGame/Game/Content/Collections/' took 0.01s
[2020.01.12-08.00.19:916][  0]LogCollectionManager: Rebuilt the GUID cache for 0 collections in 0.000001 seconds
[2020.01.12-08.00.19:928][  0]LogContentBrowser: Native class hierarchy populated in 0.0102 seconds. Added 2387 classes and 502 folders.
[2020.01.12-08.00.20:171][  0]LogContentBrowser: Native class hierarchy updated for 'WidgetCarousel' in 0.0020 seconds. Added 0 classes and 0 folders.
[2020.01.12-08.00.20:341][  0]LogContentBrowser: Native class hierarchy updated for 'AddContentDialog' in 0.0017 seconds. Added 0 classes and 0 folders.
[2020.01.12-08.00.20:504][  0]LogContentBrowser: Native class hierarchy updated for 'SceneOutliner' in 0.0018 seconds. Added 1 classes and 2 folders.
[2020.01.12-08.00.20:589][  0]LogSlate: Took 0.000216 seconds to synchronously load lazily loaded font '../../../Engine/Content/Slate/Fonts/Roboto-Regular.ttf' (155K)
[2020.01.12-08.00.20:591][  0]LogSlate: Took 0.000206 seconds to synchronously load lazily loaded font '../../../Engine/Content/Slate/Fonts/Roboto-Bold.ttf' (160K)
[2020.01.12-08.00.20:602][  0]LogSlate: Took 0.001622 seconds to synchronously load lazily loaded font '../../../Engine/Content/Editor/Slate/Fonts/FontAwesome.ttf' (139K)
[2020.01.12-08.00.20:726][  0]LogRenderer: Reallocating scene render targets to support 1012x508 Format 10 NumSamples 1 (Frame:1).
[2020.01.12-08.00.21:047][  0]LogContentBrowser: Native class hierarchy updated for 'HierarchicalLODOutliner' in 0.0018 seconds. Added 1 classes and 2 folders.
[2020.01.12-08.00.21:047][  0]LogLoad: (Engine Initialization) Total time: 47.29 seconds
[2020.01.12-08.00.21:047][  0]LogLoad: (Engine Initialization) Total Blueprint compile time: 0.00 seconds
[2020.01.12-08.00.21:047][  0]LogExternalProfiler: Found external profiler: VSPerf
[2020.01.12-08.00.21:047][  0]LogExternalProfiler: Using external profiler: VSPerf
[2020.01.12-08.00.21:404][  0]LogAssetRegistry: Asset discovery search completed in 33.2131 seconds
[2020.01.12-08.00.21:406][  0]LogCollectionManager: Rebuilt the object cache for 0 collections in 0.000000 seconds (found 0 objects)
[2020.01.12-08.00.21:406][  0]LogCollectionManager: Fixed up redirectors for 0 collections in 0.000077 seconds (updated 0 objects)
[2020.01.12-08.00.21:411][  0]LogContentStreaming: Texture pool size now 1000 MB
[2020.01.12-08.00.21:475][  0]LogSlate: Took 0.001853 seconds to synchronously load lazily loaded font '../../../Engine/Content/Slate/Fonts/Roboto-Light.ttf' (159K)
[2020.01.12-08.01.15:553][316]LogSlate: Took 0.000181 seconds to synchronously load lazily loaded font '../../../Engine/Content/Slate/Fonts/Roboto-Light.ttf' (159K)
[2020.01.12-08.01.15:623][316]LogLinker: Warning: Can't find file '/Game/Maps/Demo_BuiltData'
[2020.01.12-08.01.15:623][316]LogLinker: Warning: Can't find file for asset '/Game/Maps/Demo_BuiltData' while loading ../../../../../../Documents/GitProject/UE_TankGame/Game/Content/Maps/Demo.umap.
[2020.01.12-08.01.15:623][316]LoadErrors: Error: /Game/Maps/Demo : Can't find file for asset. /Game/Maps/Demo_BuiltData
[2020.01.12-08.01.15:628][316]LogLinker: Warning: Can't find file '/Game/Maps/Demo_BuiltData'
[2020.01.12-08.01.15:628][316]LogLinker: Warning: Can't find file for asset '/Game/Maps/Demo_BuiltData' while loading ../../../../../../Documents/GitProject/UE_TankGame/Game/Content/Maps/Demo.umap.
[2020.01.12-08.01.15:656][316]LogLinker: Warning: Can't find file '/Game/Maps/Demo_BuiltData'
[2020.01.12-08.01.15:656][316]LoadErrors: Failed to load /Game/Maps/Demo_BuiltData.Demo_BuiltData Referenced by PersistentLevel
[2020.01.12-08.01.15:656][316]LogLinker: Warning: Can't find file for asset '/Game/Maps/Demo_BuiltData' while loading NULL.
[2020.01.12-08.01.15:718][316]LogAIModule: Creating AISystem for world Demo
[2020.01.12-08.01.15:748][316]Cmd: MAP LOAD FILE="../../../../../../Documents/GitProject/UE_TankGame/Game/Content/Maps/Demo.umap" TEMPLATE=0 SHOWPROGRESS=1 FEATURELEVEL=3
[2020.01.12-08.01.15:749][316]LightingResults: New page: Lighting Build
[2020.01.12-08.01.15:749][316]LoadErrors: New page: Loading map: Demo.umap
[2020.01.12-08.01.15:750][316]MapCheck: New page: Map Check
[2020.01.12-08.01.15:750][316]LightingResults: New page: Lighting Build
[2020.01.12-08.01.15:889][316]LogEditorServer: Finished looking for orphan Actors (0.000 secs)
[2020.01.12-08.01.15:958][316]Cmd: MAP CHECKDEP NOCLEARLOG
[2020.01.12-08.01.16:046][316]MapCheck: Map check complete: 0 Error(s), 0 Warning(s), took 87.473ms to complete.
[2020.01.12-08.01.16:046][316]LogFileHelpers: Loading map 'Demo' took 0.299
[2020.01.12-08.01.26:326][926]LogTemp: Repeating last play command: Selected Viewport
[2020.01.12-08.01.26:365][926]LogPlayLevel: PlayLevel: No blueprints needed recompiling
[2020.01.12-08.01.26:367][926]PIE: New page: PIE session: Demo (Jan 13, 2020, 12:01:26 AM)
[2020.01.12-08.01.26:367][926]LogPlayLevel: Creating play world package: /Game/Maps/UEDPIE_0_Demo
[2020.01.12-08.01.26:378][926]LogPlayLevel: PIE: StaticDuplicateObject took: (0.010629s)
[2020.01.12-08.01.26:378][926]LogAIModule: Creating AISystem for world Demo
[2020.01.12-08.01.26:378][926]LogPlayLevel: PIE: World Init took: (0.000828s)
[2020.01.12-08.01.26:379][926]LogPlayLevel: PIE: Created PIE world by copying editor world from /Game/Maps/Demo.Demo to /Game/Maps/UEDPIE_0_Demo.Demo (0.011725s)
[2020.01.12-08.01.26:410][926]LogInit: XAudio2 using '扬声器 (Realtek High Definition Audio)' : 2 channels at 48 kHz using 32 bits per sample (channel mask 0x3)
[2020.01.12-08.01.26:448][926]LogInit: FAudioDevice initialized.
[2020.01.12-08.01.26:492][926]LogLoad: Game class is 'GameModeBase'
[2020.01.12-08.01.26:499][926]LogWorld: Bringing World /Game/Maps/UEDPIE_0_Demo.Demo up for play (max tick rate 60) at 2020.01.12-16.01.26
[2020.01.12-08.01.26:502][926]LogWorld: Bringing up level for play took: 0.006823
[2020.01.12-08.01.26:658][926]LogContentBrowser: Native class hierarchy updated for 'MovieSceneCapture' in 0.0018 seconds. Added 11 classes and 0 folders.
[2020.01.12-08.01.26:660][926]PIE: Play in editor start time for /Game/Maps/UEDPIE_0_Demo 0.126
[2020.01.12-08.02.50:565][ 28]LogTemp: Repeating last play command: Selected Viewport
[2020.01.12-08.02.50:581][ 28]LogPlayLevel: PlayLevel: No blueprints needed recompiling
[2020.01.12-08.02.50:581][ 28]PIE: New page: PIE session: Demo (Jan 13, 2020, 12:02:50 AM)
[2020.01.12-08.02.50:581][ 28]LogPlayLevel: Creating play world package: /Game/Maps/UEDPIE_0_Demo
[2020.01.12-08.02.50:593][ 28]LogPlayLevel: PIE: StaticDuplicateObject took: (0.011523s)
[2020.01.12-08.02.50:594][ 28]LogAIModule: Creating AISystem for world Demo
[2020.01.12-08.02.50:594][ 28]LogPlayLevel: PIE: World Init took: (0.001039s)
[2020.01.12-08.02.50:594][ 28]LogPlayLevel: PIE: Created PIE world by copying editor world from /Game/Maps/Demo.Demo to /Game/Maps/UEDPIE_0_Demo.Demo (0.012844s)
[2020.01.12-08.02.50:626][ 28]LogInit: XAudio2 using '扬声器 (Realtek High Definition Audio)' : 2 channels at 48 kHz using 32 bits per sample (channel mask 0x3)
[2020.01.12-08.02.50:667][ 28]LogInit: FAudioDevice initialized.
[2020.01.12-08.02.50:704][ 28]LogLoad: Game class is 'GameModeBase'
[2020.01.12-08.02.50:708][ 28]LogWorld: Bringing World /Game/Maps/UEDPIE_0_Demo.Demo up for play (max tick rate 60) at 2020.01.12-16.02.50
[2020.01.12-08.02.50:709][ 28]LogWorld: Bringing up level for play took: 0.003211
[2020.01.12-08.02.50:710][ 28]PIE: Play in editor start time for /Game/Maps/UEDPIE_0_Demo 0.175
[2020.01.12-08.03.07:521][941]LogContentBrowser: Native class hierarchy updated for 'BlueprintGraph' in 0.0028 seconds. Added 113 classes and 0 folders.
[2020.01.12-08.03.08:438][941]LogSlate: Took 0.000225 seconds to synchronously load lazily loaded font '../../../Engine/Content/Slate/Fonts/Roboto-Regular.ttf' (155K)
[2020.01.12-08.03.08:558][941]LogSlate: Took 0.001777 seconds to synchronously load lazily loaded font '../../../Engine/Content/Editor/Slate/Fonts/Roboto-BoldCondensed.ttf' (158K)
[2020.01.12-08.03.16:501][266]LogSlate: Took 0.001751 seconds to synchronously load lazily loaded font '../../../Engine/Content/Editor/Slate/Fonts/Roboto-Italic.ttf' (157K)
[2020.01.12-08.04.53:228][436]LogRenderer: Reallocating scene render targets to support 1012x516 Format 10 NumSamples 1 (Frame:118).
[2020.01.12-08.04.53:287][436]LogRenderer: Reallocating scene render targets to support 1012x524 Format 10 NumSamples 1 (Frame:119).
[2020.01.12-08.04.54:432][468]LogRenderer: Reallocating scene render targets to support 1012x696 Format 10 NumSamples 1 (Frame:154).
[2020.01.12-08.05.28:120][318]BlueprintLog: New page: Compile BP_Tank
[2020.01.12-08.05.33:600][588]LogTemp: Repeating last play command: Selected Viewport
[2020.01.12-08.05.33:628][588]LogPlayLevel: PlayLevel: No blueprints needed recompiling
[2020.01.12-08.05.33:628][588]PIE: New page: PIE session: Demo (Jan 13, 2020, 12:05:33 AM)
[2020.01.12-08.05.33:628][588]LogPlayLevel: Creating play world package: /Game/Maps/UEDPIE_0_Demo
[2020.01.12-08.05.33:642][588]LogPlayLevel: PIE: StaticDuplicateObject took: (0.014211s)
[2020.01.12-08.05.33:643][588]LogAIModule: Creating AISystem for world Demo
[2020.01.12-08.05.33:643][588]LogPlayLevel: PIE: World Init took: (0.001121s)
[2020.01.12-08.05.33:643][588]LogPlayLevel: PIE: Created PIE world by copying editor world from /Game/Maps/Demo.Demo to /Game/Maps/UEDPIE_0_Demo.Demo (0.015676s)
[2020.01.12-08.05.33:694][588]LogInit: XAudio2 using '扬声器 (Realtek High Definition Audio)' : 2 channels at 48 kHz using 32 bits per sample (channel mask 0x3)
[2020.01.12-08.05.33:745][588]LogInit: FAudioDevice initialized.
[2020.01.12-08.05.33:779][588]LogLoad: Game class is 'GameModeBase'
[2020.01.12-08.05.33:784][588]LogWorld: Bringing World /Game/Maps/UEDPIE_0_Demo.Demo up for play (max tick rate 60) at 2020.01.12-16.05.33
[2020.01.12-08.05.33:784][588]LogWorld: Bringing up level for play took: 0.004249
[2020.01.12-08.05.33:787][588]PIE: Play in editor start time for /Game/Maps/UEDPIE_0_Demo -0.748
[2020.01.12-08.05.47:364][187]LogEditorViewport: Clicking on Actor (context menu): BP_Sky_Sphere_C (Sky Sphere)
[2020.01.12-08.05.49:959][322]LogTemp: Repeating last play command: Selected Viewport
[2020.01.12-08.05.49:978][322]LogPlayLevel: PlayLevel: No blueprints needed recompiling
[2020.01.12-08.05.49:978][322]PIE: New page: PIE session: Demo (Jan 13, 2020, 12:05:49 AM)
[2020.01.12-08.05.49:978][322]LogPlayLevel: Creating play world package: /Game/Maps/UEDPIE_0_Demo
[2020.01.12-08.05.49:991][322]LogPlayLevel: PIE: StaticDuplicateObject took: (0.013329s)
[2020.01.12-08.05.49:992][322]LogAIModule: Creating AISystem for world Demo
[2020.01.12-08.05.49:992][322]LogPlayLevel: PIE: World Init took: (0.001139s)
[2020.01.12-08.05.49:993][322]LogPlayLevel: PIE: Created PIE world by copying editor world from /Game/Maps/Demo.Demo to /Game/Maps/UEDPIE_0_Demo.Demo (0.014756s)
[2020.01.12-08.05.50:040][322]LogInit: XAudio2 using '扬声器 (Realtek High Definition Audio)' : 2 channels at 48 kHz using 32 bits per sample (channel mask 0x3)
[2020.01.12-08.05.50:087][322]LogInit: FAudioDevice initialized.
[2020.01.12-08.05.50:122][322]LogLoad: Game class is 'GameModeBase'
[2020.01.12-08.05.50:126][322]LogWorld: Bringing World /Game/Maps/UEDPIE_0_Demo.Demo up for play (max tick rate 60) at 2020.01.12-16.05.50
[2020.01.12-08.05.50:126][322]LogWorld: Bringing up level for play took: 0.003473
[2020.01.12-08.05.50:128][322]PIE: Play in editor start time for /Game/Maps/UEDPIE_0_Demo -0.406
[2020.01.12-08.05.55:974][642]LogEditorActor: Deleted Actor: PlayerStart
[2020.01.12-08.05.55:995][642]LogEditorActor: Deleted 1 Actors (0.022 secs)
[2020.01.12-08.05.57:799][747]Cmd: OBJ SAVEPACKAGE PACKAGE="/Game/Maps/Demo" FILE="../../../../../../Documents/GitProject/UE_TankGame/Game/Content/Maps/Demo.umap" SILENT=true AUTOSAVING=false KEEPDIRTY=false
[2020.01.12-08.05.58:194][747]LogSavePackage: Save=352.26ms
[2020.01.12-08.05.58:194][747]LogSavePackage: Moving '../../../../../../Documents/GitProject/UE_TankGame/Game/Saved/Demo3AE39F294E9E7428B9ABF1AB3EC3391A.tmp' to '../../../../../../Documents/GitProject/UE_TankGame/Game/Content/Maps/Demo.umap'
[2020.01.12-08.05.58:212][747]LogSavePackage: Display: Finished SavePackage ../../../../../../Documents/GitProject/UE_TankGame/Game/Content/Maps/Demo.umap
[2020.01.12-08.05.59:536][816]LogTemp: Repeating last play command: Selected Viewport
[2020.01.12-08.05.59:554][816]LogPlayLevel: PlayLevel: No blueprints needed recompiling
[2020.01.12-08.05.59:554][816]PIE: New page: PIE session: Demo (Jan 13, 2020, 12:05:59 AM)
[2020.01.12-08.05.59:554][816]LogPlayLevel: Creating play world package: /Game/Maps/UEDPIE_0_Demo
[2020.01.12-08.05.59:568][816]LogPlayLevel: PIE: StaticDuplicateObject took: (0.013263s)
[2020.01.12-08.05.59:569][816]LogAIModule: Creating AISystem for world Demo
[2020.01.12-08.05.59:569][816]LogPlayLevel: PIE: World Init took: (0.001223s)
[2020.01.12-08.05.59:569][816]LogPlayLevel: PIE: Created PIE world by copying editor world from /Game/Maps/Demo.Demo to /Game/Maps/UEDPIE_0_Demo.Demo (0.014835s)
[2020.01.12-08.05.59:618][816]LogInit: XAudio2 using '扬声器 (Realtek High Definition Audio)' : 2 channels at 48 kHz using 32 bits per sample (channel mask 0x3)
[2020.01.12-08.05.59:665][816]LogInit: FAudioDevice initialized.
[2020.01.12-08.05.59:700][816]LogLoad: Game class is 'GameModeBase'
[2020.01.12-08.05.59:705][816]LogWorld: Bringing World /Game/Maps/UEDPIE_0_Demo.Demo up for play (max tick rate 60) at 2020.01.12-16.05.59
[2020.01.12-08.05.59:705][816]LogWorld: Bringing up level for play took: 0.003570
[2020.01.12-08.05.59:706][816]PIE: Play in editor start time for /Game/Maps/UEDPIE_0_Demo -0.828
[2020.01.12-08.06.08:756][326]LogTemp: Repeating last play command: Selected Viewport
[2020.01.12-08.06.08:773][326]LogPlayLevel: PlayLevel: No blueprints needed recompiling
[2020.01.12-08.06.08:774][326]PIE: New page: PIE session: Demo (Jan 13, 2020, 12:06:08 AM)
[2020.01.12-08.06.08:774][326]LogPlayLevel: Creating play world package: /Game/Maps/UEDPIE_0_Demo
[2020.01.12-08.06.08:787][326]LogPlayLevel: PIE: StaticDuplicateObject took: (0.013378s)
[2020.01.12-08.06.08:788][326]LogAIModule: Creating AISystem for world Demo
[2020.01.12-08.06.08:788][326]LogPlayLevel: PIE: World Init took: (0.000980s)
[2020.01.12-08.06.08:788][326]LogPlayLevel: PIE: Created PIE world by copying editor world from /Game/Maps/Demo.Demo to /Game/Maps/UEDPIE_0_Demo.Demo (0.014688s)
[2020.01.12-08.06.08:862][326]LogInit: XAudio2 using '扬声器 (Realtek High Definition Audio)' : 2 channels at 48 kHz using 32 bits per sample (channel mask 0x3)
[2020.01.12-08.06.08:909][326]LogInit: FAudioDevice initialized.
[2020.01.12-08.06.08:942][326]LogLoad: Game class is 'GameModeBase'
[2020.01.12-08.06.08:946][326]LogWorld: Bringing World /Game/Maps/UEDPIE_0_Demo.Demo up for play (max tick rate 60) at 2020.01.12-16.06.08
[2020.01.12-08.06.08:947][326]LogWorld: Bringing up level for play took: 0.003488
[2020.01.12-08.06.08:948][326]PIE: Play in editor start time for /Game/Maps/UEDPIE_0_Demo 0.414
[2020.01.12-08.06.17:919][830]LogTemp: Repeating last play command: Selected Viewport
[2020.01.12-08.06.17:936][830]LogPlayLevel: PlayLevel: No blueprints needed recompiling
[2020.01.12-08.06.17:937][830]PIE: New page: PIE session: Demo (Jan 13, 2020, 12:06:17 AM)
[2020.01.12-08.06.17:937][830]LogPlayLevel: Creating play world package: /Game/Maps/UEDPIE_0_Demo
[2020.01.12-08.06.17:950][830]LogPlayLevel: PIE: StaticDuplicateObject took: (0.013546s)
[2020.01.12-08.06.17:951][830]LogAIModule: Creating AISystem for world Demo
[2020.01.12-08.06.17:951][830]LogPlayLevel: PIE: World Init took: (0.000879s)
[2020.01.12-08.06.17:951][830]LogPlayLevel: PIE: Created PIE world by copying editor world from /Game/Maps/Demo.Demo to /Game/Maps/UEDPIE_0_Demo.Demo (0.014713s)
[2020.01.12-08.06.18:028][830]LogInit: XAudio2 using '扬声器 (Realtek High Definition Audio)' : 2 channels at 48 kHz using 32 bits per sample (channel mask 0x3)
[2020.01.12-08.06.18:075][830]LogInit: FAudioDevice initialized.
[2020.01.12-08.06.18:108][830]LogLoad: Game class is 'GameModeBase'
[2020.01.12-08.06.18:112][830]LogWorld: Bringing World /Game/Maps/UEDPIE_0_Demo.Demo up for play (max tick rate 60) at 2020.01.12-16.06.18
[2020.01.12-08.06.18:113][830]LogWorld: Bringing up level for play took: 0.003521
[2020.01.12-08.06.18:114][830]PIE: Play in editor start time for /Game/Maps/UEDPIE_0_Demo -0.42
[2020.01.12-08.07.38:060][957]BlueprintLog: New page: Compile BP_Tank
[2020.01.12-08.07.38:821][966]Cmd: OBJ SAVEPACKAGE PACKAGE="/Game/Bluprints/BP_Tank" FILE="../../../../../../Documents/GitProject/UE_TankGame/Game/Content/Bluprints/BP_Tank.uasset" SILENT=true
[2020.01.12-08.07.38:875][966]LogSavePackage: Save=35.26ms
[2020.01.12-08.07.38:875][966]LogSavePackage: Moving '../../../../../../Documents/GitProject/UE_TankGame/Game/Saved/BP_TankB126B7A544DF91992455459ABC352301.tmp' to '../../../../../../Documents/GitProject/UE_TankGame/Game/Content/Bluprints/BP_Tank.uasset'
[2020.01.12-08.07.38:893][966]LogSavePackage: Display: Finished SavePackage ../../../../../../Documents/GitProject/UE_TankGame/Game/Content/Bluprints/BP_Tank.uasset
[2020.01.12-08.07.41:057][ 91]LogTemp: Repeating last play command: Selected Viewport
[2020.01.12-08.07.41:079][ 91]LogPlayLevel: PlayLevel: No blueprints needed recompiling
[2020.01.12-08.07.41:079][ 91]PIE: New page: PIE session: Demo (Jan 13, 2020, 12:07:41 AM)
[2020.01.12-08.07.41:079][ 91]LogPlayLevel: Creating play world package: /Game/Maps/UEDPIE_0_Demo
[2020.01.12-08.07.41:093][ 91]LogPlayLevel: PIE: StaticDuplicateObject took: (0.013445s)
[2020.01.12-08.07.41:093][ 91]LogAIModule: Creating AISystem for world Demo
[2020.01.12-08.07.41:094][ 91]LogPlayLevel: PIE: World Init took: (0.000915s)
[2020.01.12-08.07.41:094][ 91]LogPlayLevel: PIE: Created PIE world by copying editor world from /Game/Maps/Demo.Demo to /Game/Maps/UEDPIE_0_Demo.Demo (0.014706s)
[2020.01.12-08.07.41:172][ 91]LogInit: XAudio2 using '扬声器 (Realtek High Definition Audio)' : 2 channels at 48 kHz using 32 bits per sample (channel mask 0x3)
[2020.01.12-08.07.41:226][ 91]LogInit: FAudioDevice initialized.
[2020.01.12-08.07.41:259][ 91]LogLoad: Game class is 'GameModeBase'
[2020.01.12-08.07.41:264][ 91]LogWorld: Bringing World /Game/Maps/UEDPIE_0_Demo.Demo up for play (max tick rate 60) at 2020.01.12-16.07.41
[2020.01.12-08.07.41:265][ 91]LogWorld: Bringing up level for play took: 0.004814
[2020.01.12-08.07.41:267][ 91]PIE: Play in editor start time for /Game/Maps/UEDPIE_0_Demo 0.732
[2020.01.12-08.08.00:694][136]Cmd: OBJ SAVEPACKAGE PACKAGE="/Game/Bluprints/BP_Tank" FILE="../../../../../../Documents/GitProject/UE_TankGame/Game/Content/Bluprints/BP_Tank.uasset" SILENT=true
[2020.01.12-08.08.00:740][136]LogSavePackage: Save=33.67ms
[2020.01.12-08.08.00:741][136]LogSavePackage: Moving '../../../../../../Documents/GitProject/UE_TankGame/Game/Saved/BP_Tank79C604B349878410B9E7B3A8BDBC42EE.tmp' to '../../../../../../Documents/GitProject/UE_TankGame/Game/Content/Bluprints/BP_Tank.uasset'
[2020.01.12-08.08.00:759][136]LogSavePackage: Display: Finished SavePackage ../../../../../../Documents/GitProject/UE_TankGame/Game/Content/Bluprints/BP_Tank.uasset
[2020.01.12-08.08.02:711][236]BlueprintLog: New page: Compile BP_Tank
[2020.01.12-08.08.43:414][538]Cmd: OBJ SAVEPACKAGE PACKAGE="/Game/Bluprints/BP_Tank" FILE="../../../../../../Documents/GitProject/UE_TankGame/Game/Content/Bluprints/BP_Tank.uasset" SILENT=true
[2020.01.12-08.08.43:466][538]LogSavePackage: Save=39.36ms
[2020.01.12-08.08.43:467][538]LogSavePackage: Moving '../../../../../../Documents/GitProject/UE_TankGame/Game/Saved/BP_Tank0A1795B04FE2B4C4B1DCE99889317FFA.tmp' to '../../../../../../Documents/GitProject/UE_TankGame/Game/Content/Bluprints/BP_Tank.uasset'
[2020.01.12-08.08.43:485][538]LogSavePackage: Display: Finished SavePackage ../../../../../../Documents/GitProject/UE_TankGame/Game/Content/Bluprints/BP_Tank.uasset
[2020.01.12-08.08.43:762][554]BlueprintLog: New page: Compile BP_Tank
[2020.01.12-08.08.49:940][804]LogTemp: Executing iPhonePackager certificates Engine -bundlename com.YourCompany.Game
[2020.01.12-08.08.49:940][804]LogTemp: CWD: D:\Program Files\Epic Games\UE_4.17\Engine\Binaries\DotNET\IOS
[2020.01.12-08.08.49:941][804]LogTemp: Initial Dir: D:\Program Files\Epic Games\UE_4.17
[2020.01.12-08.08.49:941][804]LogTemp: Env CWD: D:\Program Files\Epic Games\UE_4.17\Engine\Binaries\DotNET\IOS
[2020.01.12-08.08.49:941][804]LogTemp: BranchPath = SKY-20180922ULI/D/Program Files/Epic Games/UE_4.17/Engine/Binaries --- GameBranchPath = SKY-20180922ULI/D/Program Files/Epic Games/UE_4.17/Engine/Binaries
[2020.01.12-08.08.49:960][804]LogTemp: IPP ERROR: Could not find provision directory 'C:\Users\Administrator\AppData\Local/Apple Computer/MobileDevice/Provisioning Profiles/'.
[2020.01.12-08.11.32:571][237]Cmd: OBJ SAVEPACKAGE PACKAGE="/Game/Bluprints/BP_Tank" FILE="../../../../../../Documents/GitProject/UE_TankGame/Game/Content/Bluprints/BP_Tank.uasset" SILENT=true
[2020.01.12-08.11.32:627][237]LogSavePackage: Save=43.69ms
[2020.01.12-08.11.32:627][237]LogSavePackage: Moving '../../../../../../Documents/GitProject/UE_TankGame/Game/Saved/BP_Tank729DE3C74CACAEADD3EFBDA547661BFF.tmp' to '../../../../../../Documents/GitProject/UE_TankGame/Game/Content/Bluprints/BP_Tank.uasset'
[2020.01.12-08.11.32:645][237]LogSavePackage: Display: Finished SavePackage ../../../../../../Documents/GitProject/UE_TankGame/Game/Content/Bluprints/BP_Tank.uasset
[2020.01.12-08.12.26:330][107]LogEditorTransaction: Undo Delete current selection
[2020.01.12-08.12.26:377][107]LogSlate: Took 0.000286 seconds to synchronously load lazily loaded font '../../../Engine/Content/Slate/Fonts/Roboto-Light.ttf' (159K)
[2020.01.12-08.13.00:938][997]LogEditorTransaction: Undo Create Pin Link
[2020.01.12-08.13.02:165][ 58]LogEditorTransaction: Undo Create Pin Link
[2020.01.12-08.14.22:302][383]BlueprintLog: New page: Compile BP_Tank
[2020.01.12-08.14.26:037][560]LogTemp: Repeating last play command: Selected Viewport
[2020.01.12-08.14.26:061][560]LogPlayLevel: PlayLevel: No blueprints needed recompiling
[2020.01.12-08.14.26:061][560]PIE: New page: PIE session: Demo (Jan 13, 2020, 12:14:26 AM)
[2020.01.12-08.14.26:061][560]LogPlayLevel: Creating play world package: /Game/Maps/UEDPIE_0_Demo
[2020.01.12-08.14.26:076][560]LogPlayLevel: PIE: StaticDuplicateObject took: (0.014708s)
[2020.01.12-08.14.26:077][560]LogAIModule: Creating AISystem for world Demo
[2020.01.12-08.14.26:078][560]LogPlayLevel: PIE: World Init took: (0.001671s)
[2020.01.12-08.14.26:078][560]LogPlayLevel: PIE: Created PIE world by copying editor world from /Game/Maps/Demo.Demo to /Game/Maps/UEDPIE_0_Demo.Demo (0.016819s)
[2020.01.12-08.14.26:161][560]LogInit: XAudio2 using '扬声器 (Realtek High Definition Audio)' : 2 channels at 48 kHz using 32 bits per sample (channel mask 0x3)
[2020.01.12-08.14.26:216][560]LogInit: FAudioDevice initialized.
[2020.01.12-08.14.26:253][560]LogLoad: Game class is 'GameModeBase'
[2020.01.12-08.14.26:257][560]LogWorld: Bringing World /Game/Maps/UEDPIE_0_Demo.Demo up for play (max tick rate 60) at 2020.01.12-16.14.26
[2020.01.12-08.14.26:258][560]LogWorld: Bringing up level for play took: 0.003587
[2020.01.12-08.14.26:259][560]PIE: Play in editor start time for /Game/Maps/UEDPIE_0_Demo -0.275
[2020.01.12-08.16.08:747][613]LogSlate: Warning: Prevented a slow task dialog from being summoned while a context menu was open
[2020.01.12-08.17.02:639][703]Cmd: OBJ SAVEPACKAGE PACKAGE="/Game/Maps/Demo" FILE="../../../../../../Documents/GitProject/UE_TankGame/Game/Saved/Autosaves/Game/Maps/Demo_Auto1.umap" SILENT=true AUTOSAVING=true KEEPDIRTY=false
[2020.01.12-08.17.03:042][703]LogSavePackage: Save=381.32ms
[2020.01.12-08.17.03:042][703]LogSavePackage: Moving '../../../../../../Documents/GitProject/UE_TankGame/Game/Saved/Demo_Auto172BB26D145255FE0E191F5B92829D65E.tmp' to '../../../../../../Documents/GitProject/UE_TankGame/Game/Saved/Autosaves/Game/Maps/Demo_Auto1.umap'
[2020.01.12-08.17.03:050][703]LogSavePackage: Display: Finished SavePackage ../../../../../../Documents/GitProject/UE_TankGame/Game/Saved/Autosaves/Game/Maps/Demo_Auto1.umap
[2020.01.12-08.17.03:058][703]LogFileHelpers: Editor autosave (incl. sublevels) for '/Game/Maps/Demo' took 0.447
[2020.01.12-08.17.03:058][703]LogFileHelpers: Editor autosave (incl. sublevels) for all levels took 0.447
[2020.01.12-08.17.03:066][703]OBJ SavePackage: Generating thumbnails for [1] asset(s) in package [/Game/Bluprints/BP_Tank] ([1] browsable assets)...
[2020.01.12-08.17.03:107][703]OBJ SavePackage:     Rendered thumbnail for [Blueprint /Game/Bluprints/BP_Tank.BP_Tank]
[2020.01.12-08.17.03:107][703]OBJ SavePackage: Finished generating thumbnails for package [/Game/Bluprints/BP_Tank]
[2020.01.12-08.17.03:107][703]Cmd: OBJ SAVEPACKAGE PACKAGE="/Game/Bluprints/BP_Tank" FILE="../../../../../../Documents/GitProject/UE_TankGame/Game/Saved/Autosaves/Game/Bluprints/BP_Tank_Auto1.uasset" SILENT=false AUTOSAVING=true
[2020.01.12-08.17.03:186][703]LogSavePackage: Save=59.60ms
[2020.01.12-08.17.03:186][703]LogSavePackage: Moving '../../../../../../Documents/GitProject/UE_TankGame/Game/Saved/BP_Tank_Auto12FE0207F4181059BF9D6B4BE06918B74.tmp' to '../../../../../../Documents/GitProject/UE_TankGame/Game/Saved/Autosaves/Game/Bluprints/BP_Tank_Auto1.uasset'
[2020.01.12-08.17.03:195][703]LogSavePackage: Display: Finished SavePackage ../../../../../../Documents/GitProject/UE_TankGame/Game/Saved/Autosaves/Game/Bluprints/BP_Tank_Auto1.uasset
[2020.01.12-08.17.03:202][703]OBJ SavePackage: Generating thumbnails for [0] asset(s) in package [/Game/Blueprints/BP_TankGameMode] ([1] browsable assets)...
[2020.01.12-08.17.03:202][703]OBJ SavePackage: Finished generating thumbnails for package [/Game/Blueprints/BP_TankGameMode]
[2020.01.12-08.17.03:229][703]LogSavePackage: Save=19.35ms
[2020.01.12-08.17.03:229][703]LogSavePackage: Moving '../../../../../../Documents/GitProject/UE_TankGame/Game/Saved/BP_TankGameMode_Auto12E6624D744AFAA527F9CB1BC7FF7DC5F.tmp' to '../../../../../../Documents/GitProject/UE_TankGame/Game/Saved/Autosaves/Game/Blueprints/BP_TankGameMode_Auto1.uasset'
[2020.01.12-08.17.03:237][703]LogSavePackage: Display: Finished SavePackage ../../../../../../Documents/GitProject/UE_TankGame/Game/Saved/Autosaves/Game/Blueprints/BP_TankGameMode_Auto1.uasset
[2020.01.12-08.17.03:237][703]LogFileHelpers: Auto-saving content packages took 0.177
[2020.01.12-08.17.43:522][910]LogMetaData: Removing '/Game/Blueprints/BP_Tank.BP_Tank:UserConstructionScript.K2Node_FunctionEntry_0' ref from Metadata '/Game/Bluprints/BP_Tank.PackageMetaData'
[2020.01.12-08.17.43:522][910]LogMetaData: Removing '/Game/Blueprints/BP_Tank.BP_Tank_C' ref from Metadata '/Game/Bluprints/BP_Tank.PackageMetaData'
[2020.01.12-08.17.43:522][910]LogMetaData: Removing '/Game/Blueprints/BP_Tank.BP_Tank:EventGraph.K2Node_Event_0' ref from Metadata '/Game/Bluprints/BP_Tank.PackageMetaData'
[2020.01.12-08.17.43:522][910]LogMetaData: Removing '/Game/Blueprints/BP_Tank.BP_Tank:EventGraph.K2Node_Event_1' ref from Metadata '/Game/Bluprints/BP_Tank.PackageMetaData'
[2020.01.12-08.17.43:522][910]LogMetaData: Removing '/Game/Blueprints/BP_Tank.BP_Tank:EventGraph.K2Node_Event_2' ref from Metadata '/Game/Bluprints/BP_Tank.PackageMetaData'
[2020.01.12-08.17.43:522][910]LogMetaData: Removing '/Game/Blueprints/BP_Tank.BP_Tank_C:InpAxisEvt_Azimuth_K2Node_InputAxisEvent_0' ref from Metadata '/Game/Bluprints/BP_Tank.PackageMetaData'
[2020.01.12-08.17.43:522][910]LogMetaData: Removing '/Game/Blueprints/BP_Tank.BP_Tank_C:InpAxisEvt_Elevation_K2Node_InputAxisEvent_4' ref from Metadata '/Game/Bluprints/BP_Tank.PackageMetaData'
[2020.01.12-08.17.43:522][910]LogMetaData: Removing '/Game/Blueprints/BP_Tank.BP_Tank_C:ExecuteUbergraph_BP_Tank' ref from Metadata '/Game/Bluprints/BP_Tank.PackageMetaData'
[2020.01.12-08.17.43:522][910]LogMetaData: Removing '/Game/Blueprints/BP_Tank.SKEL_BP_Tank_C:SpringArm' ref from Metadata '/Game/Bluprints/BP_Tank.PackageMetaData'
[2020.01.12-08.17.43:522][910]LogMetaData: Removing '/Game/Blueprints/BP_Tank.SKEL_BP_Tank_C:Tank' ref from Metadata '/Game/Bluprints/BP_Tank.PackageMetaData'
[2020.01.12-08.17.43:522][910]LogMetaData: Removing '/Game/Blueprints/BP_Tank.SKEL_BP_Tank_C:RightTrack' ref from Metadata '/Game/Bluprints/BP_Tank.PackageMetaData'
[2020.01.12-08.17.43:522][910]LogMetaData: Removing '/Game/Blueprints/BP_Tank.SKEL_BP_Tank_C:LeftTrack' ref from Metadata '/Game/Bluprints/BP_Tank.PackageMetaData'
[2020.01.12-08.17.43:522][910]LogMetaData: Removing '/Game/Blueprints/BP_Tank.SKEL_BP_Tank_C:Barrel' ref from Metadata '/Game/Bluprints/BP_Tank.PackageMetaData'
[2020.01.12-08.17.43:522][910]LogMetaData: Removing '/Game/Blueprints/BP_Tank.SKEL_BP_Tank_C:Turret' ref from Metadata '/Game/Bluprints/BP_Tank.PackageMetaData'
[2020.01.12-08.17.43:522][910]LogMetaData: Removing '/Game/Blueprints/BP_Tank.SKEL_BP_Tank_C:InpAxisEvt_Elevation_K2Node_InputAxisEvent_4' ref from Metadata '/Game/Bluprints/BP_Tank.PackageMetaData'
[2020.01.12-08.17.43:522][910]LogMetaData: Removing '/Game/Blueprints/BP_Tank.SKEL_BP_Tank_C:InpAxisEvt_Azimuth_K2Node_InputAxisEvent_0' ref from Metadata '/Game/Bluprints/BP_Tank.PackageMetaData'
[2020.01.12-08.17.43:522][910]LogMetaData: Removing '/Game/Blueprints/BP_Tank.SKEL_BP_Tank_C:ReceiveTick' ref from Metadata '/Game/Bluprints/BP_Tank.PackageMetaData'
[2020.01.12-08.17.43:522][910]LogMetaData: Removing '/Game/Blueprints/BP_Tank.SKEL_BP_Tank_C:ReceiveActorBeginOverlap' ref from Metadata '/Game/Bluprints/BP_Tank.PackageMetaData'
[2020.01.12-08.17.43:522][910]LogMetaData: Removing '/Game/Blueprints/BP_Tank.BP_Tank_C:UserConstructionScript' ref from Metadata '/Game/Bluprints/BP_Tank.PackageMetaData'
[2020.01.12-08.17.43:522][910]LogMetaData: Removing '/Game/Blueprints/BP_Tank.BP_Tank_C:Camera' ref from Metadata '/Game/Bluprints/BP_Tank.PackageMetaData'
[2020.01.12-08.17.43:522][910]LogMetaData: Removing '/Game/Blueprints/BP_Tank.BP_Tank_C:SpringArm' ref from Metadata '/Game/Bluprints/BP_Tank.PackageMetaData'
[2020.01.12-08.17.43:523][910]LogMetaData: Removing '/Game/Blueprints/BP_Tank.BP_Tank_C:Tank' ref from Metadata '/Game/Bluprints/BP_Tank.PackageMetaData'
[2020.01.12-08.17.43:523][910]LogMetaData: Removing '/Game/Blueprints/BP_Tank.BP_Tank_C:RightTrack' ref from Metadata '/Game/Bluprints/BP_Tank.PackageMetaData'
[2020.01.12-08.17.43:523][910]LogMetaData: Removing '/Game/Blueprints/BP_Tank.BP_Tank_C:LeftTrack' ref from Metadata '/Game/Bluprints/BP_Tank.PackageMetaData'
[2020.01.12-08.17.43:523][910]LogMetaData: Removing '/Game/Blueprints/BP_Tank.BP_Tank_C:Barrel' ref from Metadata '/Game/Bluprints/BP_Tank.PackageMetaData'
[2020.01.12-08.17.43:523][910]LogMetaData: Removing '/Game/Blueprints/BP_Tank.BP_Tank_C:Turret' ref from Metadata '/Game/Bluprints/BP_Tank.PackageMetaData'
[2020.01.12-08.17.43:523][910]LogMetaData: Removing '/Game/Blueprints/BP_Tank.SKEL_BP_Tank_C:UserConstructionScript' ref from Metadata '/Game/Bluprints/BP_Tank.PackageMetaData'
[2020.01.12-08.17.43:523][910]LogMetaData: Removing '/Game/Blueprints/BP_Tank.SKEL_BP_Tank_C:Camera' ref from Metadata '/Game/Bluprints/BP_Tank.PackageMetaData'
[2020.01.12-08.17.43:523][910]LogMetaData: Removing '/Game/Blueprints/BP_Tank.SKEL_BP_Tank_C:ReceiveBeginPlay' ref from Metadata '/Game/Bluprints/BP_Tank.PackageMetaData'
[2020.01.12-08.17.43:523][910]LogMetaData: Removing '/Game/Blueprints/BP_Tank.SKEL_BP_Tank_C' ref from Metadata '/Game/Bluprints/BP_Tank.PackageMetaData'
[2020.01.12-08.17.43:581][910]Cmd: OBJ SAVEPACKAGE PACKAGE="/Game/Blueprints/BP_Tank" FILE="../../../../../../Documents/GitProject/UE_TankGame/Game/Content/Blueprints/BP_Tank.uasset" SILENT=true
[2020.01.12-08.17.43:650][910]LogSavePackage: Save=62.86ms
[2020.01.12-08.17.43:650][910]LogSavePackage: Moving '../../../../../../Documents/GitProject/UE_TankGame/Game/Saved/BP_Tank6761F79E493984A98E7290A22C5B731B.tmp' to '../../../../../../Documents/GitProject/UE_TankGame/Game/Content/Blueprints/BP_Tank.uasset'
[2020.01.12-08.17.43:667][910]LogSavePackage: Display: Finished SavePackage ../../../../../../Documents/GitProject/UE_TankGame/Game/Content/Blueprints/BP_Tank.uasset
[2020.01.12-08.17.43:672][910]Cmd: OBJ SAVEPACKAGE PACKAGE="/Game/Bluprints/BP_Tank" FILE="../../../../../../Documents/GitProject/UE_TankGame/Game/Content/Bluprints/BP_Tank.uasset" SILENT=true
[2020.01.12-08.17.43:690][910]LogSavePackage: Save=5.35ms
[2020.01.12-08.17.43:690][910]LogSavePackage: Moving '../../../../../../Documents/GitProject/UE_TankGame/Game/Saved/BP_Tank56F8960B41A9544668D3F6BBE2F88842.tmp' to '../../../../../../Documents/GitProject/UE_TankGame/Game/Content/Bluprints/BP_Tank.uasset'
[2020.01.12-08.17.43:708][910]LogSavePackage: Display: Finished SavePackage ../../../../../../Documents/GitProject/UE_TankGame/Game/Content/Bluprints/BP_Tank.uasset
[2020.01.12-08.17.49:782][156]LogActorComponent: UnregisterComponent: (/Engine/Transient.EditorFloorComp) Not registered. Aborting.
[2020.01.12-08.17.51:620][156]LogStats: FPlatformStackWalk::StackWalkAndDump -  1.048 s
[2020.01.12-08.17.51:620][156]LogOutputDevice: Error: === Handled ensure: ===
[2020.01.12-08.17.51:620][156]LogOutputDevice: Error: 
[2020.01.12-08.17.51:620][156]LogOutputDevice: Error: Ensure condition failed: Found [File:D:\Build\++UE4+Release-4.17+Compile\Sync\Engine\Source\Runtime\CoreUObject\Private\Misc\RedirectCollector.cpp] [Line: 248]
[2020.01.12-08.17.51:620][156]LogOutputDevice: Error: Cannot remove redirection from /Game/Bluprints/BP_Tank.Default__BP_Tank_C, it was not registered
[2020.01.12-08.17.51:620][156]LogOutputDevice: Error: Stack: 
[2020.01.12-08.17.51:620][156]LogOutputDevice: Error: UE4Editor-Core.dll!0x000000007F483E36
[2020.01.12-08.17.51:620][156]LogOutputDevice: Error: UE4Editor-Core.dll!0x000000007F20C2D2
[2020.01.12-08.17.51:620][156]LogOutputDevice: Error: UE4Editor-Core.dll!0x000000007F224746
[2020.01.12-08.17.51:620][156]LogOutputDevice: Error: UE4Editor-CoreUObject.dll!0x000000007EB016D3
[2020.01.12-08.17.51:620][156]LogOutputDevice: Error: UE4Editor-AssetRegistry.dll!0x000000007D2D5648
[2020.01.12-08.17.51:620][156]LogOutputDevice: Error: UE4Editor-UnrealEd.dll!0x0000000065F5D7FB
[2020.01.12-08.17.51:620][156]LogOutputDevice: Error: UE4Editor-UnrealEd.dll!0x0000000065F6655E
[2020.01.12-08.17.51:620][156]LogOutputDevice: Error: UE4Editor-UnrealEd.dll!0x000000006575E149
[2020.01.12-08.17.51:620][156]LogOutputDevice: Error: UE4Editor-UnrealEd.dll!0x00000000659D3352
[2020.01.12-08.17.51:620][156]LogOutputDevice: Error: UE4Editor-UnrealEd.dll!0x0000000065954BE2
[2020.01.12-08.17.51:620][156]LogOutputDevice: Error: UE4Editor-UnrealEd.dll!0x00000000659577F9
[2020.01.12-08.17.51:620][156]LogOutputDevice: Error: UE4Editor-UnrealEd.dll!0x00000000659CB3E5
[2020.01.12-08.17.51:620][156]LogOutputDevice: Error: UE4Editor-Slate.dll!0x000000007E4EB967
[2020.01.12-08.17.51:620][156]LogOutputDevice: Error: UE4Editor-Slate.dll!0x000000007E5174D4
[2020.01.12-08.17.51:620][156]LogOutputDevice: Error: UE4Editor-Slate.dll!0x000000007E3342BC
[2020.01.12-08.17.51:620][156]LogOutputDevice: Error: UE4Editor-Slate.dll!0x000000007E307145
[2020.01.12-08.17.51:620][156]LogOutputDevice: Error: UE4Editor-Slate.dll!0x000000007E3A1452
[2020.01.12-08.17.51:620][156]LogOutputDevice: Error: UE4Editor-Slate.dll!0x000000007E389C92
[2020.01.12-08.17.51:620][156]LogOutputDevice: Error: UE4Editor-Slate.dll!0x000000007E37B68F
[2020.01.12-08.17.51:620][156]LogOutputDevice: Error: UE4Editor-Core.dll!0x000000007F45B759
[2020.01.12-08.17.51:620][156]LogOutputDevice: Error: UE4Editor-Core.dll!0x000000007F443EE1
[2020.01.12-08.17.51:620][156]LogOutputDevice: Error: UE4Editor-Core.dll!0x000000007F45D5BB
[2020.01.12-08.17.51:620][156]LogOutputDevice: Error: UE4Editor-Core.dll!0x000000007F43F042
[2020.01.12-08.17.51:620][156]LogOutputDevice: Error: USER32.dll!0x00000000AFFD63ED
[2020.01.12-08.17.51:620][156]LogOutputDevice: Error: USER32.dll!0x00000000AFFD5DE2
[2020.01.12-08.17.51:620][156]LogOutputDevice: Error: UE4Editor-Core.dll!0x000000007F45DC29
[2020.01.12-08.17.51:620][156]LogOutputDevice: Error: UE4Editor-Slate.dll!0x000000007E3AC576
[2020.01.12-08.17.51:620][156]LogOutputDevice: Error: UE4Editor-Slate.dll!0x000000007E33DE33
[2020.01.12-08.17.51:620][156]LogOutputDevice: Error: UE4Editor-UnrealEd.dll!0x0000000065A610EC
[2020.01.12-08.17.51:620][156]LogOutputDevice: Error: UE4Editor-UnrealEd.dll!0x0000000065F5CA83
[2020.01.12-08.17.51:620][156]LogOutputDevice: Error: UE4Editor-ContentBrowser.dll!0x0000000046B0490D
[2020.01.12-08.17.51:620][156]LogOutputDevice: Error: UE4Editor-ContentBrowser.dll!0x0000000046C15EB4
[2020.01.12-08.17.51:620][156]LogOutputDevice: Error: UE4Editor-ContentBrowser.dll!0x0000000046B6D1CE
[2020.01.12-08.17.51:620][156]LogOutputDevice: Error: UE4Editor-ContentBrowser.dll!0x0000000046B72A09
[2020.01.12-08.17.51:620][156]LogOutputDevice: Error: UE4Editor-ContentBrowser.dll!0x0000000046C10775
[2020.01.12-08.17.51:620][156]LogOutputDevice: Error: UE4Editor-ContentBrowser.dll!0x0000000046B06B27
[2020.01.12-08.17.51:620][156]LogOutputDevice: Error: UE4Editor-ContentBrowser.dll!0x0000000046B6A2D9
[2020.01.12-08.17.51:620][156]LogOutputDevice: Error: UE4Editor-ContentBrowser.dll!0x0000000046A84012
[2020.01.12-08.17.51:620][156]LogOutputDevice: Error: UE4Editor-ContentBrowser.dll!0x0000000046A873D9
[2020.01.12-08.17.51:620][156]LogOutputDevice: Error: UE4Editor-ContentBrowser.dll!0x0000000046B09BC5
[2020.01.12-08.17.51:620][156]LogOutputDevice: Error: UE4Editor-Slate.dll!0x000000007E4EB967
[2020.01.12-08.17.51:620][156]LogOutputDevice: Error: UE4Editor-Slate.dll!0x000000007E5174D4
[2020.01.12-08.17.51:620][156]LogOutputDevice: Error: UE4Editor-Slate.dll!0x000000007E3342BC
[2020.01.12-08.17.51:620][156]LogOutputDevice: Error: UE4Editor-Slate.dll!0x000000007E307145
[2020.01.12-08.17.51:621][156]LogOutputDevice: Error: UE4Editor-Slate.dll!0x000000007E3A1452
[2020.01.12-08.17.51:621][156]LogOutputDevice: Error: UE4Editor-Slate.dll!0x000000007E389C92
[2020.01.12-08.17.51:621][156]LogOutputDevice: Error: UE4Editor-Slate.dll!0x000000007E37B68F
[2020.01.12-08.17.51:621][156]LogOutputDevice: Error: UE4Editor-Core.dll!0x000000007F45B759
[2020.01.12-08.17.51:621][156]LogOutputDevice: Error: UE4Editor-Core.dll!0x000000007F443EE1
[2020.01.12-08.17.51:621][156]LogOutputDevice: Error: UE4Editor-Core.dll!0x000000007F45D5BB
[2020.01.12-08.17.51:621][156]LogOutputDevice: Error: UE4Editor-Core.dll!0x000000007F43F042
[2020.01.12-08.17.51:621][156]LogOutputDevice: Error: USER32.dll!0x00000000AFFD63ED
[2020.01.12-08.17.51:621][156]LogOutputDevice: Error: USER32.dll!0x00000000AFFD5DE2
[2020.01.12-08.17.51:621][156]LogOutputDevice: Error: UE4Editor-Core.dll!0x000000007F45DCC6
[2020.01.12-08.17.51:621][156]LogOutputDevice: Error: UE4Editor.exe!0x00000000BA2E4BE2
[2020.01.12-08.17.51:621][156]LogOutputDevice: Error: UE4Editor.exe!0x00000000BA2F3970
[2020.01.12-08.17.51:621][156]LogOutputDevice: Error: UE4Editor.exe!0x00000000BA2F39EA
[2020.01.12-08.17.51:621][156]LogOutputDevice: Error: UE4Editor.exe!0x00000000BA3002D9
[2020.01.12-08.17.51:621][156]LogOutputDevice: Error: UE4Editor.exe!0x00000000BA301C47
[2020.01.12-08.17.51:621][156]LogOutputDevice: Error: KERNEL32.DLL!0x00000000B0B07BD4
[2020.01.12-08.17.51:621][156]LogOutputDevice: Error: ntdll.dll!0x00000000B17CCED1
[2020.01.12-08.17.51:621][156]LogOutputDevice: Error: 
[2020.01.12-08.17.51:628][156]LogStats:                SubmitErrorReport -  0.000 s
[2020.01.12-08.17.52:512][156]LogStats:                    SendNewReport -  0.884 s
[2020.01.12-08.17.52:512][156]LogStats:             FDebug::EnsureFailed -  1.940 s
[2020.01.12-08.17.58:461][486]LogUObjectGlobals: Warning: Failed to find object 'Object /Game/Bluprints/BP_Tank.BP_Tank'
[2020.01.12-08.18.12:234][199]Cmd: OBJ SAVEPACKAGE PACKAGE="/Game/Maps/Demo" FILE="../../../../../../Documents/GitProject/UE_TankGame/Game/Content/Maps/Demo.umap" SILENT=true AUTOSAVING=false KEEPDIRTY=false
[2020.01.12-08.18.12:622][199]LogSavePackage: Save=356.68ms
[2020.01.12-08.18.12:622][199]LogSavePackage: Moving '../../../../../../Documents/GitProject/UE_TankGame/Game/Saved/Demo75B221774D1CACF969A5B6AF570B266C.tmp' to '../../../../../../Documents/GitProject/UE_TankGame/Game/Content/Maps/Demo.umap'
[2020.01.12-08.18.12:639][199]LogSavePackage: Display: Finished SavePackage ../../../../../../Documents/GitProject/UE_TankGame/Game/Content/Maps/Demo.umap
[2020.01.12-08.18.18:389][268]Cmd: OBJ SAVEPACKAGE PACKAGE="/Game/Blueprints/BP_TankGameMode" FILE="../../../../../../Documents/GitProject/UE_TankGame/Game/Content/Blueprints/BP_TankGameMode.uasset" SILENT=true
[2020.01.12-08.18.18:416][268]LogSavePackage: Save=18.38ms
[2020.01.12-08.18.18:416][268]LogSavePackage: Moving '../../../../../../Documents/GitProject/UE_TankGame/Game/Saved/BP_TankGameModeB727F2C04B11FF72FEA849BF175CB5E7.tmp' to '../../../../../../Documents/GitProject/UE_TankGame/Game/Content/Blueprints/BP_TankGameMode.uasset'
[2020.01.12-08.18.18:432][268]LogSavePackage: Display: Finished SavePackage ../../../../../../Documents/GitProject/UE_TankGame/Game/Content/Blueprints/BP_TankGameMode.uasset
[2020.01.12-08.18.18:436][268]Cmd: OBJ SAVEPACKAGE PACKAGE="/Game/Bluprints/BP_Tank" FILE="../../../../../../Documents/GitProject/UE_TankGame/Game/Content/Bluprints/BP_Tank.uasset" SILENT=true
[2020.01.12-08.18.18:454][268]LogSavePackage: Save=5.51ms
[2020.01.12-08.18.18:454][268]LogSavePackage: Moving '../../../../../../Documents/GitProject/UE_TankGame/Game/Saved/BP_TankE357360E4A145DB51B8C5389FBFACA86.tmp' to '../../../../../../Documents/GitProject/UE_TankGame/Game/Content/Bluprints/BP_Tank.uasset'
[2020.01.12-08.18.18:471][268]LogSavePackage: Display: Finished SavePackage ../../../../../../Documents/GitProject/UE_TankGame/Game/Content/Bluprints/BP_Tank.uasset
[2020.01.12-08.18.18:559][268]LogWindowsTextInputMethodSystem: Display: IME system now deactivated.
[2020.01.12-08.18.18:797][269]Cmd: QUIT_EDITOR
[2020.01.12-08.18.18:851][269]LogExit: Preparing to exit.
[2020.01.12-08.18.19:752][269]LogDirectoryWatcher: A directory notification for 'D:/Documents/GitProject/UE_TankGame/Game/Content/' was aborted.
[2020.01.12-08.18.19:795][269]LogExit: Editor shut down
[2020.01.12-08.18.19:797][269]LogExit: Transaction tracking system shut down
[2020.01.12-08.18.19:975][269]LogDirectoryWatcher: A directory notification for '../../../Engine/Content/' was aborted.
[2020.01.12-08.18.19:975][269]LogDirectoryWatcher: A directory notification for '../../../../../../Documents/GitProject/UE_TankGame/Game/Content/' was aborted.
[2020.01.12-08.18.19:975][269]LogDirectoryWatcher: A directory notification for '../../../Engine/Plugins/2D/Paper2D/Content/' was aborted.
[2020.01.12-08.18.19:975][269]LogDirectoryWatcher: A directory notification for '../../../Engine/Plugins/Runtime/Oculus/OculusVR/Content/' was aborted.
[2020.01.12-08.18.19:975][269]LogDirectoryWatcher: A directory notification for '../../../Engine/Plugins/Runtime/Steam/SteamVR/Content/' was aborted.
[2020.01.12-08.18.20:075][269]LogExit: Object subsystem successfully closed.
[2020.01.12-08.18.20:097][269]LogD3D11RHI: Shutdown
[2020.01.12-08.18.20:097][269]LogD3D11RHI: CleanupD3DDevice
[2020.01.12-08.18.20:208][269]LogD3D11RHI: ~FD3D11DynamicRHI
[2020.01.12-08.18.20:257][269]LogModuleManager: Shutting down and abandoning module ExternalImagePicker (540)
[2020.01.12-08.18.20:257][269]LogModuleManager: Shutting down and abandoning module BlueprintGraph (538)
[2020.01.12-08.18.20:257][269]LogModuleManager: Shutting down and abandoning module BlueprintProfiler (536)
[2020.01.12-08.18.20:258][269]LogModuleManager: Shutting down and abandoning module MovieSceneCapture (534)
[2020.01.12-08.18.20:258][269]LogModuleManager: Shutting down and abandoning module HierarchicalLODOutliner (532)
[2020.01.12-08.18.20:258][269]LogModuleManager: Shutting down and abandoning module SceneOutliner (530)
[2020.01.12-08.18.20:258][269]LogModuleManager: Shutting down and abandoning module AddContentDialog (528)
[2020.01.12-08.18.20:258][269]LogDirectoryWatcher: A directory notification for 'D:/Program Files/Epic Games/UE_4.17/FeaturePacks/' was aborted.
[2020.01.12-08.18.20:259][269]LogModuleManager: Shutting down and abandoning module WidgetCarousel (527)
[2020.01.12-08.18.20:259][269]LogModuleManager: Shutting down and abandoning module EditorWidgets (524)
[2020.01.12-08.18.20:259][269]LogModuleManager: Shutting down and abandoning module CollectionManager (522)
[2020.01.12-08.18.20:259][269]LogDirectoryWatcher: A directory notification for 'D:/Documents/GitProject/UE_TankGame/Game/Content/Collections/' was aborted.
[2020.01.12-08.18.20:259][269]LogDirectoryWatcher: A directory notification for 'D:/Documents/GitProject/UE_TankGame/Game/Content/Developers/Administrator/Collections/' was aborted.
[2020.01.12-08.18.20:259][269]LogDirectoryWatcher: A directory notification for 'D:/Documents/GitProject/UE_TankGame/Game/Saved/Collections/' was aborted.
[2020.01.12-08.18.20:259][269]LogModuleManager: Shutting down and abandoning module StatsViewer (520)
[2020.01.12-08.18.20:259][269]LogModuleManager: Shutting down and abandoning module FoliageEdit (518)
[2020.01.12-08.18.20:259][269]LogModuleManager: Shutting down and abandoning module LandscapeEditor (516)
[2020.01.12-08.18.20:260][269]LogModuleManager: Shutting down and abandoning module MeshPaintMode (514)
[2020.01.12-08.18.20:260][269]LogModuleManager: Shutting down and abandoning module SceneDepthPickerMode (512)
[2020.01.12-08.18.20:260][269]LogModuleManager: Shutting down and abandoning module ActorPickerMode (510)
[2020.01.12-08.18.20:260][269]LogModuleManager: Shutting down and abandoning module GeometryMode (508)
[2020.01.12-08.18.20:260][269]LogModuleManager: Shutting down and abandoning module TextureAlignMode (506)
[2020.01.12-08.18.20:260][269]LogModuleManager: Shutting down and abandoning module BspMode (504)
[2020.01.12-08.18.20:260][269]LogModuleManager: Shutting down and abandoning module PIEPreviewDeviceProfileSelector (502)
[2020.01.12-08.18.20:260][269]LogModuleManager: Shutting down and abandoning module HardwareSurvey (500)
[2020.01.12-08.18.20:260][269]LogModuleManager: Shutting down and abandoning module SequenceRecorderSections (498)
[2020.01.12-08.18.20:260][269]LogModuleManager: Shutting down and abandoning module AutomationWorker (496)
[2020.01.12-08.18.20:260][269]LogModuleManager: Shutting down and abandoning module MatineeToLevelSequence (494)
[2020.01.12-08.18.20:260][269]LogModuleManager: Shutting down and abandoning module LevelSequenceEditor (492)
[2020.01.12-08.18.20:260][269]LogModuleManager: Shutting down and abandoning module PlacementMode (491)
[2020.01.12-08.18.20:260][269]LogModuleManager: Shutting down and abandoning module WmfMediaFactory (488)
[2020.01.12-08.18.20:260][269]LogModuleManager: Shutting down and abandoning module WmfMediaEditor (486)
[2020.01.12-08.18.20:260][269]LogModuleManager: Shutting down and abandoning module AvfMediaFactory (484)
[2020.01.12-08.18.20:260][269]LogModuleManager: Shutting down and abandoning module AvfMediaEditor (482)
[2020.01.12-08.18.20:260][269]LogModuleManager: Shutting down and abandoning module AndroidMediaFactory (480)
[2020.01.12-08.18.20:260][269]LogModuleManager: Shutting down and abandoning module Media (479)
[2020.01.12-08.18.20:260][269]LogModuleManager: Shutting down and abandoning module AndroidMediaEditor (476)
[2020.01.12-08.18.20:260][269]LogModuleManager: Shutting down and abandoning module CharacterAI (474)
[2020.01.12-08.18.20:260][269]LogModuleManager: Shutting down and abandoning module AudioCapture (472)
[2020.01.12-08.18.20:260][269]LogModuleManager: Shutting down and abandoning module SequenceRecorder (471)
[2020.01.12-08.18.20:260][269]LogModuleManager: Shutting down and abandoning module SmartSnapping (468)
[2020.01.12-08.18.20:260][269]LogModuleManager: Shutting down and abandoning module SessionServices (466)
[2020.01.12-08.18.20:260][269]LogModuleManager: Shutting down and abandoning module ViewportSnapping (464)
[2020.01.12-08.18.20:260][269]LogModuleManager: Shutting down and abandoning module ViewportInteraction (462)
[2020.01.12-08.18.20:260][269]LogModuleManager: Shutting down and abandoning module ClothPainter (460)
[2020.01.12-08.18.20:260][269]LogModuleManager: Shutting down and abandoning module LogVisualizer (458)
[2020.01.12-08.18.20:260][269]LogModuleManager: Shutting down and abandoning module IntroTutorials (456)
[2020.01.12-08.18.20:261][269]LogModuleManager: Shutting down and abandoning module GameProjectGeneration (455)
[2020.01.12-08.18.20:261][269]LogModuleManager: Shutting down and abandoning module IOSPlatformEditor (452)
[2020.01.12-08.18.20:261][269]LogModuleManager: Shutting down and abandoning module HTML5PlatformEditor (450)
[2020.01.12-08.18.20:261][269]LogModuleManager: Shutting down and abandoning module AndroidPlatformEditor (448)
[2020.01.12-08.18.20:261][269]LogModuleManager: Shutting down and abandoning module AndroidDeviceDetection (447)
[2020.01.12-08.18.20:477][269]LogModuleManager: Shutting down and abandoning module WindowsPlatformEditor (444)
[2020.01.12-08.18.20:477][269]LogModuleManager: Shutting down and abandoning module IOSRuntimeSettings (442)
[2020.01.12-08.18.20:477][269]LogModuleManager: Shutting down and abandoning module AndroidRuntimeSettings (440)
[2020.01.12-08.18.20:477][269]LogModuleManager: Shutting down and abandoning module InputBindingEditor (438)
[2020.01.12-08.18.20:477][269]LogModuleManager: Shutting down and abandoning module MergeActors (436)
[2020.01.12-08.18.20:477][269]LogModuleManager: Shutting down and abandoning module SizeMap (434)
[2020.01.12-08.18.20:477][269]LogModuleManager: Shutting down and abandoning module TreeMap (432)
[2020.01.12-08.18.20:477][269]LogModuleManager: Shutting down and abandoning module ReferenceViewer (430)
[2020.01.12-08.18.20:477][269]LogModuleManager: Shutting down and abandoning module LocalizationDashboard (428)
[2020.01.12-08.18.20:477][269]LogModuleManager: Shutting down and abandoning module LocalizationService (427)
[2020.01.12-08.18.20:477][269]LogModuleManager: Shutting down and abandoning module HardwareTargeting (424)
[2020.01.12-08.18.20:477][269]LogModuleManager: Shutting down and abandoning module DeviceProfileEditor (422)
[2020.01.12-08.18.20:477][269]LogModuleManager: Shutting down and abandoning module UndoHistory (420)
[2020.01.12-08.18.20:477][269]LogModuleManager: Shutting down and abandoning module XmlParser (418)
[2020.01.12-08.18.20:477][269]LogModuleManager: Shutting down and abandoning module Blutility (416)
[2020.01.12-08.18.20:477][269]LogModuleManager: Shutting down and abandoning module ProjectSettingsViewer (414)
[2020.01.12-08.18.20:477][269]LogModuleManager: Shutting down and abandoning module ProjectTargetPlatformEditor (413)
[2020.01.12-08.18.20:477][269]LogModuleManager: Shutting down and abandoning module EditorSettingsViewer (410)
[2020.01.12-08.18.20:477][269]LogModuleManager: Shutting down and abandoning module SettingsEditor (408)
[2020.01.12-08.18.20:477][269]LogModuleManager: Shutting down and abandoning module ProjectLauncher (406)
[2020.01.12-08.18.20:477][269]LogModuleManager: Shutting down and abandoning module SessionFrontend (404)
[2020.01.12-08.18.20:477][269]LogModuleManager: Shutting down and abandoning module ProfilerClient (402)
[2020.01.12-08.18.20:478][269]LogModuleManager: Shutting down and abandoning module DeviceManager (400)
[2020.01.12-08.18.20:478][269]LogModuleManager: Shutting down and abandoning module TargetDeviceServices (399)
[2020.01.12-08.18.20:530][269]LogModuleManager: Shutting down and abandoning module AutomationController (396)
[2020.01.12-08.18.20:530][269]LogModuleManager: Shutting down and abandoning module AutomationWindow (394)
[2020.01.12-08.18.20:530][269]LogModuleManager: Shutting down and abandoning module Layers (392)
[2020.01.12-08.18.20:530][269]LogModuleManager: Shutting down and abandoning module ComponentVisualizers (390)
[2020.01.12-08.18.20:530][269]LogModuleManager: Shutting down and abandoning module DetailCustomizations (388)
[2020.01.12-08.18.20:530][269]LogModuleManager: Shutting down and abandoning module PackagesDialog (386)
[2020.01.12-08.18.20:530][269]LogModuleManager: Shutting down and abandoning module Persona (384)
[2020.01.12-08.18.20:530][269]LogModuleManager: Shutting down and abandoning module AdvancedPreviewScene (383)
[2020.01.12-08.18.20:530][269]LogModuleManager: Shutting down and abandoning module AnimGraph (381)
[2020.01.12-08.18.20:530][269]LogModuleManager: Shutting down and abandoning module Kismet (378)
[2020.01.12-08.18.20:539][269]LogModuleManager: Shutting down and abandoning module ClassViewer (376)
[2020.01.12-08.18.20:540][269]LogModuleManager: Shutting down and abandoning module Toolbox (374)
[2020.01.12-08.18.20:540][269]LogModuleManager: Shutting down and abandoning module ModuleUI (372)
[2020.01.12-08.18.20:540][269]LogModuleManager: Shutting down and abandoning module MovieSceneTools (370)
[2020.01.12-08.18.20:541][269]LogModuleManager: Shutting down and abandoning module OutputLog (368)
[2020.01.12-08.18.20:541][269]LogModuleManager: Shutting down and abandoning module GammaUI (366)
[2020.01.12-08.18.20:541][269]LogModuleManager: Shutting down and abandoning module Documentation (364)
[2020.01.12-08.18.20:541][269]LogModuleManager: Shutting down and abandoning module MovieSceneTracks (362)
[2020.01.12-08.18.20:541][269]LogModuleManager: Shutting down and abandoning module MovieScene (360)
[2020.01.12-08.18.20:541][269]LogModuleManager: Shutting down and abandoning module Niagara (358)
[2020.01.12-08.18.20:541][269]LogModuleManager: Shutting down and abandoning module NiagaraEditor (357)
[2020.01.12-08.18.20:541][269]LogModuleManager: Shutting down and abandoning module StreamingPauseRendering (354)
[2020.01.12-08.18.20:541][269]LogModuleManager: Shutting down and abandoning module LauncherPlatform (352)
[2020.01.12-08.18.20:541][269]LogModuleManager: Shutting down and abandoning module AnalyticsET (350)
[2020.01.12-08.18.20:541][269]LogModuleManager: Shutting down and abandoning module PortalServices (348)
[2020.01.12-08.18.20:541][269]LogModuleManager: Shutting down and abandoning module PortalRpc (346)
[2020.01.12-08.18.20:541][269]LogModuleManager: Shutting down and abandoning module MessagingRpc (344)
[2020.01.12-08.18.20:541][269]LogModuleManager: Shutting down and abandoning module AIModule (342)
[2020.01.12-08.18.20:541][269]LogModuleManager: Shutting down and abandoning module GameplayDebugger (341)
[2020.01.12-08.18.20:541][269]LogModuleManager: Shutting down and abandoning module AITestSuite (339)
[2020.01.12-08.18.20:541][269]LogModuleManager: Shutting down and abandoning module ProfilerService (336)
[2020.01.12-08.18.20:776][269]LogModuleManager: Shutting down and abandoning module TaskGraph (334)
[2020.01.12-08.18.20:776][269]LogModuleManager: Shutting down and abandoning module SteamVRController (332)
[2020.01.12-08.18.20:776][269]LogModuleManager: Shutting down and abandoning module ProceduralMeshComponentEditor (330)
[2020.01.12-08.18.20:776][269]LogModuleManager: Shutting down and abandoning module ProceduralMeshComponent (328)
[2020.01.12-08.18.20:776][269]LogModuleManager: Shutting down and abandoning module OculusInput (326)
[2020.01.12-08.18.20:776][269]LogModuleManager: Shutting down and abandoning module MobilePatchingUtils (324)
[2020.01.12-08.18.20:776][269]LogModuleManager: Shutting down and abandoning module CustomMeshComponent (322)
[2020.01.12-08.18.20:776][269]LogModuleManager: Shutting down and abandoning module CableComponent (320)
[2020.01.12-08.18.20:776][269]LogModuleManager: Shutting down and abandoning module ArchVisCharacter (318)
[2020.01.12-08.18.20:776][269]LogModuleManager: Shutting down and abandoning module AndroidPermission (316)
[2020.01.12-08.18.20:777][269]LogModuleManager: Shutting down and abandoning module MediaPlayerEditor (312)
[2020.01.12-08.18.20:777][269]LogModuleManager: Shutting down and abandoning module HTML5Networking (310)
[2020.01.12-08.18.20:777][269]LogModuleManager: Shutting down and abandoning module AlembicImporter (308)
[2020.01.12-08.18.20:777][269]LogModuleManager: Shutting down and abandoning module AlembicLibrary (307)
[2020.01.12-08.18.20:777][269]LogModuleManager: Shutting down and abandoning module GeometryCache (306)
[2020.01.12-08.18.20:777][269]LogModuleManager: Shutting down and abandoning module GeometryCacheEd (305)
[2020.01.12-08.18.20:777][269]LogModuleManager: Shutting down and abandoning module SpeedTreeImporter (300)
[2020.01.12-08.18.20:777][269]LogModuleManager: Shutting down and abandoning module PluginBrowser (298)
[2020.01.12-08.18.20:777][269]LogModuleManager: Shutting down and abandoning module MobileLauncherProfileWizard (296)
[2020.01.12-08.18.20:777][269]LogModuleManager: Shutting down and abandoning module VisualStudioSourceCodeAccess (294)
[2020.01.12-08.18.20:777][269]LogModuleManager: Shutting down and abandoning module DesktopPlatform (293)
[2020.01.12-08.18.20:777][269]LogModuleManager: Shutting down and abandoning module UObjectPlugin (290)
[2020.01.12-08.18.20:777][269]LogModuleManager: Shutting down and abandoning module SubversionSourceControl (288)
[2020.01.12-08.18.20:777][269]LogModuleManager: Shutting down and abandoning module PerforceSourceControl (286)
[2020.01.12-08.18.20:777][269]LogModuleManager: Shutting down and abandoning module GitSourceControl (284)
[2020.01.12-08.18.20:777][269]LogModuleManager: Shutting down and abandoning module SourceControl (283)
[2020.01.12-08.18.20:777][269]LogModuleManager: Shutting down and abandoning module LightPropagationVolumeEditor (280)
[2020.01.12-08.18.20:777][269]LogModuleManager: Shutting down and abandoning module PaperTiledImporter (278)
[2020.01.12-08.18.20:777][269]LogModuleManager: Shutting down and abandoning module PaperSpriteSheetImporter (276)
[2020.01.12-08.18.20:777][269]LogModuleManager: Shutting down and abandoning module Paper2DEditor (274)
[2020.01.12-08.18.20:777][269]LogModuleManager: Shutting down and abandoning module MeshPaint (273)
[2020.01.12-08.18.20:777][269]LogModuleManager: Shutting down and abandoning module LevelEditor (271)
[2020.01.12-08.18.20:778][269]LogModuleManager: Shutting down and abandoning module PixelInspectorModule (270)
[2020.01.12-08.18.20:778][269]LogModuleManager: Shutting down and abandoning module MainFrame (268)
[2020.01.12-08.18.20:778][269]LogModuleManager: Shutting down and abandoning module HotReload (267)
[2020.01.12-08.18.20:778][269]LogDirectoryWatcher: A directory notification for 'D:/Documents/GitProject/UE_TankGame/Game/Binaries/Win64' was aborted.
[2020.01.12-08.18.20:779][269]LogModuleManager: Shutting down and abandoning module Game (262)
[2020.01.12-08.18.20:779][269]LogModuleManager: Shutting down and abandoning module RuntimePhysXCooking (260)
[2020.01.12-08.18.20:779][269]LogModuleManager: Shutting down and abandoning module PhysXVehiclesEditor (258)
[2020.01.12-08.18.20:779][269]LogModuleManager: Shutting down and abandoning module PhysXVehicles (256)
[2020.01.12-08.18.20:779][269]LogModuleManager: Shutting down and abandoning module OculusEditor (254)
[2020.01.12-08.18.20:779][269]LogModuleManager: Shutting down and abandoning module LocationServicesBPLibrary (252)
[2020.01.12-08.18.20:779][269]LogModuleManager: Shutting down and abandoning module ImmediatePhysicsEditor (250)
[2020.01.12-08.18.20:779][269]LogModuleManager: Shutting down and abandoning module ImmediatePhysics (248)
[2020.01.12-08.18.20:779][269]LogModuleManager: Shutting down and abandoning module UdpMessaging (246)
[2020.01.12-08.18.20:881][269]LogModuleManager: Shutting down and abandoning module TcpMessaging (244)
[2020.01.12-08.18.20:981][269]LogModuleManager: Shutting down and abandoning module GameplayTagsEditor (242)
[2020.01.12-08.18.20:981][269]LogModuleManager: Shutting down and abandoning module FacialAnimationEditor (240)
[2020.01.12-08.18.20:981][269]LogModuleManager: Shutting down and abandoning module FacialAnimation (238)
[2020.01.12-08.18.20:981][269]LogModuleManager: Shutting down and abandoning module AssetManagerEditor (236)
[2020.01.12-08.18.20:981][269]LogModuleManager: Shutting down and abandoning module GraphEditor (235)
[2020.01.12-08.18.20:981][269]LogModuleManager: Shutting down and abandoning module ContentBrowser (233)
[2020.01.12-08.18.20:982][269]LogModuleManager: Shutting down and abandoning module LightPropagationVolumeRuntime (230)
[2020.01.12-08.18.20:982][269]LogModuleManager: Shutting down and abandoning module Paper2D (228)
[2020.01.12-08.18.20:982][269]LogModuleManager: Shutting down and abandoning module WindowsMoviePlayer (226)
[2020.01.12-08.18.20:982][269]LogModuleManager: Shutting down and abandoning module WmfMedia (224)
[2020.01.12-08.18.20:986][269]LogModuleManager: Shutting down and abandoning module PacketHandler (222)
[2020.01.12-08.18.20:986][269]LogModuleManager: Shutting down and abandoning module ClothingSystemEditor (220)
[2020.01.12-08.18.20:986][269]LogModuleManager: Shutting down and abandoning module ClothingSystemRuntime (218)
[2020.01.12-08.18.20:986][269]LogModuleManager: Shutting down and abandoning module Overlay (216)
[2020.01.12-08.18.20:986][269]LogModuleManager: Shutting down and abandoning module OverlayEditor (215)
[2020.01.12-08.18.20:986][269]LogModuleManager: Shutting down and abandoning module MediaAssets (212)
[2020.01.12-08.18.20:986][269]LogModuleManager: Shutting down and abandoning module VREditor (210)
[2020.01.12-08.18.20:986][269]LogModuleManager: Shutting down and abandoning module StringTableEditor (208)
[2020.01.12-08.18.20:986][269]LogModuleManager: Shutting down and abandoning module GameplayTasksEditor (206)
[2020.01.12-08.18.20:986][269]LogModuleManager: Shutting down and abandoning module BehaviorTreeEditor (204)
[2020.01.12-08.18.20:986][269]LogModuleManager: Shutting down and abandoning module FunctionalTesting (202)
[2020.01.12-08.18.20:986][269]LogModuleManager: Shutting down and abandoning module CollisionAnalyzer (200)
[2020.01.12-08.18.20:986][269]LogModuleManager: Shutting down and abandoning module WorkspaceMenuStructure (199)
[2020.01.12-08.18.20:986][269]LogModuleManager: Shutting down and abandoning module UMG (196)
[2020.01.12-08.18.20:986][269]LogModuleManager: Shutting down and abandoning module UMGEditor (195)
[2020.01.12-08.18.20:986][269]LogModuleManager: Shutting down and abandoning module Sequencer (194)
[2020.01.12-08.18.20:986][269]LogModuleManager: Shutting down and abandoning module MessageLog (191)
[2020.01.12-08.18.20:986][269]LogModuleManager: Shutting down and abandoning module SlateReflector (186)
[2020.01.12-08.18.20:986][269]LogModuleManager: Shutting down and abandoning module Slate (184)
[2020.01.12-08.18.20:986][269]LogModuleManager: Shutting down and abandoning module EditorStyle (182)
[2020.01.12-08.18.20:990][269]LogModuleManager: Shutting down and abandoning module MRMesh (180)
[2020.01.12-08.18.20:990][269]LogModuleManager: Shutting down and abandoning module SourceCodeAccess (178)
[2020.01.12-08.18.20:990][269]LogModuleManager: Shutting down and abandoning module HeadMountedDisplay (176)
[2020.01.12-08.18.20:990][269]LogModuleManager: Shutting down and abandoning module XAudio2 (174)
[2020.01.12-08.18.20:990][269]LogModuleManager: Shutting down and abandoning module Networking (172)
[2020.01.12-08.18.20:990][269]LogModuleManager: Shutting down and abandoning module Core (168)
[2020.01.12-08.18.20:990][269]LogModuleManager: Shutting down and abandoning module KismetCompiler (164)
[2020.01.12-08.18.20:990][269]LogModuleManager: Shutting down and abandoning module LevelSequence (162)
[2020.01.12-08.18.20:990][269]LogModuleManager: Shutting down and abandoning module MeshUtilities (160)
[2020.01.12-08.18.20:991][269]LogModuleManager: Shutting down and abandoning module MeshMergeUtilities (159)
[2020.01.12-08.18.20:991][269]LogModuleManager: Shutting down and abandoning module MeshReductionInterface (158)
[2020.01.12-08.18.20:991][269]LogModuleManager: Shutting down and abandoning module SimplygonSwarm (157)
[2020.01.12-08.18.20:991][269]LogModuleManager: Shutting down and abandoning module SimplygonMeshReduction (155)
[2020.01.12-08.18.20:991][269]LogModuleManager: Shutting down and abandoning module QuadricMeshReduction (153)
[2020.01.12-08.18.20:991][269]LogModuleManager: Shutting down and abandoning module MaterialBaking (149)
[2020.01.12-08.18.20:991][269]LogModuleManager: Shutting down and abandoning module DirectoryWatcher (146)
[2020.01.12-08.18.20:991][269]LogModuleManager: Shutting down and abandoning module DerivedDataCache (144)
[2020.01.12-08.18.21:000][269]LogDerivedDataCache: Shutdown
[2020.01.12-08.18.21:000][269]LogModuleManager: Shutting down and abandoning module TargetPlatform (142)
[2020.01.12-08.18.21:001][269]LogModuleManager: Shutting down and abandoning module VulkanShaderFormat (141)
[2020.01.12-08.18.21:001][269]LogModuleManager: Shutting down and abandoning module ShaderFormatVectorVM (139)
[2020.01.12-08.18.21:001][269]LogModuleManager: Shutting down and abandoning module ShaderFormatOpenGL (137)
[2020.01.12-08.18.21:001][269]LogModuleManager: Shutting down and abandoning module ShaderFormatD3D (135)
[2020.01.12-08.18.21:001][269]LogModuleManager: Shutting down and abandoning module MetalShaderFormat (133)
[2020.01.12-08.18.21:001][269]LogModuleManager: Shutting down and abandoning module TextureFormatUncompressed (131)
[2020.01.12-08.18.21:001][269]LogModuleManager: Shutting down and abandoning module TextureFormatPVR (129)
[2020.01.12-08.18.21:001][269]LogModuleManager: Shutting down and abandoning module TextureFormatDXT (127)
[2020.01.12-08.18.21:001][269]LogModuleManager: Shutting down and abandoning module TextureFormatIntelISPCTexComp (125)
[2020.01.12-08.18.21:001][269]LogModuleManager: Shutting down and abandoning module TextureFormatASTC (123)
[2020.01.12-08.18.21:001][269]LogModuleManager: Shutting down and abandoning module ImageWrapper (122)
[2020.01.12-08.18.21:001][269]LogModuleManager: Shutting down and abandoning module TextureFormatAndroid (119)
[2020.01.12-08.18.21:001][269]LogModuleManager: Shutting down and abandoning module AudioFormatOpus (117)
[2020.01.12-08.18.21:001][269]LogModuleManager: Shutting down and abandoning module AudioFormatOgg (115)
[2020.01.12-08.18.21:001][269]LogModuleManager: Shutting down and abandoning module AudioFormatADPCM (113)
[2020.01.12-08.18.21:001][269]LogModuleManager: Shutting down and abandoning module LinuxTargetPlatform (111)
[2020.01.12-08.18.21:001][269]LogModuleManager: Shutting down and abandoning module LinuxServerTargetPlatform (109)
[2020.01.12-08.18.21:001][269]LogModuleManager: Shutting down and abandoning module LinuxNoEditorTargetPlatform (107)
[2020.01.12-08.18.21:001][269]LogModuleManager: Shutting down and abandoning module LinuxClientTargetPlatform (105)
[2020.01.12-08.18.21:001][269]LogModuleManager: Shutting down and abandoning module TVOSTargetPlatform (103)
[2020.01.12-08.18.21:001][269]LogModuleManager: Shutting down and abandoning module Messaging (101)
[2020.01.12-08.18.21:001][269]LogModuleManager: Shutting down and abandoning module IOSTargetPlatform (99)
[2020.01.12-08.18.21:001][269]LogModuleManager: Shutting down and abandoning module HTML5TargetPlatform (97)
[2020.01.12-08.18.21:001][269]LogModuleManager: Shutting down and abandoning module Android_PVRTCTargetPlatform (95)
[2020.01.12-08.18.21:001][269]LogModuleManager: Shutting down and abandoning module Android_MultiTargetPlatform (93)
[2020.01.12-08.18.21:001][269]LogModuleManager: Shutting down and abandoning module Android_ETC2TargetPlatform (91)
[2020.01.12-08.18.21:001][269]LogModuleManager: Shutting down and abandoning module Android_ETC1TargetPlatform (89)
[2020.01.12-08.18.21:001][269]LogModuleManager: Shutting down and abandoning module Android_DXTTargetPlatform (87)
[2020.01.12-08.18.21:001][269]LogModuleManager: Shutting down and abandoning module Android_ATCTargetPlatform (85)
[2020.01.12-08.18.21:001][269]LogModuleManager: Shutting down and abandoning module Android_ASTCTargetPlatform (83)
[2020.01.12-08.18.21:001][269]LogModuleManager: Shutting down and abandoning module AndroidTargetPlatform (81)
[2020.01.12-08.18.21:001][269]LogModuleManager: Shutting down and abandoning module WindowsTargetPlatform (79)
[2020.01.12-08.18.21:001][269]LogModuleManager: Shutting down and abandoning module WindowsServerTargetPlatform (77)
[2020.01.12-08.18.21:001][269]LogModuleManager: Shutting down and abandoning module WindowsNoEditorTargetPlatform (75)
[2020.01.12-08.18.21:001][269]LogModuleManager: Shutting down and abandoning module WindowsClientTargetPlatform (73)
[2020.01.12-08.18.21:001][269]LogModuleManager: Shutting down and abandoning module MacTargetPlatform (71)
[2020.01.12-08.18.21:001][269]LogModuleManager: Shutting down and abandoning module MacServerTargetPlatform (69)
[2020.01.12-08.18.21:001][269]LogModuleManager: Shutting down and abandoning module MacNoEditorTargetPlatform (67)
[2020.01.12-08.18.21:001][269]LogModuleManager: Shutting down and abandoning module MacClientTargetPlatform (65)
[2020.01.12-08.18.21:001][269]LogModuleManager: Shutting down and abandoning module AllDesktopTargetPlatform (63)
[2020.01.12-08.18.21:001][269]LogModuleManager: Shutting down and abandoning module InputCore (60)
[2020.01.12-08.18.21:002][269]LogModuleManager: Shutting down and abandoning module Settings (58)
[2020.01.12-08.18.21:002][269]LogModuleManager: Shutting down and abandoning module PhysXCooking (56)
[2020.01.12-08.18.21:002][269]LogModuleManager: Shutting down and abandoning module SteamVR (54)
[2020.01.12-08.18.21:002][269]LogModuleManager: Shutting down and abandoning module OculusHMD (52)
[2020.01.12-08.18.21:002][269]LogModuleManager: Shutting down and abandoning module ExampleDeviceProfileSelector (50)
[2020.01.12-08.18.21:002][269]LogModuleManager: Shutting down and abandoning module OnlineBlueprintSupport (48)
[2020.01.12-08.18.21:002][269]LogModuleManager: Shutting down and abandoning module OnlineSubsystem (44)
[2020.01.12-08.18.21:002][269]LogOnline: Display: Unloading online subsystem: NULL
[2020.01.12-08.18.21:002][269]LogModuleManager: Shutting down and abandoning module XMPP (43)
[2020.01.12-08.18.21:002][269]LogModuleManager: Shutting down and abandoning module HTTP (41)
[2020.01.12-08.18.21:002][269]LogHttp: Display: Http module shutting down, but needs to wait on 1 outstanding Http requests:
[2020.01.12-08.18.21:002][269]LogHttp: Display: 	verb=[POST] url=[https://datarouter.ol.epicgames.com/datarouter/api/v1/public/data?SessionID=%7BA3CF2E99-43F4-5776-23FA-1AAB993156F9%7D&AppID=UEEditor.Rocket.Release&AppVersion=4.17.2-3658906%2B%2B%2BUE4%2BRelease-4.17&UserID=b1000030441f548d482d87b34fc635a5%7Caf8eca7cf2f64770afa50fcfdba1e890%7C67e2f7b9-286c-4a3a-9d32-a96f002b4bb6&AppEnvironment=datacollector-binary&UploadType=eteventstream] status=Processing
[2020.01.12-08.18.21:031][269]LogModuleManager: Shutting down and abandoning module SSL (40)
[2020.01.12-08.18.21:033][269]LogModuleManager: Shutting down and abandoning module AnimationModifiers (36)
[2020.01.12-08.18.21:033][269]LogModuleManager: Shutting down and abandoning module PropertyEditor (35)
[2020.01.12-08.18.21:033][269]LogModuleManager: Shutting down and abandoning module AudioEditor (32)
[2020.01.12-08.18.21:033][269]LogModuleManager: Shutting down and abandoning module TextureCompressor (30)
[2020.01.12-08.18.21:033][269]LogModuleManager: Shutting down and abandoning module ShaderCore (28)
[2020.01.12-08.18.21:033][269]LogModuleManager: Shutting down and abandoning module Landscape (26)
[2020.01.12-08.18.21:033][269]LogModuleManager: Shutting down and abandoning module SlateRHIRenderer (24)
[2020.01.12-08.18.21:035][269]LogModuleManager: Shutting down and abandoning module OpenGLDrv (22)
[2020.01.12-08.18.21:035][269]LogModuleManager: Shutting down and abandoning module D3D11RHI (20)
[2020.01.12-08.18.21:035][269]LogModuleManager: Shutting down and abandoning module AnimGraphRuntime (18)
[2020.01.12-08.18.21:035][269]LogModuleManager: Shutting down and abandoning module Renderer (16)
[2020.01.12-08.18.21:035][269]LogModuleManager: Shutting down and abandoning module Engine (14)
[2020.01.12-08.18.21:035][269]LogModuleManager: Shutting down and abandoning module CoreUObject (12)
[2020.01.12-08.18.21:035][269]LogModuleManager: Shutting down and abandoning module NetworkFile (10)
[2020.01.12-08.18.21:035][269]LogModuleManager: Shutting down and abandoning module CookedIterativeFile (8)
[2020.01.12-08.18.21:035][269]LogModuleManager: Shutting down and abandoning module StreamingFile (6)
[2020.01.12-08.18.21:035][269]LogModuleManager: Shutting down and abandoning module SandboxFile (4)
[2020.01.12-08.18.21:035][269]LogModuleManager: Shutting down and abandoning module PakFile (2)
[2020.01.12-08.18.21:038][269]LogExit: Exiting.
[2020.01.12-08.18.21:053][269]Log file closed, 01/12/20 16:18:21
