Log file open, 01/11/20 18:42:05
LogWindows: Failed to load 'aqProf.dll' (GetLastError=126)
LogWindows: File 'aqProf.dll' does not exist
LogWindows: Failed to load 'VtuneApi.dll' (GetLastError=126)
LogWindows: File 'VtuneApi.dll' does not exist
LogWindows: Failed to load 'VtuneApi32e.dll' (GetLastError=126)
LogWindows: File 'VtuneApi32e.dll' does not exist
LogInit: Display: Running engine for game: Game
LogPlatformFile: Not using cached read wrapper
LogInit: Display: RandInit(-99207952) SRandInit(-99207952).
LogTaskGraph: Started task graph with 5 named threads and 14 total threads with 3 sets of task threads.
LogStats: Stats thread started at 0.212506
LogD3D11RHI: Aftermath initialized
LogPluginManager: Mounting plugin Paper2D
LogPluginManager: Mounting plugin LightPropagationVolume
LogPluginManager: Mounting plugin CodeLiteSourceCodeAccess
LogPluginManager: Mounting plugin GitSourceControl
LogPluginManager: Mounting plugin KDevelopSourceCodeAccess
LogPluginManager: Mounting plugin NullSourceCodeAccess
LogPluginManager: Mounting plugin PerforceSourceControl
LogPluginManager: Mounting plugin SubversionSourceControl
LogPluginManager: Mounting plugin UObjectPlugin
LogPluginManager: Mounting plugin VisualStudioSourceCodeAccess
LogPluginManager: Mounting plugin XCodeSourceCodeAccess
LogPluginManager: Mounting plugin AssetManagerEditor
LogPluginManager: Mounting plugin AudioCapture
LogPluginManager: Mounting plugin FacialAnimation
LogPluginManager: Mounting plugin GameplayTagsEditor
LogPluginManager: Mounting plugin MobileLauncherProfileWizard
LogPluginManager: Mounting plugin PluginBrowser
LogPluginManager: Mounting plugin SpeedTreeImporter
LogPluginManager: Mounting plugin AlembicImporter
LogPluginManager: Mounting plugin CharacterAI
LogPluginManager: Mounting plugin HTML5Networking
LogPluginManager: Mounting plugin AndroidMedia
LogPluginManager: Mounting plugin AvfMedia
LogPluginManager: Mounting plugin MediaPlayerEditor
LogPluginManager: Mounting plugin WmfMedia
LogPluginManager: Mounting plugin TcpMessaging
LogPluginManager: Mounting plugin UdpMessaging
LogPluginManager: Mounting plugin LevelSequenceEditor
LogPluginManager: Mounting plugin MatineeToLevelSequence
LogPluginManager: Mounting plugin OnlineSubsystemGooglePlay
LogPluginManager: Mounting plugin OnlineSubsystemIOS
LogPluginManager: Mounting plugin OnlineSubsystem
LogPluginManager: Mounting plugin OnlineSubsystemNull
LogPluginManager: Mounting plugin OnlineSubsystemUtils
LogPluginManager: Mounting plugin AndroidDeviceProfileSelector
LogPluginManager: Mounting plugin AndroidMoviePlayer
LogPluginManager: Mounting plugin AndroidPermission
LogPluginManager: Mounting plugin AppleMoviePlayer
LogPluginManager: Mounting plugin ArchVisCharacter
LogPluginManager: Mounting plugin CableComponent
LogPluginManager: Mounting plugin CustomMeshComponent
LogPluginManager: Mounting plugin ExampleDeviceProfileSelector
LogPluginManager: Mounting plugin GoogleCloudMessaging
LogPluginManager: Mounting plugin ImmediatePhysics
LogPluginManager: Mounting plugin IOSDeviceProfileSelector
LogPluginManager: Mounting plugin LinuxDeviceProfileSelector
LogPluginManager: Mounting plugin LocationServicesBPLibrary
LogPluginManager: Mounting plugin MobilePatchingUtils
LogPluginManager: Mounting plugin OculusVR
LogPluginManager: Mounting plugin PhysXVehicles
LogPluginManager: Mounting plugin ProceduralMeshComponent
LogPluginManager: Mounting plugin RuntimePhysXCooking
LogPluginManager: Mounting plugin SteamVR
LogPluginManager: Mounting plugin WindowsMoviePlayer
LogInit: Using libcurl 7.47.1
LogInit:  - built for x86_64-pc-win32
LogInit:  - supports SSL with OpenSSL/1.0.2g
LogInit:  - supports HTTP deflate (compression) using libz 1.2.8
LogInit:  - other features:
LogInit:      CURL_VERSION_SSL
LogInit:      CURL_VERSION_LIBZ
LogInit:      CURL_VERSION_IPV6
LogInit:      CURL_VERSION_ASYNCHDNS
LogInit:      CURL_VERSION_LARGEFILE
LogInit:      CURL_VERSION_IDN
LogInit:  CurlRequestOptions (configurable via config and command line):
LogInit:  - bVerifyPeer = false  - Libcurl will NOT verify peer certificate
LogInit:  - bUseHttpProxy = false  - Libcurl will NOT use HTTP proxy
LogInit:  - bDontReuseConnections = false  - Libcurl will reuse connections
LogInit:  - CertBundlePath = nullptr  - Libcurl will use whatever was configured at build time.
LogInit: Build: ++UE4+Release-4.17-CL-3658906
LogInit: Engine Version: 4.17.2-3658906+++UE4+Release-4.17
LogInit: Compatible Engine Version: 4.17.0-3573198+++UE4+Release-4.17
LogInit: Net CL: 3573198
LogDevObjectVersion: Number of dev versions registered: 16
LogDevObjectVersion:   Dev-Blueprints (B0D832E4-1F89-4F0D-ACCF-7EB736FD4AA2): 10
LogDevObjectVersion:   Dev-Build (E1C64328-A22C-4D53-A36C-8E866417BD8C): 0
LogDevObjectVersion:   Dev-Core (375EC13C-06E4-48FB-B500-84F0262A717E): 2
LogDevObjectVersion:   Dev-Editor (E4B068ED-F494-42E9-A231-DA0B2E46BB41): 20
LogDevObjectVersion:   Dev-Framework (CFFC743F-43B0-4480-9391-14DF171D2073): 28
LogDevObjectVersion:   Dev-Mobile (B02B49B5-BB20-44E9-A304-32B752E40360): 0
LogDevObjectVersion:   Dev-Networking (A4E4105C-59A1-49B5-A7C5-40C4547EDFEE): 0
LogDevObjectVersion:   Dev-Online (39C831C9-5AE6-47DC-9A44-9C173E1C8E7C): 0
LogDevObjectVersion:   Dev-Physics (78F01B33-EBEA-4F98-B9B4-84EACCB95AA2): 0
LogDevObjectVersion:   Dev-Platform (6631380F-2D4D-43E0-8009-CF276956A95A): 0
LogDevObjectVersion:   Dev-Rendering (12F88B9F-8875-4AFC-A67C-D90C383ABD29): 19
LogDevObjectVersion:   Dev-Sequencer (7B5AE74C-D270-4C10-A958-57980B212A5A): 4
LogDevObjectVersion:   Dev-VR (D7296918-1DD6-4BDD-9DE2-64A83CC13884): 0
LogDevObjectVersion:   Dev-LoadTimes (C2A15278-BFE7-4AFE-6C17-90FF531DF755): 1
LogDevObjectVersion:   Private-Geometry (6EACA3D4-40EC-4CC1-B786-8BED09428FC5): 1
LogDevObjectVersion:   Dev-AnimPhys (29E575DD-E0A3-4627-9D10-D276232CDCEA): 7
LogInit: Compiled (64-bit): Sep 22 2017 13:47:16
LogInit: Compiled with Visual C++: 19.00.24215.01
LogInit: Build Configuration: Development
LogInit: Branch Name: ++UE4+Release-4.17
LogInit: Command line: -EpicPortal  -epicusername="Visin2014" -epicuserid=af8eca7cf2f64770afa50fcfdba1e890 -epiclocale=en-US
LogInit: Base directory: D:/Program Files/Epic Games/UE_4.17/Engine/Binaries/Win64/
LogInit: Installed Engine Build: 1
LogInit: Presizing for max 8388607 objects, including 0 objects not considered by GC, pre-allocating 0 bytes for permanent pool.
LogInit: Object subsystem initialized
[2020.01.11-10.42.08:045][  0]LogInit: Selected Device Profile: [Windows]
[2020.01.11-10.42.08:045][  0]LogInit: Applying CVar settings loaded from the selected device profile: [Windows]
[2020.01.11-10.42.08:062][  0]LogInit: Computer: SKY-20180922ULI
[2020.01.11-10.42.08:062][  0]LogInit: User: Administrator
[2020.01.11-10.42.08:062][  0]LogInit: CPU Page size=4096, Cores=4
[2020.01.11-10.42.08:062][  0]LogInit: High frequency timer resolution =10.000000 MHz
[2020.01.11-10.42.08:063][  0]LogMemory: Memory total: Physical=15.9GB (16GB approx)
[2020.01.11-10.42.08:063][  0]LogMemory: Platform Memory Stats for Windows
[2020.01.11-10.42.08:063][  0]LogMemory: Process Physical Memory: 279.60 MB used, 279.60 MB peak
[2020.01.11-10.42.08:063][  0]LogMemory: Process Virtual Memory: 282.52 MB used, 282.52 MB peak
[2020.01.11-10.42.08:063][  0]LogMemory: Physical Memory: 5171.74 MB used,  11128.62 MB free, 16300.36 MB total
[2020.01.11-10.42.08:063][  0]LogMemory: Virtual Memory: 4795.75 MB used,  11128.62 MB free, 134217728.00 MB total
[2020.01.11-10.42.08:732][  0]LogInit: Overriding language with editor language configuration option (en).
[2020.01.11-10.42.08:732][  0]LogInit: Overriding locale with editor locale configuration option (en).
[2020.01.11-10.42.09:612][  0]LogD3D11RHI: D3D11 adapters:
[2020.01.11-10.42.09:651][  0]LogD3D11RHI:    0. 'NVIDIA GeForce GTX 960M' (Feature Level 11_0)
[2020.01.11-10.42.09:651][  0]LogD3D11RHI:       4064/0/8150 MB DedicatedVideo/DedicatedSystem/SharedSystem, Outputs:2, VendorId:0x10de
[2020.01.11-10.42.09:661][  0]LogD3D11RHI:    1. 'Intel(R) HD Graphics 4600' (Feature Level 11_0)
[2020.01.11-10.42.09:661][  0]LogD3D11RHI:       112/0/2048 MB DedicatedVideo/DedicatedSystem/SharedSystem, Outputs:0, VendorId:0x8086
[2020.01.11-10.42.09:664][  0]LogD3D11RHI:    2. 'Microsoft Basic Render Driver' (Feature Level 11_0)
[2020.01.11-10.42.09:664][  0]LogD3D11RHI:       0/0/8150 MB DedicatedVideo/DedicatedSystem/SharedSystem, Outputs:0, VendorId:0x1414
[2020.01.11-10.42.09:664][  0]LogD3D11RHI: Chosen D3D11 Adapter: 0
[2020.01.11-10.42.09:681][  0]LogD3D11RHI: Creating new Direct3DDevice
[2020.01.11-10.42.09:681][  0]LogD3D11RHI:     GPU DeviceId: 0x139b (for the marketing name, search the web for "GPU Device Id")
[2020.01.11-10.42.09:681][  0]LogWindows: EnumDisplayDevices:
[2020.01.11-10.42.09:681][  0]LogWindows:    0. 'Intel(R) HD Graphics 4600' (P:1 D:1)
[2020.01.11-10.42.09:682][  0]LogWindows:    1. 'Intel(R) HD Graphics 4600' (P:0 D:1)
[2020.01.11-10.42.09:682][  0]LogWindows:    2. 'Intel(R) HD Graphics 4600' (P:0 D:0)
[2020.01.11-10.42.09:682][  0]LogWindows: DebugString: GetVideoDriverDetailsInvalid PrimaryIsNotTheChoosenAdapter GetVideoDriverDetailsInvalid PrimaryIsNotTheChoosenAdapter GetVideoDriverDetailsInvalid PrimaryIsNotTheChoosenAdapter FoundDriverCount:0 
[2020.01.11-10.42.09:683][  0]LogD3D11RHI:     Adapter Name: NVIDIA GeForce GTX 960M
[2020.01.11-10.42.09:683][  0]LogD3D11RHI:   Driver Version: Unknown (internal:Unknown, unified:Unknown)
[2020.01.11-10.42.09:683][  0]LogD3D11RHI:      Driver Date: Unknown
[2020.01.11-10.42.09:683][  0]LogRHI: Texture pool is 1361 MB (70% of 1945 MB)
[2020.01.11-10.42.09:710][  0]LogD3D11RHI: Async texture creation enabled
[2020.01.11-10.42.09:721][  0]LogD3D11RHI: GPU Timing Frequency: 1000.000000 (Debug: 2 1)
[2020.01.11-10.42.09:723][  0]LogShaderCompilers: Guid format shader working directory is -2 characters bigger than the processId version (../../../../../../Documents/GitProject/UE_TankGame/Game/Intermediate/Shaders/WorkingDirectory/11180/).
[2020.01.11-10.42.09:724][  0]LogShaderCompilers: Cleaned the shader compiler working directory 'C:/Users/Administrator/AppData/Local/Temp/UnrealShaderWorkingDir/F5913EE84E563E50C1F5ADB4CB83D1D0/'.
[2020.01.11-10.42.09:724][  0]LogShaderCompilers: Display: Using Local Shader Compiler.
[2020.01.11-10.42.11:166][  0]LogTemp: Display: Loaded TP AllDesktopTargetPlatform
[2020.01.11-10.42.11:333][  0]LogTemp: Display: Loaded TP MacClientTargetPlatform
[2020.01.11-10.42.11:498][  0]LogTemp: Display: Loaded TP MacNoEditorTargetPlatform
[2020.01.11-10.42.11:664][  0]LogTemp: Display: Loaded TP MacServerTargetPlatform
[2020.01.11-10.42.11:832][  0]LogTemp: Display: Loaded TP MacTargetPlatform
[2020.01.11-10.42.12:000][  0]LogTemp: Display: Loaded TP WindowsClientTargetPlatform
[2020.01.11-10.42.12:166][  0]LogTemp: Display: Loaded TP WindowsNoEditorTargetPlatform
[2020.01.11-10.42.12:332][  0]LogTemp: Display: Loaded TP WindowsServerTargetPlatform
[2020.01.11-10.42.12:489][  0]LogTemp: Display: Loaded TP WindowsTargetPlatform
[2020.01.11-10.42.12:652][  0]LogTemp: Display: Loaded TP AndroidTargetPlatform
[2020.01.11-10.42.12:817][  0]LogTemp: Display: Loaded TP Android_ASTCTargetPlatform
[2020.01.11-10.42.12:980][  0]LogTemp: Display: Loaded TP Android_ATCTargetPlatform
[2020.01.11-10.42.13:143][  0]LogTemp: Display: Loaded TP Android_DXTTargetPlatform
[2020.01.11-10.42.13:309][  0]LogTemp: Display: Loaded TP Android_ETC1TargetPlatform
[2020.01.11-10.42.13:475][  0]LogTemp: Display: Loaded TP Android_ETC2TargetPlatform
[2020.01.11-10.42.13:805][  0]LogTemp: Display: Loaded TP Android_MultiTargetPlatform
[2020.01.11-10.42.13:805][  0]LogTemp: Display: Loaded TP Android_PVRTCTargetPlatform
[2020.01.11-10.42.13:956][  0]LogTemp: Display: Loaded TP HTML5TargetPlatform
[2020.01.11-10.42.14:234][  0]LogTemp: Display: Loaded TP IOSTargetPlatform
[2020.01.11-10.42.14:334][  0]LogTemp: Display: Loaded TP TVOSTargetPlatform
[2020.01.11-10.42.14:501][  0]LogTemp: Display: Loaded TP LinuxClientTargetPlatform
[2020.01.11-10.42.14:666][  0]LogTemp: Display: Loaded TP LinuxNoEditorTargetPlatform
[2020.01.11-10.42.14:829][  0]LogTemp: Display: Loaded TP LinuxServerTargetPlatform
[2020.01.11-10.42.14:995][  0]LogTemp: Display: Loaded TP LinuxTargetPlatform
[2020.01.11-10.42.14:995][  0]LogTargetPlatformManager: Display: Building Assets For Windows
[2020.01.11-10.42.16:902][  0]LogDerivedDataCache: Display: Max Cache Size: 512 MB
[2020.01.11-10.42.17:024][  0]LogDerivedDataCache: Loaded boot cache 0.12s 93MB C:/Users/Administrator/AppData/Local/UnrealEngine/4.17/DerivedDataCache/Boot.ddc.
[2020.01.11-10.42.17:025][  0]LogDerivedDataCache: Display: Loaded Boot cache: C:/Users/Administrator/AppData/Local/UnrealEngine/4.17/DerivedDataCache/Boot.ddc
[2020.01.11-10.42.17:025][  0]LogDerivedDataCache: FDerivedDataBackendGraph:  Pak pak cache file ../../../../../../Documents/GitProject/UE_TankGame/Game/DerivedDataCache/DDC.ddp not found, will not use a pak cache.
[2020.01.11-10.42.17:025][  0]LogDerivedDataCache: Unable to find inner node Pak for hierarchical cache Hierarchy.
[2020.01.11-10.42.17:025][  0]LogDerivedDataCache: FDerivedDataBackendGraph:  CompressedPak pak cache file ../../../../../../Documents/GitProject/UE_TankGame/Game/DerivedDataCache/Compressed.ddp not found, will not use a pak cache.
[2020.01.11-10.42.17:025][  0]LogDerivedDataCache: Unable to find inner node CompressedPak for hierarchical cache Hierarchy.
[2020.01.11-10.42.17:042][  0]LogDerivedDataCache: Display: Pak cache opened for reading ../../../Engine/DerivedDataCache/Compressed.ddp.
[2020.01.11-10.42.17:058][  0]LogDerivedDataCache: Using Local data cache path C:/Users/Administrator/AppData/Local/UnrealEngine/Common/DerivedDataCache: Writable
[2020.01.11-10.42.17:069][  0]LogMaterial: Verifying Global Shaders for PCD3D_SM5
[2020.01.11-10.42.17:069][  0]LogSlate: Using Freetype 2.6.0
[2020.01.11-10.42.17:070][  0]LogSlate: SlateFontCache - WITH_FREETYPE: 1, WITH_HARFBUZZ: 1
[2020.01.11-10.42.17:070][  0]LogSlate: SlateFontCache - WITH_FREETYPE: 1, WITH_HARFBUZZ: 1
[2020.01.11-10.42.17:406][  0]LogAssetRegistry: FAssetRegistry took 0.0277 seconds to start up
[2020.01.11-10.42.17:687][  0]LogInit: Selected Device Profile: [Windows]
[2020.01.11-10.42.17:943][  0]LogContentStreaming: Texture pool size is 0.00 MB
[2020.01.11-10.42.18:952][  0]LogSimplygon: Simplygon DLL not present - disabling.
[2020.01.11-10.42.19:106][  0]LogMeshReduction: Using SimplygonSwarm for distributed automatic mesh merging
[2020.01.11-10.42.19:106][  0]LogMeshReduction: Using QuadricMeshReduction for automatic static mesh reduction
[2020.01.11-10.42.19:106][  0]LogMeshReduction: No automatic skeletal mesh reduction module available
[2020.01.11-10.42.19:106][  0]LogMeshReduction: No automatic mesh merging module available
[2020.01.11-10.42.19:106][  0]LogMeshMerging: No automatic mesh merging module available
[2020.01.11-10.42.19:645][  0]LogNetVersion: Game , NetCL: 3573198, EngineNetVer: 2, GameNetVer: 0 (Checksum: 2957514414)
[2020.01.11-10.42.20:103][  0]LogPackageLocalizationCache: Processed 5 localized package path(s) for 1 prioritized culture(s) in 0.062603 seconds
[2020.01.11-10.42.20:109][  0]LogUObjectArray: 35825 objects as part of root set at end of initial load.
[2020.01.11-10.42.20:109][  0]LogUObjectAllocator: 7529112 out of 0 bytes used by permanent object pool.
[2020.01.11-10.42.20:109][  0]LogUObjectArray: CloseDisregardForGC: 0/0 objects in disregard for GC pool
[2020.01.11-10.42.20:380][  0]LogInit: WinSock: version 1.1 (2.2), MaxSocks=32767, MaxUdp=65467
[2020.01.11-10.42.26:904][  0]LogTcpMessaging: Initializing TcpMessaging bridge
[2020.01.11-10.42.27:019][  0]LogUdpMessaging: Initializing bridge on interface 0.0.0.0:0 to multicast group 230.0.0.1:6666.
[2020.01.11-10.42.29:214][  0]LogMaterial: Uniform references updated for custom material expression Custom.
[2020.01.11-10.42.30:454][  0]SourceControl: Source control is disabled
[2020.01.11-10.42.30:454][  0]SourceControl: Source control is disabled
[2020.01.11-10.42.30:621][  0]SourceControl: Source control is disabled
[2020.01.11-10.42.30:784][  0]SourceControl: Source control is disabled
[2020.01.11-10.42.32:921][  0]LogAndroidPermission: UAndroidPermissionCallbackProxy::GetInstance
[2020.01.11-10.42.33:901][  0]LogOcInput: OculusInput pre-init called
[2020.01.11-10.42.34:854][  0]LogEngine: Initializing Engine...
[2020.01.11-10.42.34:859][  0]LogHMD: Failed to initialize OpenVR with code 110
[2020.01.11-10.42.35:138][  0]LogStats: UGameplayTagsManager::ConstructGameplayTagTree: Construct from data asset -  0.000 s
[2020.01.11-10.42.35:138][  0]LogStats: UGameplayTagsManager::ConstructGameplayTagTree: GameplayTagTreeChangedEvent.Broadcast -  0.000 s
[2020.01.11-10.42.35:661][  0]LogAIModule: Creating AISystem for world Untitled
[2020.01.11-10.42.35:700][  0]LogInit: XAudio2 using '扬声器 (Realtek High Definition Audio)' : 2 channels at 48 kHz using 32 bits per sample (channel mask 0x3)
[2020.01.11-10.42.35:759][  0]LogInit: FAudioDevice initialized.
[2020.01.11-10.42.35:937][  0]LogDerivedDataCache: Saved boot cache 0.18s 93MB C:/Users/Administrator/AppData/Local/UnrealEngine/4.17/DerivedDataCache/Boot.ddc.
[2020.01.11-10.42.35:945][  0]LogInit: Texture streaming: Enabled
[2020.01.11-10.42.36:483][  0]LogEngineSessionManager: EngineSessionManager initialized
[2020.01.11-10.42.37:320][  0]LogInit: Transaction tracking system initialized
[2020.01.11-10.42.38:498][  0]BlueprintLog: New page: Editor Load
[2020.01.11-10.42.41:975][  0]LocalizationService: Localization service is disabled
[2020.01.11-10.42.44:531][  0]LogConsoleResponse: Display: 
[2020.01.11-10.42.44:846][  0]LogCook: Display: Max memory allowance for cook 16384mb min free memory 0mb
[2020.01.11-10.42.44:846][  0]LogFileCache: Scanning file cache for directory 'D:/Documents/GitProject/UE_TankGame/Game/Content/' took 0.01s
[2020.01.11-10.42.44:846][  0]LogCook: Display: Mobile HDR setting 1
[2020.01.11-10.42.44:846][  0]LogGameplayTags: Display: UGameplayTagsManager::DoneAddingNativeTags. DelegateIsBound: 0
[2020.01.11-10.42.48:698][  0]SourceControl: Source control is disabled
[2020.01.11-10.42.48:698][  0]Cmd: MAP LOAD FILE="../../../Engine/Content/Maps/Templates/Template_Default.umap" TEMPLATE=1 SHOWPROGRESS=1 FEATURELEVEL=3
[2020.01.11-10.42.48:699][  0]LightingResults: New page: Lighting Build
[2020.01.11-10.42.48:858][  0]MapCheck: New page: Map Check
[2020.01.11-10.42.48:858][  0]LightingResults: New page: Lighting Build
[2020.01.11-10.42.49:085][  0]LogAIModule: Creating AISystem for world Untitled_1
[2020.01.11-10.42.49:094][  0]LogEditorServer: Finished looking for orphan Actors (0.000 secs)
[2020.01.11-10.42.49:108][  0]Cmd: MAP CHECKDEP NOCLEARLOG
[2020.01.11-10.42.49:193][  0]MapCheck: Map check complete: 0 Error(s), 0 Warning(s), took 84.129ms to complete.
[2020.01.11-10.42.49:193][  0]LogFileHelpers: Loading map 'Template_Default' took 0.494
[2020.01.11-10.42.49:508][  0]LogCollectionManager: Loaded 0 collections in 0.002491 seconds
[2020.01.11-10.42.49:757][  0]LogFileCache: Scanning file cache for directory 'D:/Documents/GitProject/UE_TankGame/Game/Saved/Collections/' took 0.01s
[2020.01.11-10.42.49:757][  0]LogFileCache: Scanning file cache for directory 'D:/Documents/GitProject/UE_TankGame/Game/Content/Developers/Administrator/Collections/' took 0.01s
[2020.01.11-10.42.49:757][  0]LogFileCache: Scanning file cache for directory 'D:/Documents/GitProject/UE_TankGame/Game/Content/Collections/' took 0.01s
[2020.01.11-10.42.49:757][  0]LogCollectionManager: Rebuilt the GUID cache for 0 collections in 0.000000 seconds
[2020.01.11-10.42.49:770][  0]LogContentBrowser: Native class hierarchy populated in 0.0117 seconds. Added 2387 classes and 502 folders.
[2020.01.11-10.42.50:030][  0]LogContentBrowser: Native class hierarchy updated for 'WidgetCarousel' in 0.0020 seconds. Added 0 classes and 0 folders.
[2020.01.11-10.42.50:199][  0]LogContentBrowser: Native class hierarchy updated for 'AddContentDialog' in 0.0017 seconds. Added 0 classes and 0 folders.
[2020.01.11-10.42.50:371][  0]LogContentBrowser: Native class hierarchy updated for 'SceneOutliner' in 0.0017 seconds. Added 1 classes and 2 folders.
[2020.01.11-10.42.50:483][  0]LogSlate: Took 0.000217 seconds to synchronously load lazily loaded font '../../../Engine/Content/Slate/Fonts/Roboto-Regular.ttf' (155K)
[2020.01.11-10.42.50:486][  0]LogSlate: Took 0.000243 seconds to synchronously load lazily loaded font '../../../Engine/Content/Slate/Fonts/Roboto-Bold.ttf' (160K)
[2020.01.11-10.42.50:501][  0]LogSlate: Took 0.001551 seconds to synchronously load lazily loaded font '../../../Engine/Content/Editor/Slate/Fonts/FontAwesome.ttf' (139K)
[2020.01.11-10.42.50:640][  0]LogRenderer: Reallocating scene render targets to support 964x440 Format 10 NumSamples 1 (Frame:1).
[2020.01.11-10.42.50:718][  0]LogSlate: Took 0.001725 seconds to synchronously load lazily loaded font '../../../Engine/Content/Slate/Fonts/Roboto-Light.ttf' (159K)
[2020.01.11-10.42.51:006][  0]LogContentBrowser: Native class hierarchy updated for 'HierarchicalLODOutliner' in 0.0023 seconds. Added 1 classes and 2 folders.
[2020.01.11-10.42.51:006][  0]LogLoad: (Engine Initialization) Total time: 47.16 seconds
[2020.01.11-10.42.51:006][  0]LogLoad: (Engine Initialization) Total Blueprint compile time: 0.00 seconds
[2020.01.11-10.42.51:007][  0]LogExternalProfiler: Found external profiler: VSPerf
[2020.01.11-10.42.51:007][  0]LogExternalProfiler: Using external profiler: VSPerf
[2020.01.11-10.42.51:044][  0]LogContentStreaming: Texture pool size now 1000 MB
[2020.01.11-10.42.51:099][  1]LogAssetRegistry: Asset discovery search completed in 33.7160 seconds
[2020.01.11-10.42.51:101][  1]LogCollectionManager: Rebuilt the object cache for 0 collections in 0.000001 seconds (found 0 objects)
[2020.01.11-10.42.51:101][  1]LogCollectionManager: Fixed up redirectors for 0 collections in 0.000067 seconds (updated 0 objects)
[2020.01.11-12.16.22:845][491]LogRenderer: Reallocating scene render targets to support 964x452 Format 10 NumSamples 1 (Frame:716).
[2020.01.11-12.16.22:894][492]LogRenderer: Reallocating scene render targets to support 964x464 Format 10 NumSamples 1 (Frame:718).
[2020.01.11-12.16.22:943][493]LogRenderer: Reallocating scene render targets to support 964x480 Format 10 NumSamples 1 (Frame:720).
[2020.01.11-12.16.22:984][494]LogRenderer: Reallocating scene render targets to support 964x484 Format 10 NumSamples 1 (Frame:722).
[2020.01.11-12.16.23:028][495]LogRenderer: Reallocating scene render targets to support 964x492 Format 10 NumSamples 1 (Frame:724).
[2020.01.11-12.16.23:072][496]LogRenderer: Reallocating scene render targets to support 964x496 Format 10 NumSamples 1 (Frame:726).
[2020.01.11-12.16.23:175][499]LogRenderer: Reallocating scene render targets to support 964x500 Format 10 NumSamples 1 (Frame:730).
[2020.01.11-12.16.23:406][510]LogRenderer: Reallocating scene render targets to support 964x504 Format 10 NumSamples 1 (Frame:734).
[2020.01.11-12.16.23:590][518]LogRenderer: Reallocating scene render targets to support 964x508 Format 10 NumSamples 1 (Frame:738).
[2020.01.11-12.16.24:748][582]LogRenderer: Reallocating scene render targets to support 968x508 Format 10 NumSamples 1 (Frame:798).
[2020.01.11-12.16.24:798][583]LogRenderer: Reallocating scene render targets to support 972x508 Format 10 NumSamples 1 (Frame:800).
[2020.01.11-12.16.24:845][584]LogRenderer: Reallocating scene render targets to support 980x508 Format 10 NumSamples 1 (Frame:802).
[2020.01.11-12.16.24:886][585]LogRenderer: Reallocating scene render targets to support 984x508 Format 10 NumSamples 1 (Frame:804).
[2020.01.11-12.16.24:973][587]LogRenderer: Reallocating scene render targets to support 992x508 Format 10 NumSamples 1 (Frame:808).
[2020.01.11-12.16.25:015][588]LogRenderer: Reallocating scene render targets to support 996x508 Format 10 NumSamples 1 (Frame:810).
[2020.01.11-12.16.25:060][589]LogRenderer: Reallocating scene render targets to support 1000x508 Format 10 NumSamples 1 (Frame:812).
[2020.01.11-12.16.25:252][597]LogRenderer: Reallocating scene render targets to support 1004x508 Format 10 NumSamples 1 (Frame:816).
[2020.01.11-12.16.25:296][598]LogRenderer: Reallocating scene render targets to support 1012x508 Format 10 NumSamples 1 (Frame:818).
[2020.01.11-12.37.40:769][740]LogEditorViewport: Clicking on Actor (LMB): StaticMeshActor (Floor)
[2020.01.11-13.10.09:643][866]LogEditorViewport: Clicking on Actor (context menu): StaticMeshActor (Floor)
[2020.01.11-13.10.30:702][ 42]LogEditorViewport: Clicking on Actor (context menu): StaticMeshActor (Floor)
[2020.01.11-13.10.32:571][147]LogEditorViewport: Clicking on Actor (context menu): StaticMeshActor (Floor)
[2020.01.11-13.10.33:463][196]LogEditorViewport: Clicking on Actor (LMB): BP_Sky_Sphere_C (Sky Sphere)
[2020.01.11-13.10.38:103][463]LogEditorViewport: Clicking on Actor (context menu): StaticMeshActor (Floor)
[2020.01.11-13.10.39:225][521]LogEditorViewport: Clicking on Actor (context menu): StaticMeshActor (Floor)
[2020.01.11-13.10.47:405][994]LogEditorViewport: Clicking on Actor (context menu): StaticMeshActor (Floor)
[2020.01.11-13.11.06:349][545]LogSlate: Took 0.000368 seconds to synchronously load lazily loaded font '../../../Engine/Content/Slate/Fonts/Roboto-Light.ttf' (159K)
[2020.01.11-13.11.15:347][572]LogSlate: Took 0.000460 seconds to synchronously load lazily loaded font '../../../Engine/Content/Slate/Fonts/Roboto-Light.ttf' (159K)
[2020.01.11-13.11.15:424][572]Cmd: OBJ SAVEPACKAGE PACKAGE="/Temp/Untitled_1" FILE="../../../../../../Documents/GitProject/UE_TankGame/Game/Saved/Autosaves/Temp/Untitled_1_Auto1.umap" SILENT=true AUTOSAVING=true KEEPDIRTY=false
[2020.01.11-13.11.15:468][572]LogSavePackage: Save=42.99ms
[2020.01.11-13.11.15:468][572]LogSavePackage: Moving '../../../../../../Documents/GitProject/UE_TankGame/Game/Saved/Untitled_1_Auto1BD60673A44D97100E5C3F5B4B70CD682.tmp' to '../../../../../../Documents/GitProject/UE_TankGame/Game/Saved/Autosaves/Temp/Untitled_1_Auto1.umap'
[2020.01.11-13.11.15:480][572]LogSavePackage: Display: Finished SavePackage ../../../../../../Documents/GitProject/UE_TankGame/Game/Saved/Autosaves/Temp/Untitled_1_Auto1.umap
[2020.01.11-13.11.15:492][572]LogFileHelpers: Editor autosave (incl. sublevels) for '/Temp/Untitled_1' took 0.091
[2020.01.11-13.11.15:492][572]LogFileHelpers: Editor autosave (incl. sublevels) for all levels took 0.091
[2020.01.11-13.12.44:377][951]LogFactory: FactoryCreateFile: StaticMesh with FbxFactory (0 0 D:\Documents\Art_Resources\with_UCX_custom_collision\tank_fbx_Barrel.fbx)
[2020.01.11-13.12.44:418][951]LogFbx: ItemName: GlobalSettings, ItemCount : 1
[2020.01.11-13.12.44:418][951]LogFbx: ItemName: AnimationStack, ItemCount : 1
[2020.01.11-13.12.44:418][951]LogFbx: ItemName: AnimationLayer, ItemCount : 1
[2020.01.11-13.12.44:418][951]LogFbx: ItemName: Model, ItemCount : 2
[2020.01.11-13.12.44:418][951]LogFbx: ItemName: Material, ItemCount : 1
[2020.01.11-13.12.44:418][951]LogFbx: ItemName: Geometry, ItemCount : 2
[2020.01.11-13.12.44:418][951]LogFbx: ItemName: AnimationCurve, ItemCount : 3
[2020.01.11-13.12.44:418][951]LogFbx: ItemName: AnimationCurveNode, ItemCount : 1
[2020.01.11-13.12.44:427][951]LogFbx: Loading FBX Scene from D:\Documents\Art_Resources\with_UCX_custom_collision\tank_fbx_Barrel.fbx
[2020.01.11-13.12.44:441][951]LogFbx: FBX Scene Loaded Succesfully
[2020.01.11-13.13.04:610][951]LogFbx: Loading FBX Scene from D:\Documents\Art_Resources\with_UCX_custom_collision\tank_fbx_Barrel.fbx
[2020.01.11-13.13.04:616][951]LogFbx: FBX Scene Loaded Succesfully
[2020.01.11-13.13.04:627][951]LogStaticMesh: Building static mesh tank_fbx_Barrel...
[2020.01.11-13.13.04:636][951]LogStaticMesh: Built static mesh [0.01s] /Game/tank_fbx_Barrel.tank_fbx_Barrel
[2020.01.11-13.13.04:657][951]LogFactory: FactoryCreateFile: StaticMesh with FbxFactory (0 0 D:\Documents\Art_Resources\with_UCX_custom_collision\tank_fbx_Body.fbx)
[2020.01.11-13.13.04:677][951]LogFbx: Loading FBX Scene from D:\Documents\Art_Resources\with_UCX_custom_collision\tank_fbx_Body.fbx
[2020.01.11-13.13.04:694][951]LogFbx: FBX Scene Loaded Succesfully
[2020.01.11-13.13.04:725][951]LogStaticMesh: Building static mesh tank_fbx_Body...
[2020.01.11-13.13.05:092][951]LogStaticMesh: Built static mesh [0.37s] /Game/tank_fbx_Body.tank_fbx_Body
[2020.01.11-13.13.05:199][951]LogFactory: FactoryCreateFile: StaticMesh with FbxFactory (0 0 D:\Documents\Art_Resources\with_UCX_custom_collision\tank_fbx_Track.fbx)
[2020.01.11-13.13.05:212][951]LogFbx: Loading FBX Scene from D:\Documents\Art_Resources\with_UCX_custom_collision\tank_fbx_Track.fbx
[2020.01.11-13.13.05:222][951]LogFbx: FBX Scene Loaded Succesfully
[2020.01.11-13.13.05:243][951]LogStaticMesh: Building static mesh tank_fbx_Track...
[2020.01.11-13.13.05:405][951]LogStaticMesh: Built static mesh [0.16s] /Game/tank_fbx_Track.tank_fbx_Track
[2020.01.11-13.13.05:444][951]LogFactory: FactoryCreateFile: StaticMesh with FbxFactory (0 0 D:\Documents\Art_Resources\with_UCX_custom_collision\tank_fbx_Turret.fbx)
[2020.01.11-13.13.05:453][951]LogFbx: Loading FBX Scene from D:\Documents\Art_Resources\with_UCX_custom_collision\tank_fbx_Turret.fbx
[2020.01.11-13.13.05:461][951]LogFbx: FBX Scene Loaded Succesfully
[2020.01.11-13.13.05:467][951]LogStaticMesh: Building static mesh tank_fbx_Turret...
[2020.01.11-13.13.05:483][951]LogStaticMesh: Built static mesh [0.02s] /Game/tank_fbx_Turret.tank_fbx_Turret
[2020.01.11-13.13.11:833][255]LogRenderer: Reallocating scene render targets to support 1076x620 Format 10 NumSamples 1 (Frame:1).
[2020.01.11-13.16.34:644][908]Cmd: OBJ SAVEPACKAGE PACKAGE="/Game/tank_fbx_Barrel" FILE="../../../../../../Documents/GitProject/UE_TankGame/Game/Content/tank_fbx_Barrel.uasset" SILENT=true
[2020.01.11-13.16.34:676][908]LogSavePackage: Save=22.99ms
[2020.01.11-13.16.34:676][908]LogSavePackage: Moving '../../../../../../Documents/GitProject/UE_TankGame/Game/Saved/tank_fbx_Barrel6C648BA246DD2694AEF9969219393C2E.tmp' to '../../../../../../Documents/GitProject/UE_TankGame/Game/Content/tank_fbx_Barrel.uasset'
[2020.01.11-13.16.34:703][908]LogSavePackage: Display: Finished SavePackage ../../../../../../Documents/GitProject/UE_TankGame/Game/Content/tank_fbx_Barrel.uasset
[2020.01.11-13.16.34:753][908]Cmd: OBJ SAVEPACKAGE PACKAGE="/Game/tank_fbx_Body" FILE="../../../../../../Documents/GitProject/UE_TankGame/Game/Content/tank_fbx_Body.uasset" SILENT=true
[2020.01.11-13.16.34:786][908]LogSavePackage: Save=22.88ms
[2020.01.11-13.16.34:786][908]LogSavePackage: Moving '../../../../../../Documents/GitProject/UE_TankGame/Game/Saved/tank_fbx_Body3C67655149E76EC07C65E284A8A67783.tmp' to '../../../../../../Documents/GitProject/UE_TankGame/Game/Content/tank_fbx_Body.uasset'
[2020.01.11-13.16.34:812][908]LogSavePackage: Display: Finished SavePackage ../../../../../../Documents/GitProject/UE_TankGame/Game/Content/tank_fbx_Body.uasset
[2020.01.11-13.16.34:863][908]Cmd: OBJ SAVEPACKAGE PACKAGE="/Game/tank_fbx_Track" FILE="../../../../../../Documents/GitProject/UE_TankGame/Game/Content/tank_fbx_Track.uasset" SILENT=true
[2020.01.11-13.16.34:895][908]LogSavePackage: Save=22.14ms
[2020.01.11-13.16.34:895][908]LogSavePackage: Moving '../../../../../../Documents/GitProject/UE_TankGame/Game/Saved/tank_fbx_TrackAA9552954F57AA3487CEE48BB6BBA445.tmp' to '../../../../../../Documents/GitProject/UE_TankGame/Game/Content/tank_fbx_Track.uasset'
[2020.01.11-13.16.34:921][908]LogSavePackage: Display: Finished SavePackage ../../../../../../Documents/GitProject/UE_TankGame/Game/Content/tank_fbx_Track.uasset
[2020.01.11-13.16.34:972][908]Cmd: OBJ SAVEPACKAGE PACKAGE="/Game/tank_fbx_Turret" FILE="../../../../../../Documents/GitProject/UE_TankGame/Game/Content/tank_fbx_Turret.uasset" SILENT=true
[2020.01.11-13.16.35:004][908]LogSavePackage: Save=22.28ms
[2020.01.11-13.16.35:004][908]LogSavePackage: Moving '../../../../../../Documents/GitProject/UE_TankGame/Game/Saved/tank_fbx_TurretE78DF01E412F0B3092A532A675968D94.tmp' to '../../../../../../Documents/GitProject/UE_TankGame/Game/Content/tank_fbx_Turret.uasset'
[2020.01.11-13.16.35:030][908]LogSavePackage: Display: Finished SavePackage ../../../../../../Documents/GitProject/UE_TankGame/Game/Content/tank_fbx_Turret.uasset
[2020.01.11-13.16.38:411][908]Cmd: OBJ SAVEPACKAGE PACKAGE="/Game/Untitled" FILE="../../../../../../Documents/GitProject/UE_TankGame/Game/Content/Untitled.umap" SILENT=true AUTOSAVING=false KEEPDIRTY=false
[2020.01.11-13.16.38:471][908]LogSavePackage: Save=38.55ms
[2020.01.11-13.16.38:471][908]LogSavePackage: Moving '../../../../../../Documents/GitProject/UE_TankGame/Game/Saved/UntitledA8249B144B7802ECF8AA17A6F177E925.tmp' to '../../../../../../Documents/GitProject/UE_TankGame/Game/Content/Untitled.umap'
[2020.01.11-13.16.38:497][908]LogSavePackage: Display: Finished SavePackage ../../../../../../Documents/GitProject/UE_TankGame/Game/Content/Untitled.umap
[2020.01.11-13.16.38:533][908]LogFileHelpers: Saving map 'Untitled' took 0.716
[2020.01.11-13.16.39:003][908]LogWindowsTextInputMethodSystem: Display: IME system now deactivated.
[2020.01.11-13.16.39:207][909]Cmd: QUIT_EDITOR
[2020.01.11-13.16.39:267][909]LogExit: Preparing to exit.
[2020.01.11-13.16.39:539][909]LogDirectoryWatcher: A directory notification for 'D:/Documents/GitProject/UE_TankGame/Game/Content/' was aborted.
[2020.01.11-13.16.39:576][909]LogExit: Editor shut down
[2020.01.11-13.16.39:578][909]LogExit: Transaction tracking system shut down
[2020.01.11-13.16.39:738][909]LogDirectoryWatcher: A directory notification for '../../../Engine/Content/' was aborted.
[2020.01.11-13.16.39:738][909]LogDirectoryWatcher: A directory notification for '../../../../../../Documents/GitProject/UE_TankGame/Game/Content/' was aborted.
[2020.01.11-13.16.39:738][909]LogDirectoryWatcher: A directory notification for '../../../Engine/Plugins/2D/Paper2D/Content/' was aborted.
[2020.01.11-13.16.39:738][909]LogDirectoryWatcher: A directory notification for '../../../Engine/Plugins/Runtime/Oculus/OculusVR/Content/' was aborted.
[2020.01.11-13.16.39:738][909]LogDirectoryWatcher: A directory notification for '../../../Engine/Plugins/Runtime/Steam/SteamVR/Content/' was aborted.
[2020.01.11-13.16.39:804][909]LogExit: Object subsystem successfully closed.
[2020.01.11-13.16.39:824][909]LogD3D11RHI: Shutdown
[2020.01.11-13.16.39:824][909]LogD3D11RHI: CleanupD3DDevice
[2020.01.11-13.16.39:965][909]LogD3D11RHI: ~FD3D11DynamicRHI
[2020.01.11-13.16.40:012][909]LogModuleManager: Shutting down and abandoning module StaticMeshEditor (534)
[2020.01.11-13.16.40:012][909]LogModuleManager: Shutting down and abandoning module HierarchicalLODOutliner (532)
[2020.01.11-13.16.40:012][909]LogModuleManager: Shutting down and abandoning module SceneOutliner (530)
[2020.01.11-13.16.40:012][909]LogModuleManager: Shutting down and abandoning module AddContentDialog (528)
[2020.01.11-13.16.40:013][909]LogDirectoryWatcher: A directory notification for 'D:/Program Files/Epic Games/UE_4.17/FeaturePacks/' was aborted.
[2020.01.11-13.16.40:017][909]LogModuleManager: Shutting down and abandoning module WidgetCarousel (527)
[2020.01.11-13.16.40:017][909]LogModuleManager: Shutting down and abandoning module EditorWidgets (524)
[2020.01.11-13.16.40:017][909]LogModuleManager: Shutting down and abandoning module CollectionManager (522)
[2020.01.11-13.16.40:017][909]LogDirectoryWatcher: A directory notification for 'D:/Documents/GitProject/UE_TankGame/Game/Content/Collections/' was aborted.
[2020.01.11-13.16.40:017][909]LogDirectoryWatcher: A directory notification for 'D:/Documents/GitProject/UE_TankGame/Game/Content/Developers/Administrator/Collections/' was aborted.
[2020.01.11-13.16.40:017][909]LogDirectoryWatcher: A directory notification for 'D:/Documents/GitProject/UE_TankGame/Game/Saved/Collections/' was aborted.
[2020.01.11-13.16.40:017][909]LogModuleManager: Shutting down and abandoning module StatsViewer (520)
[2020.01.11-13.16.40:017][909]LogModuleManager: Shutting down and abandoning module FoliageEdit (518)
[2020.01.11-13.16.40:017][909]LogModuleManager: Shutting down and abandoning module LandscapeEditor (516)
[2020.01.11-13.16.40:018][909]LogModuleManager: Shutting down and abandoning module MeshPaintMode (514)
[2020.01.11-13.16.40:018][909]LogModuleManager: Shutting down and abandoning module SceneDepthPickerMode (512)
[2020.01.11-13.16.40:018][909]LogModuleManager: Shutting down and abandoning module ActorPickerMode (510)
[2020.01.11-13.16.40:018][909]LogModuleManager: Shutting down and abandoning module GeometryMode (508)
[2020.01.11-13.16.40:018][909]LogModuleManager: Shutting down and abandoning module TextureAlignMode (506)
[2020.01.11-13.16.40:018][909]LogModuleManager: Shutting down and abandoning module BspMode (504)
[2020.01.11-13.16.40:018][909]LogModuleManager: Shutting down and abandoning module PIEPreviewDeviceProfileSelector (502)
[2020.01.11-13.16.40:018][909]LogModuleManager: Shutting down and abandoning module HardwareSurvey (500)
[2020.01.11-13.16.40:018][909]LogModuleManager: Shutting down and abandoning module SequenceRecorderSections (498)
[2020.01.11-13.16.40:018][909]LogModuleManager: Shutting down and abandoning module AutomationWorker (496)
[2020.01.11-13.16.40:018][909]LogModuleManager: Shutting down and abandoning module MatineeToLevelSequence (494)
[2020.01.11-13.16.40:018][909]LogModuleManager: Shutting down and abandoning module LevelSequenceEditor (492)
[2020.01.11-13.16.40:018][909]LogModuleManager: Shutting down and abandoning module PlacementMode (491)
[2020.01.11-13.16.40:018][909]LogModuleManager: Shutting down and abandoning module WmfMediaFactory (488)
[2020.01.11-13.16.40:018][909]LogModuleManager: Shutting down and abandoning module WmfMediaEditor (486)
[2020.01.11-13.16.40:018][909]LogModuleManager: Shutting down and abandoning module AvfMediaFactory (484)
[2020.01.11-13.16.40:019][909]LogModuleManager: Shutting down and abandoning module AvfMediaEditor (482)
[2020.01.11-13.16.40:019][909]LogModuleManager: Shutting down and abandoning module AndroidMediaFactory (480)
[2020.01.11-13.16.40:019][909]LogModuleManager: Shutting down and abandoning module Media (479)
[2020.01.11-13.16.40:019][909]LogModuleManager: Shutting down and abandoning module AndroidMediaEditor (476)
[2020.01.11-13.16.40:019][909]LogModuleManager: Shutting down and abandoning module CharacterAI (474)
[2020.01.11-13.16.40:019][909]LogModuleManager: Shutting down and abandoning module AudioCapture (472)
[2020.01.11-13.16.40:019][909]LogModuleManager: Shutting down and abandoning module SequenceRecorder (471)
[2020.01.11-13.16.40:019][909]LogModuleManager: Shutting down and abandoning module SmartSnapping (468)
[2020.01.11-13.16.40:019][909]LogModuleManager: Shutting down and abandoning module SessionServices (466)
[2020.01.11-13.16.40:019][909]LogModuleManager: Shutting down and abandoning module ViewportSnapping (464)
[2020.01.11-13.16.40:019][909]LogModuleManager: Shutting down and abandoning module ViewportInteraction (462)
[2020.01.11-13.16.40:019][909]LogModuleManager: Shutting down and abandoning module ClothPainter (460)
[2020.01.11-13.16.40:019][909]LogModuleManager: Shutting down and abandoning module LogVisualizer (458)
[2020.01.11-13.16.40:019][909]LogModuleManager: Shutting down and abandoning module IntroTutorials (456)
[2020.01.11-13.16.40:019][909]LogModuleManager: Shutting down and abandoning module GameProjectGeneration (455)
[2020.01.11-13.16.40:019][909]LogModuleManager: Shutting down and abandoning module IOSPlatformEditor (452)
[2020.01.11-13.16.40:019][909]LogModuleManager: Shutting down and abandoning module HTML5PlatformEditor (450)
[2020.01.11-13.16.40:019][909]LogModuleManager: Shutting down and abandoning module AndroidPlatformEditor (448)
[2020.01.11-13.16.40:020][909]LogModuleManager: Shutting down and abandoning module AndroidDeviceDetection (447)
[2020.01.11-13.16.40:335][909]LogModuleManager: Shutting down and abandoning module WindowsPlatformEditor (444)
[2020.01.11-13.16.40:335][909]LogModuleManager: Shutting down and abandoning module IOSRuntimeSettings (442)
[2020.01.11-13.16.40:335][909]LogModuleManager: Shutting down and abandoning module AndroidRuntimeSettings (440)
[2020.01.11-13.16.40:335][909]LogModuleManager: Shutting down and abandoning module InputBindingEditor (438)
[2020.01.11-13.16.40:335][909]LogModuleManager: Shutting down and abandoning module MergeActors (436)
[2020.01.11-13.16.40:335][909]LogModuleManager: Shutting down and abandoning module SizeMap (434)
[2020.01.11-13.16.40:336][909]LogModuleManager: Shutting down and abandoning module TreeMap (432)
[2020.01.11-13.16.40:336][909]LogModuleManager: Shutting down and abandoning module ReferenceViewer (430)
[2020.01.11-13.16.40:336][909]LogModuleManager: Shutting down and abandoning module LocalizationDashboard (428)
[2020.01.11-13.16.40:336][909]LogModuleManager: Shutting down and abandoning module LocalizationService (427)
[2020.01.11-13.16.40:336][909]LogModuleManager: Shutting down and abandoning module HardwareTargeting (424)
[2020.01.11-13.16.40:336][909]LogModuleManager: Shutting down and abandoning module DeviceProfileEditor (422)
[2020.01.11-13.16.40:336][909]LogModuleManager: Shutting down and abandoning module UndoHistory (420)
[2020.01.11-13.16.40:336][909]LogModuleManager: Shutting down and abandoning module XmlParser (418)
[2020.01.11-13.16.40:336][909]LogModuleManager: Shutting down and abandoning module Blutility (416)
[2020.01.11-13.16.40:336][909]LogModuleManager: Shutting down and abandoning module ProjectSettingsViewer (414)
[2020.01.11-13.16.40:336][909]LogModuleManager: Shutting down and abandoning module ProjectTargetPlatformEditor (413)
[2020.01.11-13.16.40:336][909]LogModuleManager: Shutting down and abandoning module EditorSettingsViewer (410)
[2020.01.11-13.16.40:336][909]LogModuleManager: Shutting down and abandoning module SettingsEditor (408)
[2020.01.11-13.16.40:336][909]LogModuleManager: Shutting down and abandoning module ProjectLauncher (406)
[2020.01.11-13.16.40:336][909]LogModuleManager: Shutting down and abandoning module SessionFrontend (404)
[2020.01.11-13.16.40:336][909]LogModuleManager: Shutting down and abandoning module ProfilerClient (402)
[2020.01.11-13.16.40:336][909]LogModuleManager: Shutting down and abandoning module DeviceManager (400)
[2020.01.11-13.16.40:336][909]LogModuleManager: Shutting down and abandoning module TargetDeviceServices (399)
[2020.01.11-13.16.40:390][909]LogModuleManager: Shutting down and abandoning module AutomationController (396)
[2020.01.11-13.16.40:390][909]LogModuleManager: Shutting down and abandoning module AutomationWindow (394)
[2020.01.11-13.16.40:390][909]LogModuleManager: Shutting down and abandoning module Layers (392)
[2020.01.11-13.16.40:390][909]LogModuleManager: Shutting down and abandoning module ComponentVisualizers (390)
[2020.01.11-13.16.40:390][909]LogModuleManager: Shutting down and abandoning module DetailCustomizations (388)
[2020.01.11-13.16.40:390][909]LogModuleManager: Shutting down and abandoning module PackagesDialog (386)
[2020.01.11-13.16.40:390][909]LogModuleManager: Shutting down and abandoning module Persona (384)
[2020.01.11-13.16.40:390][909]LogModuleManager: Shutting down and abandoning module AdvancedPreviewScene (383)
[2020.01.11-13.16.40:390][909]LogModuleManager: Shutting down and abandoning module AnimGraph (381)
[2020.01.11-13.16.40:390][909]LogModuleManager: Shutting down and abandoning module Kismet (378)
[2020.01.11-13.16.40:391][909]LogModuleManager: Shutting down and abandoning module ClassViewer (376)
[2020.01.11-13.16.40:391][909]LogModuleManager: Shutting down and abandoning module Toolbox (374)
[2020.01.11-13.16.40:391][909]LogModuleManager: Shutting down and abandoning module ModuleUI (372)
[2020.01.11-13.16.40:391][909]LogModuleManager: Shutting down and abandoning module MovieSceneTools (370)
[2020.01.11-13.16.40:391][909]LogModuleManager: Shutting down and abandoning module OutputLog (368)
[2020.01.11-13.16.40:391][909]LogModuleManager: Shutting down and abandoning module GammaUI (366)
[2020.01.11-13.16.40:391][909]LogModuleManager: Shutting down and abandoning module Documentation (364)
[2020.01.11-13.16.40:391][909]LogModuleManager: Shutting down and abandoning module MovieSceneTracks (362)
[2020.01.11-13.16.40:391][909]LogModuleManager: Shutting down and abandoning module MovieScene (360)
[2020.01.11-13.16.40:391][909]LogModuleManager: Shutting down and abandoning module Niagara (358)
[2020.01.11-13.16.40:391][909]LogModuleManager: Shutting down and abandoning module NiagaraEditor (357)
[2020.01.11-13.16.40:391][909]LogModuleManager: Shutting down and abandoning module StreamingPauseRendering (354)
[2020.01.11-13.16.40:391][909]LogModuleManager: Shutting down and abandoning module LauncherPlatform (352)
[2020.01.11-13.16.40:391][909]LogModuleManager: Shutting down and abandoning module AnalyticsET (350)
[2020.01.11-13.16.40:391][909]LogModuleManager: Shutting down and abandoning module PortalServices (348)
[2020.01.11-13.16.40:391][909]LogModuleManager: Shutting down and abandoning module PortalRpc (346)
[2020.01.11-13.16.40:391][909]LogModuleManager: Shutting down and abandoning module MessagingRpc (344)
[2020.01.11-13.16.40:391][909]LogModuleManager: Shutting down and abandoning module AIModule (342)
[2020.01.11-13.16.40:391][909]LogModuleManager: Shutting down and abandoning module GameplayDebugger (341)
[2020.01.11-13.16.40:391][909]LogModuleManager: Shutting down and abandoning module AITestSuite (339)
[2020.01.11-13.16.40:391][909]LogModuleManager: Shutting down and abandoning module ProfilerService (336)
[2020.01.11-13.16.40:636][909]LogModuleManager: Shutting down and abandoning module TaskGraph (334)
[2020.01.11-13.16.40:636][909]LogModuleManager: Shutting down and abandoning module SteamVRController (332)
[2020.01.11-13.16.40:636][909]LogModuleManager: Shutting down and abandoning module ProceduralMeshComponentEditor (330)
[2020.01.11-13.16.40:636][909]LogModuleManager: Shutting down and abandoning module ProceduralMeshComponent (328)
[2020.01.11-13.16.40:636][909]LogModuleManager: Shutting down and abandoning module OculusInput (326)
[2020.01.11-13.16.40:636][909]LogModuleManager: Shutting down and abandoning module MobilePatchingUtils (324)
[2020.01.11-13.16.40:636][909]LogModuleManager: Shutting down and abandoning module CustomMeshComponent (322)
[2020.01.11-13.16.40:636][909]LogModuleManager: Shutting down and abandoning module CableComponent (320)
[2020.01.11-13.16.40:636][909]LogModuleManager: Shutting down and abandoning module ArchVisCharacter (318)
[2020.01.11-13.16.40:636][909]LogModuleManager: Shutting down and abandoning module AndroidPermission (316)
[2020.01.11-13.16.40:636][909]LogModuleManager: Shutting down and abandoning module MediaPlayerEditor (312)
[2020.01.11-13.16.40:636][909]LogModuleManager: Shutting down and abandoning module HTML5Networking (310)
[2020.01.11-13.16.40:636][909]LogModuleManager: Shutting down and abandoning module AlembicImporter (308)
[2020.01.11-13.16.40:636][909]LogModuleManager: Shutting down and abandoning module AlembicLibrary (307)
[2020.01.11-13.16.40:637][909]LogModuleManager: Shutting down and abandoning module GeometryCache (306)
[2020.01.11-13.16.40:637][909]LogModuleManager: Shutting down and abandoning module GeometryCacheEd (305)
[2020.01.11-13.16.40:637][909]LogModuleManager: Shutting down and abandoning module SpeedTreeImporter (300)
[2020.01.11-13.16.40:637][909]LogModuleManager: Shutting down and abandoning module PluginBrowser (298)
[2020.01.11-13.16.40:637][909]LogModuleManager: Shutting down and abandoning module MobileLauncherProfileWizard (296)
[2020.01.11-13.16.40:637][909]LogModuleManager: Shutting down and abandoning module VisualStudioSourceCodeAccess (294)
[2020.01.11-13.16.40:637][909]LogModuleManager: Shutting down and abandoning module DesktopPlatform (293)
[2020.01.11-13.16.40:637][909]LogModuleManager: Shutting down and abandoning module UObjectPlugin (290)
[2020.01.11-13.16.40:637][909]LogModuleManager: Shutting down and abandoning module SubversionSourceControl (288)
[2020.01.11-13.16.40:637][909]LogModuleManager: Shutting down and abandoning module PerforceSourceControl (286)
[2020.01.11-13.16.40:637][909]LogModuleManager: Shutting down and abandoning module GitSourceControl (284)
[2020.01.11-13.16.40:637][909]LogModuleManager: Shutting down and abandoning module SourceControl (283)
[2020.01.11-13.16.40:637][909]LogModuleManager: Shutting down and abandoning module LightPropagationVolumeEditor (280)
[2020.01.11-13.16.40:637][909]LogModuleManager: Shutting down and abandoning module PaperTiledImporter (278)
[2020.01.11-13.16.40:637][909]LogModuleManager: Shutting down and abandoning module PaperSpriteSheetImporter (276)
[2020.01.11-13.16.40:637][909]LogModuleManager: Shutting down and abandoning module Paper2DEditor (274)
[2020.01.11-13.16.40:637][909]LogModuleManager: Shutting down and abandoning module MeshPaint (273)
[2020.01.11-13.16.40:637][909]LogModuleManager: Shutting down and abandoning module LevelEditor (271)
[2020.01.11-13.16.40:638][909]LogModuleManager: Shutting down and abandoning module PixelInspectorModule (270)
[2020.01.11-13.16.40:638][909]LogModuleManager: Shutting down and abandoning module MainFrame (268)
[2020.01.11-13.16.40:638][909]LogModuleManager: Shutting down and abandoning module HotReload (267)
[2020.01.11-13.16.40:638][909]LogDirectoryWatcher: A directory notification for 'D:/Documents/GitProject/UE_TankGame/Game/Binaries/Win64' was aborted.
[2020.01.11-13.16.40:640][909]LogModuleManager: Shutting down and abandoning module Game (262)
[2020.01.11-13.16.40:640][909]LogModuleManager: Shutting down and abandoning module RuntimePhysXCooking (260)
[2020.01.11-13.16.40:640][909]LogModuleManager: Shutting down and abandoning module PhysXVehiclesEditor (258)
[2020.01.11-13.16.40:640][909]LogModuleManager: Shutting down and abandoning module PhysXVehicles (256)
[2020.01.11-13.16.40:640][909]LogModuleManager: Shutting down and abandoning module OculusEditor (254)
[2020.01.11-13.16.40:640][909]LogModuleManager: Shutting down and abandoning module LocationServicesBPLibrary (252)
[2020.01.11-13.16.40:640][909]LogModuleManager: Shutting down and abandoning module ImmediatePhysicsEditor (250)
[2020.01.11-13.16.40:640][909]LogModuleManager: Shutting down and abandoning module ImmediatePhysics (248)
[2020.01.11-13.16.40:640][909]LogModuleManager: Shutting down and abandoning module UdpMessaging (246)
[2020.01.11-13.16.40:741][909]LogModuleManager: Shutting down and abandoning module TcpMessaging (244)
[2020.01.11-13.16.40:842][909]LogModuleManager: Shutting down and abandoning module GameplayTagsEditor (242)
[2020.01.11-13.16.40:842][909]LogModuleManager: Shutting down and abandoning module FacialAnimationEditor (240)
[2020.01.11-13.16.40:842][909]LogModuleManager: Shutting down and abandoning module FacialAnimation (238)
[2020.01.11-13.16.40:842][909]LogModuleManager: Shutting down and abandoning module AssetManagerEditor (236)
[2020.01.11-13.16.40:842][909]LogModuleManager: Shutting down and abandoning module GraphEditor (235)
[2020.01.11-13.16.40:842][909]LogModuleManager: Shutting down and abandoning module ContentBrowser (233)
[2020.01.11-13.16.40:843][909]LogModuleManager: Shutting down and abandoning module LightPropagationVolumeRuntime (230)
[2020.01.11-13.16.40:843][909]LogModuleManager: Shutting down and abandoning module Paper2D (228)
[2020.01.11-13.16.40:843][909]LogModuleManager: Shutting down and abandoning module WindowsMoviePlayer (226)
[2020.01.11-13.16.40:843][909]LogModuleManager: Shutting down and abandoning module WmfMedia (224)
[2020.01.11-13.16.40:846][909]LogModuleManager: Shutting down and abandoning module PacketHandler (222)
[2020.01.11-13.16.40:846][909]LogModuleManager: Shutting down and abandoning module ClothingSystemEditor (220)
[2020.01.11-13.16.40:846][909]LogModuleManager: Shutting down and abandoning module ClothingSystemRuntime (218)
[2020.01.11-13.16.40:846][909]LogModuleManager: Shutting down and abandoning module Overlay (216)
[2020.01.11-13.16.40:846][909]LogModuleManager: Shutting down and abandoning module OverlayEditor (215)
[2020.01.11-13.16.40:846][909]LogModuleManager: Shutting down and abandoning module MediaAssets (212)
[2020.01.11-13.16.40:846][909]LogModuleManager: Shutting down and abandoning module VREditor (210)
[2020.01.11-13.16.40:846][909]LogModuleManager: Shutting down and abandoning module StringTableEditor (208)
[2020.01.11-13.16.40:846][909]LogModuleManager: Shutting down and abandoning module GameplayTasksEditor (206)
[2020.01.11-13.16.40:846][909]LogModuleManager: Shutting down and abandoning module BehaviorTreeEditor (204)
[2020.01.11-13.16.40:846][909]LogModuleManager: Shutting down and abandoning module FunctionalTesting (202)
[2020.01.11-13.16.40:846][909]LogModuleManager: Shutting down and abandoning module CollisionAnalyzer (200)
[2020.01.11-13.16.40:846][909]LogModuleManager: Shutting down and abandoning module WorkspaceMenuStructure (199)
[2020.01.11-13.16.40:846][909]LogModuleManager: Shutting down and abandoning module UMG (196)
[2020.01.11-13.16.40:846][909]LogModuleManager: Shutting down and abandoning module UMGEditor (195)
[2020.01.11-13.16.40:846][909]LogModuleManager: Shutting down and abandoning module Sequencer (194)
[2020.01.11-13.16.40:847][909]LogModuleManager: Shutting down and abandoning module MessageLog (191)
[2020.01.11-13.16.40:847][909]LogModuleManager: Shutting down and abandoning module SlateReflector (186)
[2020.01.11-13.16.40:847][909]LogModuleManager: Shutting down and abandoning module Slate (184)
[2020.01.11-13.16.40:847][909]LogModuleManager: Shutting down and abandoning module EditorStyle (182)
[2020.01.11-13.16.40:851][909]LogModuleManager: Shutting down and abandoning module MRMesh (180)
[2020.01.11-13.16.40:851][909]LogModuleManager: Shutting down and abandoning module SourceCodeAccess (178)
[2020.01.11-13.16.40:851][909]LogModuleManager: Shutting down and abandoning module HeadMountedDisplay (176)
[2020.01.11-13.16.40:851][909]LogModuleManager: Shutting down and abandoning module XAudio2 (174)
[2020.01.11-13.16.40:851][909]LogModuleManager: Shutting down and abandoning module Networking (172)
[2020.01.11-13.16.40:851][909]LogModuleManager: Shutting down and abandoning module Core (168)
[2020.01.11-13.16.40:851][909]LogModuleManager: Shutting down and abandoning module KismetCompiler (164)
[2020.01.11-13.16.40:851][909]LogModuleManager: Shutting down and abandoning module LevelSequence (162)
[2020.01.11-13.16.40:851][909]LogModuleManager: Shutting down and abandoning module MeshUtilities (160)
[2020.01.11-13.16.40:851][909]LogModuleManager: Shutting down and abandoning module MeshMergeUtilities (159)
[2020.01.11-13.16.40:851][909]LogModuleManager: Shutting down and abandoning module MeshReductionInterface (158)
[2020.01.11-13.16.40:851][909]LogModuleManager: Shutting down and abandoning module SimplygonSwarm (157)
[2020.01.11-13.16.40:851][909]LogModuleManager: Shutting down and abandoning module SimplygonMeshReduction (155)
[2020.01.11-13.16.40:851][909]LogModuleManager: Shutting down and abandoning module QuadricMeshReduction (153)
[2020.01.11-13.16.40:851][909]LogModuleManager: Shutting down and abandoning module MaterialBaking (149)
[2020.01.11-13.16.40:851][909]LogModuleManager: Shutting down and abandoning module DirectoryWatcher (146)
[2020.01.11-13.16.40:854][909]LogModuleManager: Shutting down and abandoning module DerivedDataCache (144)
[2020.01.11-13.16.40:896][909]LogDerivedDataCache: Shutdown
[2020.01.11-13.16.40:896][909]LogModuleManager: Shutting down and abandoning module TargetPlatform (142)
[2020.01.11-13.16.40:896][909]LogModuleManager: Shutting down and abandoning module VulkanShaderFormat (141)
[2020.01.11-13.16.40:896][909]LogModuleManager: Shutting down and abandoning module ShaderFormatVectorVM (139)
[2020.01.11-13.16.40:896][909]LogModuleManager: Shutting down and abandoning module ShaderFormatOpenGL (137)
[2020.01.11-13.16.40:897][909]LogModuleManager: Shutting down and abandoning module ShaderFormatD3D (135)
[2020.01.11-13.16.40:897][909]LogModuleManager: Shutting down and abandoning module MetalShaderFormat (133)
[2020.01.11-13.16.40:897][909]LogModuleManager: Shutting down and abandoning module TextureFormatUncompressed (131)
[2020.01.11-13.16.40:897][909]LogModuleManager: Shutting down and abandoning module TextureFormatPVR (129)
[2020.01.11-13.16.40:897][909]LogModuleManager: Shutting down and abandoning module TextureFormatDXT (127)
[2020.01.11-13.16.40:897][909]LogModuleManager: Shutting down and abandoning module TextureFormatIntelISPCTexComp (125)
[2020.01.11-13.16.40:897][909]LogModuleManager: Shutting down and abandoning module TextureFormatASTC (123)
[2020.01.11-13.16.40:897][909]LogModuleManager: Shutting down and abandoning module ImageWrapper (122)
[2020.01.11-13.16.40:897][909]LogModuleManager: Shutting down and abandoning module TextureFormatAndroid (119)
[2020.01.11-13.16.40:897][909]LogModuleManager: Shutting down and abandoning module AudioFormatOpus (117)
[2020.01.11-13.16.40:897][909]LogModuleManager: Shutting down and abandoning module AudioFormatOgg (115)
[2020.01.11-13.16.40:897][909]LogModuleManager: Shutting down and abandoning module AudioFormatADPCM (113)
[2020.01.11-13.16.40:897][909]LogModuleManager: Shutting down and abandoning module LinuxTargetPlatform (111)
[2020.01.11-13.16.40:897][909]LogModuleManager: Shutting down and abandoning module LinuxServerTargetPlatform (109)
[2020.01.11-13.16.40:897][909]LogModuleManager: Shutting down and abandoning module LinuxNoEditorTargetPlatform (107)
[2020.01.11-13.16.40:897][909]LogModuleManager: Shutting down and abandoning module LinuxClientTargetPlatform (105)
[2020.01.11-13.16.40:897][909]LogModuleManager: Shutting down and abandoning module TVOSTargetPlatform (103)
[2020.01.11-13.16.40:897][909]LogModuleManager: Shutting down and abandoning module Messaging (101)
[2020.01.11-13.16.40:897][909]LogModuleManager: Shutting down and abandoning module IOSTargetPlatform (99)
[2020.01.11-13.16.40:897][909]LogModuleManager: Shutting down and abandoning module HTML5TargetPlatform (97)
[2020.01.11-13.16.40:897][909]LogModuleManager: Shutting down and abandoning module Android_PVRTCTargetPlatform (95)
[2020.01.11-13.16.40:897][909]LogModuleManager: Shutting down and abandoning module Android_MultiTargetPlatform (93)
[2020.01.11-13.16.40:897][909]LogModuleManager: Shutting down and abandoning module Android_ETC2TargetPlatform (91)
[2020.01.11-13.16.40:897][909]LogModuleManager: Shutting down and abandoning module Android_ETC1TargetPlatform (89)
[2020.01.11-13.16.40:897][909]LogModuleManager: Shutting down and abandoning module Android_DXTTargetPlatform (87)
[2020.01.11-13.16.40:897][909]LogModuleManager: Shutting down and abandoning module Android_ATCTargetPlatform (85)
[2020.01.11-13.16.40:897][909]LogModuleManager: Shutting down and abandoning module Android_ASTCTargetPlatform (83)
[2020.01.11-13.16.40:897][909]LogModuleManager: Shutting down and abandoning module AndroidTargetPlatform (81)
[2020.01.11-13.16.40:897][909]LogModuleManager: Shutting down and abandoning module WindowsTargetPlatform (79)
[2020.01.11-13.16.40:897][909]LogModuleManager: Shutting down and abandoning module WindowsServerTargetPlatform (77)
[2020.01.11-13.16.40:897][909]LogModuleManager: Shutting down and abandoning module WindowsNoEditorTargetPlatform (75)
[2020.01.11-13.16.40:897][909]LogModuleManager: Shutting down and abandoning module WindowsClientTargetPlatform (73)
[2020.01.11-13.16.40:897][909]LogModuleManager: Shutting down and abandoning module MacTargetPlatform (71)
[2020.01.11-13.16.40:897][909]LogModuleManager: Shutting down and abandoning module MacServerTargetPlatform (69)
[2020.01.11-13.16.40:897][909]LogModuleManager: Shutting down and abandoning module MacNoEditorTargetPlatform (67)
[2020.01.11-13.16.40:897][909]LogModuleManager: Shutting down and abandoning module MacClientTargetPlatform (65)
[2020.01.11-13.16.40:897][909]LogModuleManager: Shutting down and abandoning module AllDesktopTargetPlatform (63)
[2020.01.11-13.16.40:897][909]LogModuleManager: Shutting down and abandoning module InputCore (60)
[2020.01.11-13.16.40:898][909]LogModuleManager: Shutting down and abandoning module Settings (58)
[2020.01.11-13.16.40:898][909]LogModuleManager: Shutting down and abandoning module PhysXCooking (56)
[2020.01.11-13.16.40:898][909]LogModuleManager: Shutting down and abandoning module SteamVR (54)
[2020.01.11-13.16.40:898][909]LogModuleManager: Shutting down and abandoning module OculusHMD (52)
[2020.01.11-13.16.40:898][909]LogModuleManager: Shutting down and abandoning module ExampleDeviceProfileSelector (50)
[2020.01.11-13.16.40:898][909]LogModuleManager: Shutting down and abandoning module OnlineBlueprintSupport (48)
[2020.01.11-13.16.40:898][909]LogModuleManager: Shutting down and abandoning module OnlineSubsystem (44)
[2020.01.11-13.16.40:898][909]LogOnline: Display: Unloading online subsystem: NULL
[2020.01.11-13.16.40:898][909]LogModuleManager: Shutting down and abandoning module XMPP (43)
[2020.01.11-13.16.40:898][909]LogModuleManager: Shutting down and abandoning module HTTP (41)
[2020.01.11-13.16.40:898][909]LogHttp: Display: Http module shutting down, but needs to wait on 1 outstanding Http requests:
[2020.01.11-13.16.40:898][909]LogHttp: Display: 	verb=[POST] url=[https://datarouter.ol.epicgames.com/datarouter/api/v1/public/data?SessionID=%7B862B6B2A-42B1-2417-8987-4AAB7B6F1B39%7D&AppID=UEEditor.Rocket.Release&AppVersion=4.17.2-3658906%2B%2B%2BUE4%2BRelease-4.17&UserID=b1000030441f548d482d87b34fc635a5%7Caf8eca7cf2f64770afa50fcfdba1e890%7C67e2f7b9-286c-4a3a-9d32-a96f002b4bb6&AppEnvironment=datacollector-binary&UploadType=eteventstream] status=Processing
[2020.01.11-13.16.40:906][909]LogModuleManager: Shutting down and abandoning module SSL (40)
[2020.01.11-13.16.40:908][909]LogModuleManager: Shutting down and abandoning module AnimationModifiers (36)
[2020.01.11-13.16.40:908][909]LogModuleManager: Shutting down and abandoning module PropertyEditor (35)
[2020.01.11-13.16.40:908][909]LogModuleManager: Shutting down and abandoning module AudioEditor (32)
[2020.01.11-13.16.40:908][909]LogModuleManager: Shutting down and abandoning module TextureCompressor (30)
[2020.01.11-13.16.40:909][909]LogModuleManager: Shutting down and abandoning module ShaderCore (28)
[2020.01.11-13.16.40:909][909]LogModuleManager: Shutting down and abandoning module Landscape (26)
[2020.01.11-13.16.40:909][909]LogModuleManager: Shutting down and abandoning module SlateRHIRenderer (24)
[2020.01.11-13.16.40:910][909]LogModuleManager: Shutting down and abandoning module OpenGLDrv (22)
[2020.01.11-13.16.40:910][909]LogModuleManager: Shutting down and abandoning module D3D11RHI (20)
[2020.01.11-13.16.40:910][909]LogModuleManager: Shutting down and abandoning module AnimGraphRuntime (18)
[2020.01.11-13.16.40:910][909]LogModuleManager: Shutting down and abandoning module Renderer (16)
[2020.01.11-13.16.40:910][909]LogModuleManager: Shutting down and abandoning module Engine (14)
[2020.01.11-13.16.40:910][909]LogModuleManager: Shutting down and abandoning module CoreUObject (12)
[2020.01.11-13.16.40:910][909]LogModuleManager: Shutting down and abandoning module NetworkFile (10)
[2020.01.11-13.16.40:910][909]LogModuleManager: Shutting down and abandoning module CookedIterativeFile (8)
[2020.01.11-13.16.40:910][909]LogModuleManager: Shutting down and abandoning module StreamingFile (6)
[2020.01.11-13.16.40:910][909]LogModuleManager: Shutting down and abandoning module SandboxFile (4)
[2020.01.11-13.16.40:910][909]LogModuleManager: Shutting down and abandoning module PakFile (2)
[2020.01.11-13.16.40:914][909]LogExit: Exiting.
[2020.01.11-13.16.40:929][909]Log file closed, 01/11/20 21:16:40
